<?xml version="1.0" encoding="utf-8"?>
<test-run id="2" testcasecount="152" result="Failed(Child)" total="152" passed="126" failed="23" inconclusive="0" skipped="3" asserts="0" engine-version="3.5.0.0" clr-version="4.0.30319.42000" start-time="2026-02-18 07:19:26Z" end-time="2026-02-18 07:21:08Z" duration="101,7816789">
  <test-suite type="TestSuite" id="1171" name="noctua-sdk-test-project" fullname="noctua-sdk-test-project" runstate="Runnable" testcasecount="152" result="Failed" site="Child" start-time="2026-02-18 07:19:26Z" end-time="2026-02-18 07:21:08Z" duration="101.781679" total="152" passed="126" failed="23" inconclusive="0" skipped="3" asserts="0">
    <properties>
      <property name="platform" value="PlayMode" />
    </properties>
    <failure>
      <message><![CDATA[One or more child tests had errors]]></message>
    </failure>
    <test-suite type="Assembly" id="1167" name="com.noctuagames.sdk.Tests.dll" fullname="C:/Users/User/AppData/Local/Temp/unity_test_j1fhkwtp/TestProject/Library/ScriptAssemblies/com.noctuagames.sdk.Tests.dll" runstate="Runnable" testcasecount="152" result="Failed" site="Child" start-time="2026-02-18 07:19:26Z" end-time="2026-02-18 07:21:08Z" duration="101.773098" total="152" passed="126" failed="23" inconclusive="0" skipped="3" asserts="0">
      <properties>
        <property name="_PID" value="3972" />
        <property name="_APPDOMAIN" value="Unity Child Domain" />
        <property name="platform" value="PlayMode" />
        <property name="EditorOnly" value="False" />
      </properties>
      <failure>
        <message><![CDATA[One or more child tests had errors]]></message>
      </failure>
      <test-suite type="TestFixture" id="1001" name="LoadEventsTests" fullname="LoadEventsTests" classname="LoadEventsTests" runstate="Runnable" testcasecount="4" result="Failed" site="Child" start-time="2026-02-18 07:19:26Z" end-time="2026-02-18 07:20:28Z" duration="61.521270" total="4" passed="3" failed="1" inconclusive="0" skipped="0" asserts="0">
        <properties />
        <failure>
          <message><![CDATA[One or more child tests had errors]]></message>
        </failure>
        <test-suite type="ParameterizedMethod" id="1006" name="Test_LoadEvents_Performance" fullname="LoadEventsTests.Test_LoadEvents_Performance" classname="LoadEventsTests" runstate="Runnable" testcasecount="4" result="Failed" site="Child" start-time="2026-02-18 07:19:26Z" end-time="2026-02-18 07:20:28Z" duration="61.494705" total="4" passed="3" failed="1" inconclusive="0" skipped="0" asserts="0">
          <properties />
          <failure>
            <message><![CDATA[One or more child tests had errors]]></message>
          </failure>
          <test-case id="1002" name="Test_LoadEvents_Performance(100000)" fullname="LoadEventsTests.Test_LoadEvents_Performance(100000)" methodname="Test_LoadEvents_Performance" classname="LoadEventsTests" runstate="Runnable" seed="309549023" result="Passed" start-time="2026-02-18 07:19:26Z" end-time="2026-02-18 07:19:27Z" duration="0.415412" asserts="0">
            <properties>
              <property name="retryIteration" value="0" />
              <property name="repeatIteration" value="0" />
            </properties>
            <output><![CDATA[--- Testing LoadEventsFromPlayerPrefs with 100.000 events ---
LoadEventsFromPlayerPrefs finished in 0,05 seconds
]]></output>
          </test-case>
          <test-case id="1003" name="Test_LoadEvents_Performance(1000000)" fullname="LoadEventsTests.Test_LoadEvents_Performance(1000000)" methodname="Test_LoadEvents_Performance" classname="LoadEventsTests" runstate="Runnable" seed="1811141470" result="Passed" start-time="2026-02-18 07:19:27Z" end-time="2026-02-18 07:19:32Z" duration="5.459649" asserts="0">
            <properties>
              <property name="retryIteration" value="0" />
              <property name="repeatIteration" value="0" />
            </properties>
            <output><![CDATA[--- Testing LoadEventsFromPlayerPrefs with 1.000.000 events ---
LoadEventsFromPlayerPrefs finished in 0,79 seconds
]]></output>
          </test-case>
          <test-case id="1004" name="Test_LoadEvents_Performance(10000000)" fullname="LoadEventsTests.Test_LoadEvents_Performance(10000000)" methodname="Test_LoadEvents_Performance" classname="LoadEventsTests" runstate="Runnable" seed="1072627975" result="Passed" start-time="2026-02-18 07:19:32Z" end-time="2026-02-18 07:20:26Z" duration="54.321510" asserts="0">
            <properties>
              <property name="retryIteration" value="0" />
              <property name="repeatIteration" value="0" />
            </properties>
            <output><![CDATA[--- Testing LoadEventsFromPlayerPrefs with 10.000.000 events ---
LoadEventsFromPlayerPrefs finished in 7,63 seconds
]]></output>
          </test-case>
          <test-case id="1005" name="Test_LoadEvents_Performance(1000000000)" fullname="LoadEventsTests.Test_LoadEvents_Performance(1000000000)" methodname="Test_LoadEvents_Performance" classname="LoadEventsTests" runstate="Runnable" seed="1010901193" result="Failed" label="Error" start-time="2026-02-18 07:20:26Z" end-time="2026-02-18 07:20:28Z" duration="1.207106" asserts="0">
            <properties>
              <property name="retryIteration" value="0" />
              <property name="repeatIteration" value="0" />
            </properties>
            <failure>
              <message><![CDATA[System.OutOfMemoryException : Out of memory]]></message>
              <stack-trace><![CDATA[  at (wrapper managed-to-native) System.Object.__icall_wrapper_ves_icall_array_new_specific(intptr,int)
  at System.Collections.Generic.List`1[T]..ctor (System.Int32 capacity) [0x00021] in <1eb9db207454431c84a47bcd81e79c37>:0 
  at LoadEventsTests.Test_LoadEvents_Performance (System.Int32 eventCount) [0x00015] in C:\Users\User\Documents\noctua-sdk-unity\Packages\com.noctuagames.sdk\Tests\Runtime\LoadEventsTests.cs:27 
  at (wrapper managed-to-native) System.Reflection.RuntimeMethodInfo.InternalInvoke(System.Reflection.RuntimeMethodInfo,object,object[],System.Exception&)
  at System.Reflection.RuntimeMethodInfo.Invoke (System.Object obj, System.Reflection.BindingFlags invokeAttr, System.Reflection.Binder binder, System.Object[] parameters, System.Globalization.CultureInfo culture) [0x0006a] in <1eb9db207454431c84a47bcd81e79c37>:0 ]]></stack-trace>
            </failure>
            <output><![CDATA[--- Testing LoadEventsFromPlayerPrefs with 1.000.000.000 events ---
]]></output>
          </test-case>
        </test-suite>
      </test-suite>
      <test-suite type="TestSuite" id="1168" name="Tests" fullname="Tests" runstate="Runnable" testcasecount="148" result="Failed" site="Child" start-time="2026-02-18 07:20:28Z" end-time="2026-02-18 07:21:08Z" duration="40.248682" total="148" passed="123" failed="22" inconclusive="0" skipped="3" asserts="0">
        <properties />
        <failure>
          <message><![CDATA[One or more child tests had errors]]></message>
        </failure>
        <test-suite type="TestSuite" id="1169" name="Runtime" fullname="Tests.Runtime" runstate="Runnable" testcasecount="148" result="Failed" site="Child" start-time="2026-02-18 07:20:28Z" end-time="2026-02-18 07:21:08Z" duration="40.048947" total="148" passed="123" failed="22" inconclusive="0" skipped="3" asserts="0">
          <properties />
          <failure>
            <message><![CDATA[One or more child tests had errors]]></message>
          </failure>
          <test-suite type="TestFixture" id="1007" name="AccountContainerTest" fullname="Tests.Runtime.AccountContainerTest" classname="Tests.Runtime.AccountContainerTest" runstate="Runnable" testcasecount="14" result="Passed" start-time="2026-02-18 07:20:28Z" end-time="2026-02-18 07:20:29Z" duration="0.902514" total="14" passed="14" failed="0" inconclusive="0" skipped="0" asserts="0">
            <properties />
            <test-case id="1020" name="ContainerWithAccountsFromDifferentGames_LoadAccounts_SortedByLastUpdated" fullname="Tests.Runtime.AccountContainerTest.ContainerWithAccountsFromDifferentGames_LoadAccounts_SortedByLastUpdated" methodname="ContainerWithAccountsFromDifferentGames_LoadAccounts_SortedByLastUpdated" classname="Tests.Runtime.AccountContainerTest" runstate="Runnable" seed="1161119332" result="Passed" start-time="2026-02-18 07:20:28Z" end-time="2026-02-18 07:20:28Z" duration="0.265042" asserts="0">
              <properties>
                <property name="_JOINTYPE" value="UnityCombinatorial" />
                <property name="retryIteration" value="0" />
                <property name="repeatIteration" value="0" />
              </properties>
            </test-case>
            <test-case id="1018" name="ContainerWithAccountsFromDifferentGames_ResetAccounts_OnlyDeletesCurrentGameButClearsMemory" fullname="Tests.Runtime.AccountContainerTest.ContainerWithAccountsFromDifferentGames_ResetAccounts_OnlyDeletesCurrentGameButClearsMemory" methodname="ContainerWithAccountsFromDifferentGames_ResetAccounts_OnlyDeletesCurrentGameButClearsMemory" classname="Tests.Runtime.AccountContainerTest" runstate="Runnable" seed="120799295" result="Passed" start-time="2026-02-18 07:20:28Z" end-time="2026-02-18 07:20:28Z" duration="0.144770" asserts="0">
              <properties>
                <property name="_JOINTYPE" value="UnityCombinatorial" />
                <property name="retryIteration" value="0" />
                <property name="repeatIteration" value="0" />
              </properties>
            </test-case>
            <test-case id="1021" name="ContainerWithAccountsFromTheSameUsers_LoadAccounts_UseLatestUserData" fullname="Tests.Runtime.AccountContainerTest.ContainerWithAccountsFromTheSameUsers_LoadAccounts_UseLatestUserData" methodname="ContainerWithAccountsFromTheSameUsers_LoadAccounts_UseLatestUserData" classname="Tests.Runtime.AccountContainerTest" runstate="Runnable" seed="1349390315" result="Passed" start-time="2026-02-18 07:20:28Z" end-time="2026-02-18 07:20:28Z" duration="0.032106" asserts="0">
              <properties>
                <property name="_JOINTYPE" value="UnityCombinatorial" />
                <property name="retryIteration" value="0" />
                <property name="repeatIteration" value="0" />
              </properties>
            </test-case>
            <test-case id="1011" name="ContainerWithGuestAccount_AddAccountWithTheSamePlayer_GuestRemoved" fullname="Tests.Runtime.AccountContainerTest.ContainerWithGuestAccount_AddAccountWithTheSamePlayer_GuestRemoved" methodname="ContainerWithGuestAccount_AddAccountWithTheSamePlayer_GuestRemoved" classname="Tests.Runtime.AccountContainerTest" runstate="Runnable" seed="1664419559" result="Passed" start-time="2026-02-18 07:20:28Z" end-time="2026-02-18 07:20:29Z" duration="0.207437" asserts="0">
              <properties>
                <property name="_JOINTYPE" value="UnityCombinatorial" />
                <property name="retryIteration" value="0" />
                <property name="repeatIteration" value="0" />
              </properties>
            </test-case>
            <test-case id="1019" name="ContainerWithGuestAccountsInDifferentGames_AccountIsNotLoaded" fullname="Tests.Runtime.AccountContainerTest.ContainerWithGuestAccountsInDifferentGames_AccountIsNotLoaded" methodname="ContainerWithGuestAccountsInDifferentGames_AccountIsNotLoaded" classname="Tests.Runtime.AccountContainerTest" runstate="Runnable" seed="635149470" result="Passed" start-time="2026-02-18 07:20:29Z" end-time="2026-02-18 07:20:29Z" duration="0.015681" asserts="0">
              <properties>
                <property name="_JOINTYPE" value="UnityCombinatorial" />
                <property name="retryIteration" value="0" />
                <property name="repeatIteration" value="0" />
              </properties>
            </test-case>
            <test-case id="1014" name="ContainerWithRecentAccount_AddAccountFromThisGame_AccountIsRecent" fullname="Tests.Runtime.AccountContainerTest.ContainerWithRecentAccount_AddAccountFromThisGame_AccountIsRecent" methodname="ContainerWithRecentAccount_AddAccountFromThisGame_AccountIsRecent" classname="Tests.Runtime.AccountContainerTest" runstate="Runnable" seed="917150184" result="Passed" start-time="2026-02-18 07:20:29Z" end-time="2026-02-18 07:20:29Z" duration="0.022156" asserts="0">
              <properties>
                <property name="_JOINTYPE" value="UnityCombinatorial" />
                <property name="retryIteration" value="0" />
                <property name="repeatIteration" value="0" />
              </properties>
            </test-case>
            <test-case id="1017" name="ContainerWithRecentAccount_AddGuestFromThisGame_AccountIsGuestAndRecent" fullname="Tests.Runtime.AccountContainerTest.ContainerWithRecentAccount_AddGuestFromThisGame_AccountIsGuestAndRecent" methodname="ContainerWithRecentAccount_AddGuestFromThisGame_AccountIsGuestAndRecent" classname="Tests.Runtime.AccountContainerTest" runstate="Runnable" seed="853932099" result="Passed" start-time="2026-02-18 07:20:29Z" end-time="2026-02-18 07:20:29Z" duration="0.017171" asserts="0">
              <properties>
                <property name="_JOINTYPE" value="UnityCombinatorial" />
                <property name="retryIteration" value="0" />
                <property name="repeatIteration" value="0" />
              </properties>
            </test-case>
            <test-case id="1015" name="ContainerWithRecentAccount_AddSameUserFromOtherGame_AddedToPlayerAccounts" fullname="Tests.Runtime.AccountContainerTest.ContainerWithRecentAccount_AddSameUserFromOtherGame_AddedToPlayerAccounts" methodname="ContainerWithRecentAccount_AddSameUserFromOtherGame_AddedToPlayerAccounts" classname="Tests.Runtime.AccountContainerTest" runstate="Runnable" seed="242325934" result="Passed" start-time="2026-02-18 07:20:29Z" end-time="2026-02-18 07:20:29Z" duration="0.017042" asserts="0">
              <properties>
                <property name="_JOINTYPE" value="UnityCombinatorial" />
                <property name="retryIteration" value="0" />
                <property name="repeatIteration" value="0" />
              </properties>
            </test-case>
            <test-case id="1016" name="ContainerWithRecentAccount_AddSameUserFromThisGame_PlayerUpdated" fullname="Tests.Runtime.AccountContainerTest.ContainerWithRecentAccount_AddSameUserFromThisGame_PlayerUpdated" methodname="ContainerWithRecentAccount_AddSameUserFromThisGame_PlayerUpdated" classname="Tests.Runtime.AccountContainerTest" runstate="Runnable" seed="1940492362" result="Passed" start-time="2026-02-18 07:20:29Z" end-time="2026-02-18 07:20:29Z" duration="0.017677" asserts="0">
              <properties>
                <property name="_JOINTYPE" value="UnityCombinatorial" />
                <property name="retryIteration" value="0" />
                <property name="repeatIteration" value="0" />
              </properties>
            </test-case>
            <test-case id="1013" name="EmptyContainer_AddAccountFromOtherGame_AccountIsNotRecentAndPlayerIsNull" fullname="Tests.Runtime.AccountContainerTest.EmptyContainer_AddAccountFromOtherGame_AccountIsNotRecentAndPlayerIsNull" methodname="EmptyContainer_AddAccountFromOtherGame_AccountIsNotRecentAndPlayerIsNull" classname="Tests.Runtime.AccountContainerTest" runstate="Runnable" seed="520682799" result="Passed" start-time="2026-02-18 07:20:29Z" end-time="2026-02-18 07:20:29Z" duration="0.011670" asserts="0">
              <properties>
                <property name="_JOINTYPE" value="UnityCombinatorial" />
                <property name="retryIteration" value="0" />
                <property name="repeatIteration" value="0" />
              </properties>
            </test-case>
            <test-case id="1012" name="EmptyContainer_AddAccountFromThisGame_AccountIsRecent" fullname="Tests.Runtime.AccountContainerTest.EmptyContainer_AddAccountFromThisGame_AccountIsRecent" methodname="EmptyContainer_AddAccountFromThisGame_AccountIsRecent" classname="Tests.Runtime.AccountContainerTest" runstate="Runnable" seed="17072114" result="Passed" start-time="2026-02-18 07:20:29Z" end-time="2026-02-18 07:20:29Z" duration="0.011719" asserts="0">
              <properties>
                <property name="_JOINTYPE" value="UnityCombinatorial" />
                <property name="retryIteration" value="0" />
                <property name="repeatIteration" value="0" />
              </properties>
            </test-case>
            <test-case id="1010" name="EmptyContainer_AddGuestAccount_AccountIsRecent" fullname="Tests.Runtime.AccountContainerTest.EmptyContainer_AddGuestAccount_AccountIsRecent" methodname="EmptyContainer_AddGuestAccount_AccountIsRecent" classname="Tests.Runtime.AccountContainerTest" runstate="Runnable" seed="1223491291" result="Passed" start-time="2026-02-18 07:20:29Z" end-time="2026-02-18 07:20:29Z" duration="0.012869" asserts="0">
              <properties>
                <property name="_JOINTYPE" value="UnityCombinatorial" />
                <property name="retryIteration" value="0" />
                <property name="repeatIteration" value="0" />
              </properties>
            </test-case>
            <test-case id="1009" name="EmptyContainer_LoadAccountsWithDuplicates_SkippedDuplicates" fullname="Tests.Runtime.AccountContainerTest.EmptyContainer_LoadAccountsWithDuplicates_SkippedDuplicates" methodname="EmptyContainer_LoadAccountsWithDuplicates_SkippedDuplicates" classname="Tests.Runtime.AccountContainerTest" runstate="Runnable" seed="13945422" result="Passed" start-time="2026-02-18 07:20:29Z" end-time="2026-02-18 07:20:29Z" duration="0.012295" asserts="0">
              <properties>
                <property name="_JOINTYPE" value="UnityCombinatorial" />
                <property name="retryIteration" value="0" />
                <property name="repeatIteration" value="0" />
              </properties>
            </test-case>
            <test-case id="1008" name="EmptyContainer_NoAccountsAndNoRecentAccount" fullname="Tests.Runtime.AccountContainerTest.EmptyContainer_NoAccountsAndNoRecentAccount" methodname="EmptyContainer_NoAccountsAndNoRecentAccount" classname="Tests.Runtime.AccountContainerTest" runstate="Runnable" seed="759073066" result="Passed" start-time="2026-02-18 07:20:29Z" end-time="2026-02-18 07:20:29Z" duration="0.013097" asserts="0">
              <properties>
                <property name="_JOINTYPE" value="UnityCombinatorial" />
                <property name="retryIteration" value="0" />
                <property name="repeatIteration" value="0" />
              </properties>
            </test-case>
          </test-suite>
          <test-suite type="TestFixture" id="1022" name="AccountStoreWithFallbackTest" fullname="Tests.Runtime.AccountStoreWithFallbackTest" classname="Tests.Runtime.AccountStoreWithFallbackTest" runstate="Runnable" testcasecount="7" result="Passed" start-time="2026-02-18 07:20:29Z" end-time="2026-02-18 07:20:29Z" duration="0.094597" total="7" passed="7" failed="0" inconclusive="0" skipped="0" asserts="0">
            <properties />
            <test-case id="1025" name="AccountStoreWithFallback_OnFail1x_DontSwitchToPlayerPrefs" fullname="Tests.Runtime.AccountStoreWithFallbackTest.AccountStoreWithFallback_OnFail1x_DontSwitchToPlayerPrefs" methodname="AccountStoreWithFallback_OnFail1x_DontSwitchToPlayerPrefs" classname="Tests.Runtime.AccountStoreWithFallbackTest" runstate="Runnable" seed="1701673160" result="Passed" start-time="2026-02-18 07:20:29Z" end-time="2026-02-18 07:20:29Z" duration="0.020138" asserts="0">
              <properties>
                <property name="_JOINTYPE" value="UnityCombinatorial" />
                <property name="retryIteration" value="0" />
                <property name="repeatIteration" value="0" />
              </properties>
            </test-case>
            <test-case id="1026" name="AccountStoreWithFallback_OnFail2x_SwitchToPlayerPrefs" fullname="Tests.Runtime.AccountStoreWithFallbackTest.AccountStoreWithFallback_OnFail2x_SwitchToPlayerPrefs" methodname="AccountStoreWithFallback_OnFail2x_SwitchToPlayerPrefs" classname="Tests.Runtime.AccountStoreWithFallbackTest" runstate="Runnable" seed="764842354" result="Passed" start-time="2026-02-18 07:20:29Z" end-time="2026-02-18 07:20:29Z" duration="0.010194" asserts="0">
              <properties>
                <property name="_JOINTYPE" value="UnityCombinatorial" />
                <property name="retryIteration" value="0" />
                <property name="repeatIteration" value="0" />
              </properties>
            </test-case>
            <test-case id="1027" name="AccountStoreWithFallback_OnFail2xAfterSuccess_SwitchToPlayerPrefs" fullname="Tests.Runtime.AccountStoreWithFallbackTest.AccountStoreWithFallback_OnFail2xAfterSuccess_SwitchToPlayerPrefs" methodname="AccountStoreWithFallback_OnFail2xAfterSuccess_SwitchToPlayerPrefs" classname="Tests.Runtime.AccountStoreWithFallbackTest" runstate="Runnable" seed="114818971" result="Passed" start-time="2026-02-18 07:20:29Z" end-time="2026-02-18 07:20:29Z" duration="0.010837" asserts="0">
              <properties>
                <property name="_JOINTYPE" value="UnityCombinatorial" />
                <property name="retryIteration" value="0" />
                <property name="repeatIteration" value="0" />
              </properties>
            </test-case>
            <test-case id="1023" name="AccountStoreWithFallback_OnThrowExceptionAtLoad_SwitchToPlayerPrefs" fullname="Tests.Runtime.AccountStoreWithFallbackTest.AccountStoreWithFallback_OnThrowExceptionAtLoad_SwitchToPlayerPrefs" methodname="AccountStoreWithFallback_OnThrowExceptionAtLoad_SwitchToPlayerPrefs" classname="Tests.Runtime.AccountStoreWithFallbackTest" runstate="Runnable" seed="1894102533" result="Passed" start-time="2026-02-18 07:20:29Z" end-time="2026-02-18 07:20:29Z" duration="0.013052" asserts="0">
              <properties>
                <property name="_JOINTYPE" value="UnityCombinatorial" />
                <property name="retryIteration" value="0" />
                <property name="repeatIteration" value="0" />
              </properties>
            </test-case>
            <test-case id="1024" name="AccountStoreWithFallback_OnThrowExceptionAtSave_SwitchToPlayerPrefs" fullname="Tests.Runtime.AccountStoreWithFallbackTest.AccountStoreWithFallback_OnThrowExceptionAtSave_SwitchToPlayerPrefs" methodname="AccountStoreWithFallback_OnThrowExceptionAtSave_SwitchToPlayerPrefs" classname="Tests.Runtime.AccountStoreWithFallbackTest" runstate="Runnable" seed="556319431" result="Passed" start-time="2026-02-18 07:20:29Z" end-time="2026-02-18 07:20:29Z" duration="0.009503" asserts="0">
              <properties>
                <property name="_JOINTYPE" value="UnityCombinatorial" />
                <property name="retryIteration" value="0" />
                <property name="repeatIteration" value="0" />
              </properties>
            </test-case>
            <test-case id="1029" name="AccountStoreWithFallback_UseFallbackAtStartup_NeverWritesToMainStore" fullname="Tests.Runtime.AccountStoreWithFallbackTest.AccountStoreWithFallback_UseFallbackAtStartup_NeverWritesToMainStore" methodname="AccountStoreWithFallback_UseFallbackAtStartup_NeverWritesToMainStore" classname="Tests.Runtime.AccountStoreWithFallbackTest" runstate="Runnable" seed="655462194" result="Passed" start-time="2026-02-18 07:20:29Z" end-time="2026-02-18 07:20:29Z" duration="0.009289" asserts="0">
              <properties>
                <property name="_JOINTYPE" value="UnityCombinatorial" />
                <property name="retryIteration" value="0" />
                <property name="repeatIteration" value="0" />
              </properties>
            </test-case>
            <test-case id="1028" name="EmptyContainer_UpdatingPlayer_DontSwitchToFallback" fullname="Tests.Runtime.AccountStoreWithFallbackTest.EmptyContainer_UpdatingPlayer_DontSwitchToFallback" methodname="EmptyContainer_UpdatingPlayer_DontSwitchToFallback" classname="Tests.Runtime.AccountStoreWithFallbackTest" runstate="Runnable" seed="66193172" result="Passed" start-time="2026-02-18 07:20:29Z" end-time="2026-02-18 07:20:29Z" duration="0.008770" asserts="0">
              <properties>
                <property name="_JOINTYPE" value="UnityCombinatorial" />
                <property name="retryIteration" value="0" />
                <property name="repeatIteration" value="0" />
              </properties>
            </test-case>
          </test-suite>
          <test-suite type="TestFixture" id="1030" name="AuthenticationTest" fullname="Tests.Runtime.AuthenticationTest" classname="Tests.Runtime.AuthenticationTest" runstate="Runnable" testcasecount="2" result="Skipped" label="Ignored" start-time="2026-02-18 07:20:29Z" end-time="2026-02-18 07:20:29Z" duration="0.004345" total="2" passed="0" failed="0" inconclusive="0" skipped="2" asserts="0">
            <properties />
            <reason>
              <message><![CDATA[One or more child tests were ignored]]></message>
            </reason>
            <test-case id="1031" name="AccountChanged_RaiseEvent" fullname="Tests.Runtime.AuthenticationTest.AccountChanged_RaiseEvent" methodname="AccountChanged_RaiseEvent" classname="Tests.Runtime.AuthenticationTest" runstate="Ignored" seed="239351655" result="Skipped" label="Ignored" start-time="2026-02-18 07:20:29Z" end-time="2026-02-18 07:20:29Z" duration="0.001250" asserts="0">
              <properties>
                <property name="_SKIPREASON" value="Requires full SDK resources (NoctuaPanelSettings) and a live backend server." />
                <property name="_JOINTYPE" value="UnityCombinatorial" />
              </properties>
              <reason>
                <message><![CDATA[Requires full SDK resources (NoctuaPanelSettings) and a live backend server.]]></message>
              </reason>
            </test-case>
            <test-case id="1032" name="ExistingUser_SetLanguageFromLocale_RaiseOnLanguageChanged" fullname="Tests.Runtime.AuthenticationTest.ExistingUser_SetLanguageFromLocale_RaiseOnLanguageChanged" methodname="ExistingUser_SetLanguageFromLocale_RaiseOnLanguageChanged" classname="Tests.Runtime.AuthenticationTest" runstate="Ignored" seed="1941143115" result="Skipped" label="Ignored" start-time="2026-02-18 07:20:29Z" end-time="2026-02-18 07:20:29Z" duration="0.000332" asserts="0">
              <properties>
                <property name="_SKIPREASON" value="Requires full SDK resources (NoctuaPanelSettings) and a live backend server." />
                <property name="_JOINTYPE" value="UnityCombinatorial" />
              </properties>
              <reason>
                <message><![CDATA[Requires full SDK resources (NoctuaPanelSettings) and a live backend server.]]></message>
              </reason>
            </test-case>
          </test-suite>
          <test-suite type="TestFixture" id="1033" name="ClaimRedeemCodeTest" fullname="Tests.Runtime.ClaimRedeemCodeTest" classname="Tests.Runtime.ClaimRedeemCodeTest" runstate="Runnable" testcasecount="13" result="Skipped" label="Ignored" start-time="2026-02-18 07:20:29Z" end-time="2026-02-18 07:20:29Z" duration="0.148024" total="13" passed="12" failed="0" inconclusive="0" skipped="1" asserts="0">
            <properties />
            <reason>
              <message><![CDATA[One or more child tests were ignored]]></message>
            </reason>
            <test-case id="1046" name="ClaimRedeem_ValidCode_ReturnsOrderIds" fullname="Tests.Runtime.ClaimRedeemCodeTest.ClaimRedeem_ValidCode_ReturnsOrderIds" methodname="ClaimRedeem_ValidCode_ReturnsOrderIds" classname="Tests.Runtime.ClaimRedeemCodeTest" runstate="Ignored" seed="1063331713" result="Skipped" label="Ignored" start-time="2026-02-18 07:20:29Z" end-time="2026-02-18 07:20:29Z" duration="0.000011" asserts="0">
              <properties>
                <property name="_SKIPREASON" value="Requires full SDK resources and a live backend server." />
                <property name="_JOINTYPE" value="UnityCombinatorial" />
              </properties>
              <reason>
                <message><![CDATA[Requires full SDK resources and a live backend server.]]></message>
              </reason>
            </test-case>
            <test-case id="1041" name="ErrorResponse_Deserialization_AlreadyClaimed" fullname="Tests.Runtime.ClaimRedeemCodeTest.ErrorResponse_Deserialization_AlreadyClaimed" methodname="ErrorResponse_Deserialization_AlreadyClaimed" classname="Tests.Runtime.ClaimRedeemCodeTest" runstate="Runnable" seed="783675436" result="Passed" start-time="2026-02-18 07:20:29Z" end-time="2026-02-18 07:20:29Z" duration="0.038379" asserts="0">
              <properties>
                <property name="_JOINTYPE" value="UnityCombinatorial" />
                <property name="retryIteration" value="0" />
                <property name="repeatIteration" value="0" />
              </properties>
            </test-case>
            <test-case id="1040" name="ErrorResponse_Deserialization_CodeNotFound" fullname="Tests.Runtime.ClaimRedeemCodeTest.ErrorResponse_Deserialization_CodeNotFound" methodname="ErrorResponse_Deserialization_CodeNotFound" classname="Tests.Runtime.ClaimRedeemCodeTest" runstate="Runnable" seed="4088481" result="Passed" start-time="2026-02-18 07:20:29Z" end-time="2026-02-18 07:20:29Z" duration="0.004681" asserts="0">
              <properties>
                <property name="_JOINTYPE" value="UnityCombinatorial" />
                <property name="retryIteration" value="0" />
                <property name="repeatIteration" value="0" />
              </properties>
            </test-case>
            <test-case id="1042" name="ErrorResponse_Deserialization_Expired" fullname="Tests.Runtime.ClaimRedeemCodeTest.ErrorResponse_Deserialization_Expired" methodname="ErrorResponse_Deserialization_Expired" classname="Tests.Runtime.ClaimRedeemCodeTest" runstate="Runnable" seed="1911123769" result="Passed" start-time="2026-02-18 07:20:29Z" end-time="2026-02-18 07:20:29Z" duration="0.004927" asserts="0">
              <properties>
                <property name="_JOINTYPE" value="UnityCombinatorial" />
                <property name="retryIteration" value="0" />
                <property name="repeatIteration" value="0" />
              </properties>
            </test-case>
            <test-case id="1043" name="ErrorResponse_Deserialization_Revoked" fullname="Tests.Runtime.ClaimRedeemCodeTest.ErrorResponse_Deserialization_Revoked" methodname="ErrorResponse_Deserialization_Revoked" classname="Tests.Runtime.ClaimRedeemCodeTest" runstate="Runnable" seed="1411688087" result="Passed" start-time="2026-02-18 07:20:29Z" end-time="2026-02-18 07:20:29Z" duration="0.004546" asserts="0">
              <properties>
                <property name="_JOINTYPE" value="UnityCombinatorial" />
                <property name="retryIteration" value="0" />
                <property name="repeatIteration" value="0" />
              </properties>
            </test-case>
            <test-case id="1044" name="ErrorResponse_Deserialization_UserRestricted" fullname="Tests.Runtime.ClaimRedeemCodeTest.ErrorResponse_Deserialization_UserRestricted" methodname="ErrorResponse_Deserialization_UserRestricted" classname="Tests.Runtime.ClaimRedeemCodeTest" runstate="Runnable" seed="1386854088" result="Passed" start-time="2026-02-18 07:20:29Z" end-time="2026-02-18 07:20:29Z" duration="0.005095" asserts="0">
              <properties>
                <property name="_JOINTYPE" value="UnityCombinatorial" />
                <property name="retryIteration" value="0" />
                <property name="repeatIteration" value="0" />
              </properties>
            </test-case>
            <test-case id="1035" name="Request_Deserialization_RoundTrip" fullname="Tests.Runtime.ClaimRedeemCodeTest.Request_Deserialization_RoundTrip" methodname="Request_Deserialization_RoundTrip" classname="Tests.Runtime.ClaimRedeemCodeTest" runstate="Runnable" seed="150070346" result="Passed" start-time="2026-02-18 07:20:29Z" end-time="2026-02-18 07:20:29Z" duration="0.007457" asserts="0">
              <properties>
                <property name="_JOINTYPE" value="UnityCombinatorial" />
                <property name="retryIteration" value="0" />
                <property name="repeatIteration" value="0" />
              </properties>
            </test-case>
            <test-case id="1034" name="Request_Serialization_CorrectJsonKeys" fullname="Tests.Runtime.ClaimRedeemCodeTest.Request_Serialization_CorrectJsonKeys" methodname="Request_Serialization_CorrectJsonKeys" classname="Tests.Runtime.ClaimRedeemCodeTest" runstate="Runnable" seed="1980959301" result="Passed" start-time="2026-02-18 07:20:29Z" end-time="2026-02-18 07:20:29Z" duration="0.004755" asserts="0">
              <properties>
                <property name="_JOINTYPE" value="UnityCombinatorial" />
                <property name="retryIteration" value="0" />
                <property name="repeatIteration" value="0" />
              </properties>
            </test-case>
            <test-case id="1037" name="Response_Deserialization_EmptyOrderIds" fullname="Tests.Runtime.ClaimRedeemCodeTest.Response_Deserialization_EmptyOrderIds" methodname="Response_Deserialization_EmptyOrderIds" classname="Tests.Runtime.ClaimRedeemCodeTest" runstate="Runnable" seed="420025550" result="Passed" start-time="2026-02-18 07:20:29Z" end-time="2026-02-18 07:20:29Z" duration="0.026840" asserts="0">
              <properties>
                <property name="_JOINTYPE" value="UnityCombinatorial" />
                <property name="retryIteration" value="0" />
                <property name="repeatIteration" value="0" />
              </properties>
            </test-case>
            <test-case id="1039" name="Response_Deserialization_FailureResponse" fullname="Tests.Runtime.ClaimRedeemCodeTest.Response_Deserialization_FailureResponse" methodname="Response_Deserialization_FailureResponse" classname="Tests.Runtime.ClaimRedeemCodeTest" runstate="Runnable" seed="1528186507" result="Passed" start-time="2026-02-18 07:20:29Z" end-time="2026-02-18 07:20:29Z" duration="0.004522" asserts="0">
              <properties>
                <property name="_JOINTYPE" value="UnityCombinatorial" />
                <property name="retryIteration" value="0" />
                <property name="repeatIteration" value="0" />
              </properties>
            </test-case>
            <test-case id="1038" name="Response_Deserialization_NullMessage" fullname="Tests.Runtime.ClaimRedeemCodeTest.Response_Deserialization_NullMessage" methodname="Response_Deserialization_NullMessage" classname="Tests.Runtime.ClaimRedeemCodeTest" runstate="Runnable" seed="1393412748" result="Passed" start-time="2026-02-18 07:20:29Z" end-time="2026-02-18 07:20:29Z" duration="0.005703" asserts="0">
              <properties>
                <property name="_JOINTYPE" value="UnityCombinatorial" />
                <property name="retryIteration" value="0" />
                <property name="repeatIteration" value="0" />
              </properties>
            </test-case>
            <test-case id="1036" name="Response_Deserialization_Success" fullname="Tests.Runtime.ClaimRedeemCodeTest.Response_Deserialization_Success" methodname="Response_Deserialization_Success" classname="Tests.Runtime.ClaimRedeemCodeTest" runstate="Runnable" seed="1099346693" result="Passed" start-time="2026-02-18 07:20:29Z" end-time="2026-02-18 07:20:29Z" duration="0.004851" asserts="0">
              <properties>
                <property name="_JOINTYPE" value="UnityCombinatorial" />
                <property name="retryIteration" value="0" />
                <property name="repeatIteration" value="0" />
              </properties>
            </test-case>
            <test-case id="1045" name="Response_Deserialization_WithDataEnvelope" fullname="Tests.Runtime.ClaimRedeemCodeTest.Response_Deserialization_WithDataEnvelope" methodname="Response_Deserialization_WithDataEnvelope" classname="Tests.Runtime.ClaimRedeemCodeTest" runstate="Runnable" seed="2100686651" result="Passed" start-time="2026-02-18 07:20:29Z" end-time="2026-02-18 07:20:29Z" duration="0.013664" asserts="0">
              <properties>
                <property name="_JOINTYPE" value="UnityCombinatorial" />
                <property name="retryIteration" value="0" />
                <property name="repeatIteration" value="0" />
              </properties>
            </test-case>
          </test-suite>
          <test-suite type="TestFixture" id="1047" name="DefaultNativePluginTest" fullname="Tests.Runtime.DefaultNativePluginTest" classname="Tests.Runtime.DefaultNativePluginTest" runstate="Runnable" testcasecount="13" result="Passed" start-time="2026-02-18 07:20:29Z" end-time="2026-02-18 07:20:29Z" duration="0.208059" total="13" passed="13" failed="0" inconclusive="0" skipped="0" asserts="0">
            <properties />
            <test-case id="1054" name="DeleteAccount_NonExistent_Returns1" fullname="Tests.Runtime.DefaultNativePluginTest.DeleteAccount_NonExistent_Returns1" methodname="DeleteAccount_NonExistent_Returns1" classname="Tests.Runtime.DefaultNativePluginTest" runstate="Runnable" seed="481412040" result="Passed" start-time="2026-02-18 07:20:29Z" end-time="2026-02-18 07:20:29Z" duration="0.016654" asserts="0">
              <properties>
                <property name="_JOINTYPE" value="UnityCombinatorial" />
                <property name="retryIteration" value="0" />
                <property name="repeatIteration" value="0" />
              </properties>
            </test-case>
            <test-case id="1053" name="DeleteAccount_RemovesAccount" fullname="Tests.Runtime.DefaultNativePluginTest.DeleteAccount_RemovesAccount" methodname="DeleteAccount_RemovesAccount" classname="Tests.Runtime.DefaultNativePluginTest" runstate="Runnable" seed="463139634" result="Passed" start-time="2026-02-18 07:20:29Z" end-time="2026-02-18 07:20:29Z" duration="0.008000" asserts="0">
              <properties>
                <property name="_JOINTYPE" value="UnityCombinatorial" />
                <property name="retryIteration" value="0" />
                <property name="repeatIteration" value="0" />
              </properties>
            </test-case>
            <test-case id="1049" name="GetAccounts_CorruptJson_ReturnsEmptyList" fullname="Tests.Runtime.DefaultNativePluginTest.GetAccounts_CorruptJson_ReturnsEmptyList" methodname="GetAccounts_CorruptJson_ReturnsEmptyList" classname="Tests.Runtime.DefaultNativePluginTest" runstate="Runnable" seed="305649959" result="Passed" start-time="2026-02-18 07:20:29Z" end-time="2026-02-18 07:20:29Z" duration="0.018968" asserts="0">
              <properties>
                <property name="_JOINTYPE" value="UnityCombinatorial" />
                <property name="retryIteration" value="0" />
                <property name="repeatIteration" value="0" />
              </properties>
            </test-case>
            <test-case id="1048" name="GetAccounts_Empty_ReturnsEmptyList" fullname="Tests.Runtime.DefaultNativePluginTest.GetAccounts_Empty_ReturnsEmptyList" methodname="GetAccounts_Empty_ReturnsEmptyList" classname="Tests.Runtime.DefaultNativePluginTest" runstate="Runnable" seed="35748153" result="Passed" start-time="2026-02-18 07:20:29Z" end-time="2026-02-18 07:20:29Z" duration="0.006987" asserts="0">
              <properties>
                <property name="_JOINTYPE" value="UnityCombinatorial" />
                <property name="retryIteration" value="0" />
                <property name="repeatIteration" value="0" />
              </properties>
            </test-case>
            <test-case id="1059" name="GetAdjustAttribution_ReturnsEmpty" fullname="Tests.Runtime.DefaultNativePluginTest.GetAdjustAttribution_ReturnsEmpty" methodname="GetAdjustAttribution_ReturnsEmpty" classname="Tests.Runtime.DefaultNativePluginTest" runstate="Runnable" seed="1536640168" result="Passed" start-time="2026-02-18 07:20:29Z" end-time="2026-02-18 07:20:29Z" duration="0.007721" asserts="0">
              <properties>
                <property name="_JOINTYPE" value="UnityCombinatorial" />
                <property name="retryIteration" value="0" />
                <property name="repeatIteration" value="0" />
              </properties>
            </test-case>
            <test-case id="1056" name="GetFirebaseRemoteConfigBoolean_ReturnsFalse" fullname="Tests.Runtime.DefaultNativePluginTest.GetFirebaseRemoteConfigBoolean_ReturnsFalse" methodname="GetFirebaseRemoteConfigBoolean_ReturnsFalse" classname="Tests.Runtime.DefaultNativePluginTest" runstate="Runnable" seed="1483204176" result="Passed" start-time="2026-02-18 07:20:29Z" end-time="2026-02-18 07:20:29Z" duration="0.017099" asserts="0">
              <properties>
                <property name="_JOINTYPE" value="UnityCombinatorial" />
                <property name="retryIteration" value="0" />
                <property name="repeatIteration" value="0" />
              </properties>
            </test-case>
            <test-case id="1057" name="GetFirebaseRemoteConfigDouble_ReturnsZero" fullname="Tests.Runtime.DefaultNativePluginTest.GetFirebaseRemoteConfigDouble_ReturnsZero" methodname="GetFirebaseRemoteConfigDouble_ReturnsZero" classname="Tests.Runtime.DefaultNativePluginTest" runstate="Runnable" seed="17408784" result="Passed" start-time="2026-02-18 07:20:29Z" end-time="2026-02-18 07:20:29Z" duration="0.014804" asserts="0">
              <properties>
                <property name="_JOINTYPE" value="UnityCombinatorial" />
                <property name="retryIteration" value="0" />
                <property name="repeatIteration" value="0" />
              </properties>
            </test-case>
            <test-case id="1058" name="GetFirebaseRemoteConfigLong_ReturnsZero" fullname="Tests.Runtime.DefaultNativePluginTest.GetFirebaseRemoteConfigLong_ReturnsZero" methodname="GetFirebaseRemoteConfigLong_ReturnsZero" classname="Tests.Runtime.DefaultNativePluginTest" runstate="Runnable" seed="470455824" result="Passed" start-time="2026-02-18 07:20:29Z" end-time="2026-02-18 07:20:29Z" duration="0.006160" asserts="0">
              <properties>
                <property name="_JOINTYPE" value="UnityCombinatorial" />
                <property name="retryIteration" value="0" />
                <property name="repeatIteration" value="0" />
              </properties>
            </test-case>
            <test-case id="1055" name="GetFirebaseRemoteConfigString_ReturnsEmpty" fullname="Tests.Runtime.DefaultNativePluginTest.GetFirebaseRemoteConfigString_ReturnsEmpty" methodname="GetFirebaseRemoteConfigString_ReturnsEmpty" classname="Tests.Runtime.DefaultNativePluginTest" runstate="Runnable" seed="414499584" result="Passed" start-time="2026-02-18 07:20:29Z" end-time="2026-02-18 07:20:29Z" duration="0.012567" asserts="0">
              <properties>
                <property name="_JOINTYPE" value="UnityCombinatorial" />
                <property name="retryIteration" value="0" />
                <property name="repeatIteration" value="0" />
              </properties>
            </test-case>
            <test-case id="1051" name="PutAccount_Duplicate_ReplacesExisting" fullname="Tests.Runtime.DefaultNativePluginTest.PutAccount_Duplicate_ReplacesExisting" methodname="PutAccount_Duplicate_ReplacesExisting" classname="Tests.Runtime.DefaultNativePluginTest" runstate="Runnable" seed="1419837389" result="Passed" start-time="2026-02-18 07:20:29Z" end-time="2026-02-18 07:20:29Z" duration="0.010966" asserts="0">
              <properties>
                <property name="_JOINTYPE" value="UnityCombinatorial" />
                <property name="retryIteration" value="0" />
                <property name="repeatIteration" value="0" />
              </properties>
            </test-case>
            <test-case id="1050" name="PutAccount_GetAccount_RoundTrip" fullname="Tests.Runtime.DefaultNativePluginTest.PutAccount_GetAccount_RoundTrip" methodname="PutAccount_GetAccount_RoundTrip" classname="Tests.Runtime.DefaultNativePluginTest" runstate="Runnable" seed="946565731" result="Passed" start-time="2026-02-18 07:20:29Z" end-time="2026-02-18 07:20:29Z" duration="0.035290" asserts="0">
              <properties>
                <property name="_JOINTYPE" value="UnityCombinatorial" />
                <property name="retryIteration" value="0" />
                <property name="repeatIteration" value="0" />
              </properties>
            </test-case>
            <test-case id="1052" name="PutAccount_MultipleAccounts_AllStored" fullname="Tests.Runtime.DefaultNativePluginTest.PutAccount_MultipleAccounts_AllStored" methodname="PutAccount_MultipleAccounts_AllStored" classname="Tests.Runtime.DefaultNativePluginTest" runstate="Runnable" seed="813355382" result="Passed" start-time="2026-02-18 07:20:29Z" end-time="2026-02-18 07:20:29Z" duration="0.007302" asserts="0">
              <properties>
                <property name="_JOINTYPE" value="UnityCombinatorial" />
                <property name="retryIteration" value="0" />
                <property name="repeatIteration" value="0" />
              </properties>
            </test-case>
            <test-case id="1060" name="ShowDatePicker_ThrowsNotImplementedException" fullname="Tests.Runtime.DefaultNativePluginTest.ShowDatePicker_ThrowsNotImplementedException" methodname="ShowDatePicker_ThrowsNotImplementedException" classname="Tests.Runtime.DefaultNativePluginTest" runstate="Runnable" seed="983102505" result="Passed" start-time="2026-02-18 07:20:29Z" end-time="2026-02-18 07:20:29Z" duration="0.011739" asserts="0">
              <properties>
                <property name="_JOINTYPE" value="UnityCombinatorial" />
                <property name="retryIteration" value="0" />
                <property name="repeatIteration" value="0" />
              </properties>
            </test-case>
          </test-suite>
          <test-suite type="TestFixture" id="1061" name="EventTest" fullname="Tests.Runtime.EventTest" classname="Tests.Runtime.EventTest" runstate="Runnable" testcasecount="15" result="Failed" site="Child" start-time="2026-02-18 07:20:29Z" end-time="2026-02-18 07:21:07Z" duration="38.051847" total="15" passed="0" failed="15" inconclusive="0" skipped="0" asserts="0">
            <properties />
            <failure>
              <message><![CDATA[One or more child tests had errors]]></message>
            </failure>
            <output><![CDATA[HttpMockServer started.
]]></output>
            <test-case id="1076" name="EventOrdering_MultipleEvents_ArriveInOrder" fullname="Tests.Runtime.EventTest.EventOrdering_MultipleEvents_ArriveInOrder" methodname="EventOrdering_MultipleEvents_ArriveInOrder" classname="Tests.Runtime.EventTest" runstate="Runnable" seed="868294438" result="Failed" start-time="2026-02-18 07:20:29Z" end-time="2026-02-18 07:20:32Z" duration="2.801694" asserts="0">
              <properties>
                <property name="_JOINTYPE" value="UnityCombinatorial" />
                <property name="retryIteration" value="0" />
                <property name="repeatIteration" value="0" />
              </properties>
              <failure>
                <message><![CDATA[Unhandled log message: '[Error] EventSender.SendEvents: Failed to send events to server: Object reference not set to an instance of an object'. Use UnityEngine.TestTools.LogAssert.Expect]]></message>
                <stack-trace><![CDATA[com.noctuagames.sdk.UnityLogSink:Emit (Serilog.Events.LogEvent) (at C:/Users/User/Documents/noctua-sdk-unity/Packages/com.noctuagames.sdk/Runtime/Log.cs:127)
Serilog.Core.Sinks.SafeAggregateSink:Emit (Serilog.Events.LogEvent)
Serilog.Core.Logger:Dispatch (Serilog.Events.LogEvent)
Serilog.Core.Logger:Write (Serilog.Events.LogEventLevel,System.Exception,string,object[])
Serilog.Core.Logger:Write (Serilog.Events.LogEventLevel,string,object[])
Serilog.Core.Logger:Write (Serilog.Events.LogEventLevel,string)
Serilog.Log:Write (Serilog.Events.LogEventLevel,string)
Serilog.Log:Error (string)
com.noctuagames.sdk.NoctuaLogger:Error (string,string) (at C:/Users/User/Documents/noctua-sdk-unity/Packages/com.noctuagames.sdk/Runtime/Log.cs:104)
com.noctuagames.sdk.Events.EventSender/<SendEvents>d__39:MoveNext () (at C:/Users/User/Documents/noctua-sdk-unity/Packages/com.noctuagames.sdk/Runtime/Events/EventSender.cs:570)
Cysharp.Threading.Tasks.CompilerServices.AsyncUniTask`1<com.noctuagames.sdk.Events.EventSender/<SendEvents>d__39>:Run () (at C:/Users/User/Documents/noctua-sdk-unity/Packages/com.noctuagames.sdk/Runtime/Plugins/UniTask/Runtime/CompilerServices/StateMachineRunner.cs:189)
Cysharp.Threading.Tasks.AwaiterActions:Continuation (object) (at C:/Users/User/Documents/noctua-sdk-unity/Packages/com.noctuagames.sdk/Runtime/Plugins/UniTask/Runtime/UniTask.cs:25)
Cysharp.Threading.Tasks.UniTaskCompletionSourceCore`1<object>:TrySetResult (object) (at C:/Users/User/Documents/noctua-sdk-unity/Packages/com.noctuagames.sdk/Runtime/Plugins/UniTask/Runtime/UniTaskCompletionSource.cs:139)
Cysharp.Threading.Tasks.UniTask/DelayPromise:MoveNext () (at C:/Users/User/Documents/noctua-sdk-unity/Packages/com.noctuagames.sdk/Runtime/Plugins/UniTask/Runtime/UniTask.Delay.cs:790)
Cysharp.Threading.Tasks.Internal.PlayerLoopRunner:RunCore () (at C:/Users/User/Documents/noctua-sdk-unity/Packages/com.noctuagames.sdk/Runtime/Plugins/UniTask/Runtime/Internal/PlayerLoopRunner.cs:175)
Cysharp.Threading.Tasks.Internal.PlayerLoopRunner:Update () (at C:/Users/User/Documents/noctua-sdk-unity/Packages/com.noctuagames.sdk/Runtime/Plugins/UniTask/Runtime/Internal/PlayerLoopRunner.cs:145)
Cysharp.Threading.Tasks.Internal.PlayerLoopRunner:Run () (at C:/Users/User/Documents/noctua-sdk-unity/Packages/com.noctuagames.sdk/Runtime/Plugins/UniTask/Runtime/Internal/PlayerLoopRunner.cs:104)

]]></stack-trace>
              </failure>
              <output><![CDATA[Loading config from: C:/Users/User/AppData/Local/Temp/unity_test_j1fhkwtp/TestProject/Assets/StreamingAssets\noctuagg.json
Loading streaming assets in Android by using UnityWebRequest: C:/Users/User/AppData/Local/Temp/unity_test_j1fhkwtp/TestProject/Assets/StreamingAssets\noctuagg.json
NoctuaLocale.GetLanguage: PlayerPrefsKeyUserPrefsLanguage is empty
NoctuaLocale.GetLanguage: Using language by system language
Noctua..ctor: _nativePlugin type: com.noctuagames.sdk.DefaultNativePlugin
EventSender.LoadEventsFromLocalStorageAsync: Loading NoctuaEvents from native local storage
EventSender.LoadEventsFromLocalStorageAsync: Total loaded events from local storage: 0
EventSender.GetCountryIDAsync: Failed to get country ID from GeoIP: Object reference not set to an instance of an object
EventSender.GetCountryIDFromCloudflareTraceAsync: Domain extracted from baseUrl: sdk-tracker.noctuaprojects.com
EventSender.GetCountryIDAsync: Failed to get country ID from Cloudflare Trace: Object reference not set to an instance of an object
EventSender.Send: queued event '2026-02-18T07:20:32.5932669Z|ordered_event_0|4e170e12a185383291575765812a1d14f3104e7b|||'
EventSender.Send: ordered_event_0 added to the queue. Current total event in queue: 1
EventSender.Send: Checking internet connection status after sending event
EventSender.GetCountryIDAsync: Failed to get country ID from GeoIP: Object reference not set to an instance of an object
EventSender.GetCountryIDFromCloudflareTraceAsync: Domain extracted from baseUrl: sdk-tracker.noctuaprojects.com
EventSender.GetCountryIDAsync: Failed to get country ID from Cloudflare Trace: Object reference not set to an instance of an object
EventSender.Send: queued event '2026-02-18T07:20:32.6002669Z|ordered_event_1|4e170e12a185383291575765812a1d14f3104e7b|||'
EventSender.Send: ordered_event_1 added to the queue. Current total event in queue: 2
EventSender.GetCountryIDAsync: Failed to get country ID from GeoIP: Object reference not set to an instance of an object
EventSender.GetCountryIDFromCloudflareTraceAsync: Domain extracted from baseUrl: sdk-tracker.noctuaprojects.com
EventSender.GetCountryIDAsync: Failed to get country ID from Cloudflare Trace: Object reference not set to an instance of an object
EventSender.Send: queued event '2026-02-18T07:20:32.6022669Z|ordered_event_2|4e170e12a185383291575765812a1d14f3104e7b|||'
EventSender.Send: ordered_event_2 added to the queue. Current total event in queue: 3
EventSender.GetCountryIDAsync: Failed to get country ID from GeoIP: Object reference not set to an instance of an object
EventSender.GetCountryIDFromCloudflareTraceAsync: Domain extracted from baseUrl: sdk-tracker.noctuaprojects.com
EventSender.GetCountryIDAsync: Failed to get country ID from Cloudflare Trace: Object reference not set to an instance of an object
EventSender.Send: queued event '2026-02-18T07:20:32.6042669Z|ordered_event_3|4e170e12a185383291575765812a1d14f3104e7b|||'
EventSender.Send: ordered_event_3 added to the queue. Current total event in queue: 4
EventSender.GetCountryIDAsync: Failed to get country ID from GeoIP: Object reference not set to an instance of an object
EventSender.GetCountryIDFromCloudflareTraceAsync: Domain extracted from baseUrl: sdk-tracker.noctuaprojects.com
EventSender.GetCountryIDAsync: Failed to get country ID from Cloudflare Trace: Object reference not set to an instance of an object
EventSender.Send: queued event '2026-02-18T07:20:32.6062669Z|ordered_event_4|4e170e12a185383291575765812a1d14f3104e7b|||'
EventSender.Send: ordered_event_4 added to the queue. Current total event in queue: 5
EventSender.SendEvents: Batch size: 100, events to be send: 5, events in the queue: 0
EventSender.SendEvents: Failed to send events to server: Object reference not set to an instance of an object
EventSender.SendEvents: Re-enqueueing events back to the queue due to failure
EventSender.SendEvents: Batch size: 100, events to be send: 5, events in the queue: 0
EventSender.SendEvents: Failed to send events to server: Object reference not set to an instance of an object
EventSender.SendEvents: Re-enqueueing events back to the queue due to failure
]]></output>
            </test-case>
            <test-case id="1075" name="FlushRaceCondition_ConcurrentFlushAndSendLoop_NoDataLoss" fullname="Tests.Runtime.EventTest.FlushRaceCondition_ConcurrentFlushAndSendLoop_NoDataLoss" methodname="FlushRaceCondition_ConcurrentFlushAndSendLoop_NoDataLoss" classname="Tests.Runtime.EventTest" runstate="Runnable" seed="2067376510" result="Failed" start-time="2026-02-18 07:20:32Z" end-time="2026-02-18 07:20:35Z" duration="2.494560" asserts="0">
              <properties>
                <property name="_JOINTYPE" value="UnityCombinatorial" />
                <property name="retryIteration" value="0" />
                <property name="repeatIteration" value="0" />
              </properties>
              <failure>
                <message><![CDATA[SetUp : Unhandled log message: '[Error] EventSender.SendEvents: Failed to send events to server: Object reference not set to an instance of an object'. Use UnityEngine.TestTools.LogAssert.Expect]]></message>
                <stack-trace><![CDATA[com.noctuagames.sdk.UnityLogSink:Emit (Serilog.Events.LogEvent) (at C:/Users/User/Documents/noctua-sdk-unity/Packages/com.noctuagames.sdk/Runtime/Log.cs:127)
Serilog.Core.Sinks.SafeAggregateSink:Emit (Serilog.Events.LogEvent)
Serilog.Core.Logger:Dispatch (Serilog.Events.LogEvent)
Serilog.Core.Logger:Write (Serilog.Events.LogEventLevel,System.Exception,string,object[])
Serilog.Core.Logger:Write (Serilog.Events.LogEventLevel,string,object[])
Serilog.Core.Logger:Write (Serilog.Events.LogEventLevel,string)
Serilog.Log:Write (Serilog.Events.LogEventLevel,string)
Serilog.Log:Error (string)
com.noctuagames.sdk.NoctuaLogger:Error (string,string) (at C:/Users/User/Documents/noctua-sdk-unity/Packages/com.noctuagames.sdk/Runtime/Log.cs:104)
com.noctuagames.sdk.Events.EventSender/<SendEvents>d__39:MoveNext () (at C:/Users/User/Documents/noctua-sdk-unity/Packages/com.noctuagames.sdk/Runtime/Events/EventSender.cs:570)
Cysharp.Threading.Tasks.CompilerServices.AsyncUniTask`1<com.noctuagames.sdk.Events.EventSender/<SendEvents>d__39>:Run () (at C:/Users/User/Documents/noctua-sdk-unity/Packages/com.noctuagames.sdk/Runtime/Plugins/UniTask/Runtime/CompilerServices/StateMachineRunner.cs:189)
Cysharp.Threading.Tasks.AwaiterActions:Continuation (object) (at C:/Users/User/Documents/noctua-sdk-unity/Packages/com.noctuagames.sdk/Runtime/Plugins/UniTask/Runtime/UniTask.cs:25)
Cysharp.Threading.Tasks.UniTaskCompletionSourceCore`1<object>:TrySetResult (object) (at C:/Users/User/Documents/noctua-sdk-unity/Packages/com.noctuagames.sdk/Runtime/Plugins/UniTask/Runtime/UniTaskCompletionSource.cs:139)
Cysharp.Threading.Tasks.UniTask/DelayPromise:MoveNext () (at C:/Users/User/Documents/noctua-sdk-unity/Packages/com.noctuagames.sdk/Runtime/Plugins/UniTask/Runtime/UniTask.Delay.cs:790)
Cysharp.Threading.Tasks.Internal.PlayerLoopRunner:RunCore () (at C:/Users/User/Documents/noctua-sdk-unity/Packages/com.noctuagames.sdk/Runtime/Plugins/UniTask/Runtime/Internal/PlayerLoopRunner.cs:175)
Cysharp.Threading.Tasks.Internal.PlayerLoopRunner:Update () (at C:/Users/User/Documents/noctua-sdk-unity/Packages/com.noctuagames.sdk/Runtime/Plugins/UniTask/Runtime/Internal/PlayerLoopRunner.cs:145)
Cysharp.Threading.Tasks.Internal.PlayerLoopRunner:Run () (at C:/Users/User/Documents/noctua-sdk-unity/Packages/com.noctuagames.sdk/Runtime/Plugins/UniTask/Runtime/Internal/PlayerLoopRunner.cs:104)

]]></stack-trace>
              </failure>
              <output><![CDATA[EventSender.SendEvents: Batch size: 100, events to be send: 5, events in the queue: 0
EventSender.SendEvents: Failed to send events to server: Object reference not set to an instance of an object
EventSender.SendEvents: Re-enqueueing events back to the queue due to failure
EventSender.SendEvents: Batch size: 100, events to be send: 5, events in the queue: 0
EventSender.SendEvents: Failed to send events to server: Object reference not set to an instance of an object
EventSender.SendEvents: Re-enqueueing events back to the queue due to failure
EventSender.SendEvents: Batch size: 100, events to be send: 5, events in the queue: 0
EventSender.SendEvents: Failed to send events to server: Object reference not set to an instance of an object
EventSender.SendEvents: Re-enqueueing events back to the queue due to failure
EventSender.SendEvents: Batch size: 100, events to be send: 5, events in the queue: 0
EventSender.SendEvents: Failed to send events to server: Object reference not set to an instance of an object
EventSender.SendEvents: Re-enqueueing events back to the queue due to failure
EventSender.SendEvents: Batch size: 100, events to be send: 5, events in the queue: 0
EventSender.SendEvents: Failed to send events to server: Object reference not set to an instance of an object
EventSender.SendEvents: Re-enqueueing events back to the queue due to failure
EventSender.SendEvents: Batch size: 100, events to be send: 5, events in the queue: 0
EventSender.SendEvents: Failed to send events to server: Object reference not set to an instance of an object
EventSender.SendEvents: Re-enqueueing events back to the queue due to failure
EventSender.SendEvents: Batch size: 100, events to be send: 5, events in the queue: 0
EventSender.SendEvents: Failed to send events to server: Object reference not set to an instance of an object
EventSender.SendEvents: Re-enqueueing events back to the queue due to failure
EventSender.SendEvents: Batch size: 100, events to be send: 5, events in the queue: 0
EventSender.SendEvents: Failed to send events to server: Object reference not set to an instance of an object
EventSender.SendEvents: Re-enqueueing events back to the queue due to failure
EventSender.SendEvents: Batch size: 100, events to be send: 5, events in the queue: 0
EventSender.SendEvents: Failed to send events to server: Object reference not set to an instance of an object
EventSender.SendEvents: Re-enqueueing events back to the queue due to failure
EventSender.SendEvents: Batch size: 100, events to be send: 5, events in the queue: 0
EventSender.SendEvents: Failed to send events to server: Object reference not set to an instance of an object
EventSender.SendEvents: Re-enqueueing events back to the queue due to failure
EventSender.SendEvents: Batch size: 100, events to be send: 5, events in the queue: 0
EventSender.SendEvents: Failed to send events to server: Object reference not set to an instance of an object
EventSender.SendEvents: Re-enqueueing events back to the queue due to failure
EventSender.SendEvents: Batch size: 100, events to be send: 5, events in the queue: 0
EventSender.SendEvents: Failed to send events to server: Object reference not set to an instance of an object
EventSender.SendEvents: Re-enqueueing events back to the queue due to failure
EventSender.SendEvents: Batch size: 100, events to be send: 5, events in the queue: 0
EventSender.SendEvents: Failed to send events to server: Object reference not set to an instance of an object
EventSender.SendEvents: Re-enqueueing events back to the queue due to failure
EventSender.SendEvents: Batch size: 100, events to be send: 5, events in the queue: 0
EventSender.SendEvents: Failed to send events to server: Object reference not set to an instance of an object
EventSender.SendEvents: Re-enqueueing events back to the queue due to failure
EventSender.SendEvents: Batch size: 100, events to be send: 5, events in the queue: 0
EventSender.SendEvents: Failed to send events to server: Object reference not set to an instance of an object
EventSender.SendEvents: Re-enqueueing events back to the queue due to failure
EventSender.SendEvents: Batch size: 100, events to be send: 5, events in the queue: 0
EventSender.SendEvents: Failed to send events to server: Object reference not set to an instance of an object
EventSender.SendEvents: Re-enqueueing events back to the queue due to failure
EventSender.SendEvents: Batch size: 100, events to be send: 5, events in the queue: 0
EventSender.SendEvents: Failed to send events to server: Object reference not set to an instance of an object
EventSender.SendEvents: Re-enqueueing events back to the queue due to failure
EventSender.SendEvents: Batch size: 100, events to be send: 5, events in the queue: 0
EventSender.SendEvents: Failed to send events to server: Object reference not set to an instance of an object
EventSender.SendEvents: Re-enqueueing events back to the queue due to failure
EventSender.SendEvents: Batch size: 100, events to be send: 5, events in the queue: 0
EventSender.SendEvents: Failed to send events to server: Object reference not set to an instance of an object
EventSender.SendEvents: Re-enqueueing events back to the queue due to failure
EventSender.SendEvents: Batch size: 100, events to be send: 5, events in the queue: 0
EventSender.SendEvents: Failed to send events to server: Object reference not set to an instance of an object
EventSender.SendEvents: Re-enqueueing events back to the queue due to failure
EventSender.SendEvents: Batch size: 100, events to be send: 5, events in the queue: 0
EventSender.SendEvents: Failed to send events to server: Object reference not set to an instance of an object
EventSender.SendEvents: Re-enqueueing events back to the queue due to failure
EventSender.SendEvents: Batch size: 100, events to be send: 5, events in the queue: 0
EventSender.SendEvents: Failed to send events to server: Object reference not set to an instance of an object
EventSender.SendEvents: Re-enqueueing events back to the queue due to failure
EventSender.SendEvents: Batch size: 100, events to be send: 5, events in the queue: 0
EventSender.SendEvents: Failed to send events to server: Object reference not set to an instance of an object
EventSender.SendEvents: Re-enqueueing events back to the queue due to failure
EventSender.SendEvents: Batch size: 100, events to be send: 5, events in the queue: 0
EventSender.SendEvents: Failed to send events to server: Object reference not set to an instance of an object
EventSender.SendEvents: Re-enqueueing events back to the queue due to failure
]]></output>
            </test-case>
            <test-case id="1074" name="PersistenceRoundTrip_SaveAndLoad_EventsRecovered" fullname="Tests.Runtime.EventTest.PersistenceRoundTrip_SaveAndLoad_EventsRecovered" methodname="PersistenceRoundTrip_SaveAndLoad_EventsRecovered" classname="Tests.Runtime.EventTest" runstate="Runnable" seed="1108544025" result="Failed" start-time="2026-02-18 07:20:35Z" end-time="2026-02-18 07:20:37Z" duration="2.501373" asserts="0">
              <properties>
                <property name="_JOINTYPE" value="UnityCombinatorial" />
                <property name="retryIteration" value="0" />
                <property name="repeatIteration" value="0" />
              </properties>
              <failure>
                <message><![CDATA[SetUp : Unhandled log message: '[Error] EventSender.SendEvents: Failed to send events to server: Object reference not set to an instance of an object'. Use UnityEngine.TestTools.LogAssert.Expect]]></message>
                <stack-trace><![CDATA[com.noctuagames.sdk.UnityLogSink:Emit (Serilog.Events.LogEvent) (at C:/Users/User/Documents/noctua-sdk-unity/Packages/com.noctuagames.sdk/Runtime/Log.cs:127)
Serilog.Core.Sinks.SafeAggregateSink:Emit (Serilog.Events.LogEvent)
Serilog.Core.Logger:Dispatch (Serilog.Events.LogEvent)
Serilog.Core.Logger:Write (Serilog.Events.LogEventLevel,System.Exception,string,object[])
Serilog.Core.Logger:Write (Serilog.Events.LogEventLevel,string,object[])
Serilog.Core.Logger:Write (Serilog.Events.LogEventLevel,string)
Serilog.Log:Write (Serilog.Events.LogEventLevel,string)
Serilog.Log:Error (string)
com.noctuagames.sdk.NoctuaLogger:Error (string,string) (at C:/Users/User/Documents/noctua-sdk-unity/Packages/com.noctuagames.sdk/Runtime/Log.cs:104)
com.noctuagames.sdk.Events.EventSender/<SendEvents>d__39:MoveNext () (at C:/Users/User/Documents/noctua-sdk-unity/Packages/com.noctuagames.sdk/Runtime/Events/EventSender.cs:570)
Cysharp.Threading.Tasks.CompilerServices.AsyncUniTask`1<com.noctuagames.sdk.Events.EventSender/<SendEvents>d__39>:Run () (at C:/Users/User/Documents/noctua-sdk-unity/Packages/com.noctuagames.sdk/Runtime/Plugins/UniTask/Runtime/CompilerServices/StateMachineRunner.cs:189)
Cysharp.Threading.Tasks.AwaiterActions:Continuation (object) (at C:/Users/User/Documents/noctua-sdk-unity/Packages/com.noctuagames.sdk/Runtime/Plugins/UniTask/Runtime/UniTask.cs:25)
Cysharp.Threading.Tasks.UniTaskCompletionSourceCore`1<object>:TrySetResult (object) (at C:/Users/User/Documents/noctua-sdk-unity/Packages/com.noctuagames.sdk/Runtime/Plugins/UniTask/Runtime/UniTaskCompletionSource.cs:139)
Cysharp.Threading.Tasks.UniTask/DelayPromise:MoveNext () (at C:/Users/User/Documents/noctua-sdk-unity/Packages/com.noctuagames.sdk/Runtime/Plugins/UniTask/Runtime/UniTask.Delay.cs:790)
Cysharp.Threading.Tasks.Internal.PlayerLoopRunner:RunCore () (at C:/Users/User/Documents/noctua-sdk-unity/Packages/com.noctuagames.sdk/Runtime/Plugins/UniTask/Runtime/Internal/PlayerLoopRunner.cs:175)
Cysharp.Threading.Tasks.Internal.PlayerLoopRunner:Update () (at C:/Users/User/Documents/noctua-sdk-unity/Packages/com.noctuagames.sdk/Runtime/Plugins/UniTask/Runtime/Internal/PlayerLoopRunner.cs:145)
Cysharp.Threading.Tasks.Internal.PlayerLoopRunner:Run () (at C:/Users/User/Documents/noctua-sdk-unity/Packages/com.noctuagames.sdk/Runtime/Plugins/UniTask/Runtime/Internal/PlayerLoopRunner.cs:104)

]]></stack-trace>
              </failure>
              <output><![CDATA[EventSender.SendEvents: Batch size: 100, events to be send: 5, events in the queue: 0
EventSender.SendEvents: Failed to send events to server: Object reference not set to an instance of an object
EventSender.SendEvents: Re-enqueueing events back to the queue due to failure
EventSender.SendEvents: Batch size: 100, events to be send: 5, events in the queue: 0
EventSender.SendEvents: Failed to send events to server: Object reference not set to an instance of an object
EventSender.SendEvents: Re-enqueueing events back to the queue due to failure
EventSender.SendEvents: Batch size: 100, events to be send: 5, events in the queue: 0
EventSender.SendEvents: Failed to send events to server: Object reference not set to an instance of an object
EventSender.SendEvents: Re-enqueueing events back to the queue due to failure
EventSender.SendEvents: Batch size: 100, events to be send: 5, events in the queue: 0
EventSender.SendEvents: Failed to send events to server: Object reference not set to an instance of an object
EventSender.SendEvents: Re-enqueueing events back to the queue due to failure
EventSender.SendEvents: Batch size: 100, events to be send: 5, events in the queue: 0
EventSender.SendEvents: Failed to send events to server: Object reference not set to an instance of an object
EventSender.SendEvents: Re-enqueueing events back to the queue due to failure
EventSender.SendEvents: Batch size: 100, events to be send: 5, events in the queue: 0
EventSender.SendEvents: Failed to send events to server: Object reference not set to an instance of an object
EventSender.SendEvents: Re-enqueueing events back to the queue due to failure
EventSender.SendEvents: Batch size: 100, events to be send: 5, events in the queue: 0
EventSender.SendEvents: Failed to send events to server: Object reference not set to an instance of an object
EventSender.SendEvents: Re-enqueueing events back to the queue due to failure
EventSender.SendEvents: Batch size: 100, events to be send: 5, events in the queue: 0
EventSender.SendEvents: Failed to send events to server: Object reference not set to an instance of an object
EventSender.SendEvents: Re-enqueueing events back to the queue due to failure
EventSender.SendEvents: Batch size: 100, events to be send: 5, events in the queue: 0
EventSender.SendEvents: Failed to send events to server: Object reference not set to an instance of an object
EventSender.SendEvents: Re-enqueueing events back to the queue due to failure
EventSender.SendEvents: Batch size: 100, events to be send: 5, events in the queue: 0
EventSender.SendEvents: Failed to send events to server: Object reference not set to an instance of an object
EventSender.SendEvents: Re-enqueueing events back to the queue due to failure
EventSender.SendEvents: Batch size: 100, events to be send: 5, events in the queue: 0
EventSender.SendEvents: Failed to send events to server: Object reference not set to an instance of an object
EventSender.SendEvents: Re-enqueueing events back to the queue due to failure
EventSender.SendEvents: Batch size: 100, events to be send: 5, events in the queue: 0
EventSender.SendEvents: Failed to send events to server: Object reference not set to an instance of an object
EventSender.SendEvents: Re-enqueueing events back to the queue due to failure
EventSender.SendEvents: Batch size: 100, events to be send: 5, events in the queue: 0
EventSender.SendEvents: Failed to send events to server: Object reference not set to an instance of an object
EventSender.SendEvents: Re-enqueueing events back to the queue due to failure
EventSender.SendEvents: Batch size: 100, events to be send: 5, events in the queue: 0
EventSender.SendEvents: Failed to send events to server: Object reference not set to an instance of an object
EventSender.SendEvents: Re-enqueueing events back to the queue due to failure
EventSender.SendEvents: Batch size: 100, events to be send: 5, events in the queue: 0
EventSender.SendEvents: Failed to send events to server: Object reference not set to an instance of an object
EventSender.SendEvents: Re-enqueueing events back to the queue due to failure
EventSender.SendEvents: Batch size: 100, events to be send: 5, events in the queue: 0
EventSender.SendEvents: Failed to send events to server: Object reference not set to an instance of an object
EventSender.SendEvents: Re-enqueueing events back to the queue due to failure
EventSender.SendEvents: Batch size: 100, events to be send: 5, events in the queue: 0
EventSender.SendEvents: Failed to send events to server: Object reference not set to an instance of an object
EventSender.SendEvents: Re-enqueueing events back to the queue due to failure
EventSender.SendEvents: Batch size: 100, events to be send: 5, events in the queue: 0
EventSender.SendEvents: Failed to send events to server: Object reference not set to an instance of an object
EventSender.SendEvents: Re-enqueueing events back to the queue due to failure
EventSender.SendEvents: Batch size: 100, events to be send: 5, events in the queue: 0
EventSender.SendEvents: Failed to send events to server: Object reference not set to an instance of an object
EventSender.SendEvents: Re-enqueueing events back to the queue due to failure
EventSender.SendEvents: Batch size: 100, events to be send: 5, events in the queue: 0
EventSender.SendEvents: Failed to send events to server: Object reference not set to an instance of an object
EventSender.SendEvents: Re-enqueueing events back to the queue due to failure
EventSender.SendEvents: Batch size: 100, events to be send: 5, events in the queue: 0
EventSender.SendEvents: Failed to send events to server: Object reference not set to an instance of an object
EventSender.SendEvents: Re-enqueueing events back to the queue due to failure
EventSender.SendEvents: Batch size: 100, events to be send: 5, events in the queue: 0
EventSender.SendEvents: Failed to send events to server: Object reference not set to an instance of an object
EventSender.SendEvents: Re-enqueueing events back to the queue due to failure
EventSender.SendEvents: Batch size: 100, events to be send: 5, events in the queue: 0
EventSender.SendEvents: Failed to send events to server: Object reference not set to an instance of an object
EventSender.SendEvents: Re-enqueueing events back to the queue due to failure
EventSender.SendEvents: Batch size: 100, events to be send: 5, events in the queue: 0
EventSender.SendEvents: Failed to send events to server: Object reference not set to an instance of an object
EventSender.SendEvents: Re-enqueueing events back to the queue due to failure
EventSender.SendEvents: Batch size: 100, events to be send: 5, events in the queue: 0
EventSender.SendEvents: Failed to send events to server: Object reference not set to an instance of an object
EventSender.SendEvents: Re-enqueueing events back to the queue due to failure
]]></output>
            </test-case>
            <test-case id="1073" name="QueueCap_ExceedMaxSize_DropsOldestEvents" fullname="Tests.Runtime.EventTest.QueueCap_ExceedMaxSize_DropsOldestEvents" methodname="QueueCap_ExceedMaxSize_DropsOldestEvents" classname="Tests.Runtime.EventTest" runstate="Runnable" seed="674534732" result="Failed" start-time="2026-02-18 07:20:37Z" end-time="2026-02-18 07:20:40Z" duration="2.501605" asserts="0">
              <properties>
                <property name="_JOINTYPE" value="UnityCombinatorial" />
                <property name="retryIteration" value="0" />
                <property name="repeatIteration" value="0" />
              </properties>
              <failure>
                <message><![CDATA[SetUp : Unhandled log message: '[Error] EventSender.SendEvents: Failed to send events to server: Object reference not set to an instance of an object'. Use UnityEngine.TestTools.LogAssert.Expect]]></message>
                <stack-trace><![CDATA[com.noctuagames.sdk.UnityLogSink:Emit (Serilog.Events.LogEvent) (at C:/Users/User/Documents/noctua-sdk-unity/Packages/com.noctuagames.sdk/Runtime/Log.cs:127)
Serilog.Core.Sinks.SafeAggregateSink:Emit (Serilog.Events.LogEvent)
Serilog.Core.Logger:Dispatch (Serilog.Events.LogEvent)
Serilog.Core.Logger:Write (Serilog.Events.LogEventLevel,System.Exception,string,object[])
Serilog.Core.Logger:Write (Serilog.Events.LogEventLevel,string,object[])
Serilog.Core.Logger:Write (Serilog.Events.LogEventLevel,string)
Serilog.Log:Write (Serilog.Events.LogEventLevel,string)
Serilog.Log:Error (string)
com.noctuagames.sdk.NoctuaLogger:Error (string,string) (at C:/Users/User/Documents/noctua-sdk-unity/Packages/com.noctuagames.sdk/Runtime/Log.cs:104)
com.noctuagames.sdk.Events.EventSender/<SendEvents>d__39:MoveNext () (at C:/Users/User/Documents/noctua-sdk-unity/Packages/com.noctuagames.sdk/Runtime/Events/EventSender.cs:570)
Cysharp.Threading.Tasks.CompilerServices.AsyncUniTask`1<com.noctuagames.sdk.Events.EventSender/<SendEvents>d__39>:Run () (at C:/Users/User/Documents/noctua-sdk-unity/Packages/com.noctuagames.sdk/Runtime/Plugins/UniTask/Runtime/CompilerServices/StateMachineRunner.cs:189)
Cysharp.Threading.Tasks.AwaiterActions:Continuation (object) (at C:/Users/User/Documents/noctua-sdk-unity/Packages/com.noctuagames.sdk/Runtime/Plugins/UniTask/Runtime/UniTask.cs:25)
Cysharp.Threading.Tasks.UniTaskCompletionSourceCore`1<object>:TrySetResult (object) (at C:/Users/User/Documents/noctua-sdk-unity/Packages/com.noctuagames.sdk/Runtime/Plugins/UniTask/Runtime/UniTaskCompletionSource.cs:139)
Cysharp.Threading.Tasks.UniTask/DelayPromise:MoveNext () (at C:/Users/User/Documents/noctua-sdk-unity/Packages/com.noctuagames.sdk/Runtime/Plugins/UniTask/Runtime/UniTask.Delay.cs:790)
Cysharp.Threading.Tasks.Internal.PlayerLoopRunner:RunCore () (at C:/Users/User/Documents/noctua-sdk-unity/Packages/com.noctuagames.sdk/Runtime/Plugins/UniTask/Runtime/Internal/PlayerLoopRunner.cs:175)
Cysharp.Threading.Tasks.Internal.PlayerLoopRunner:Update () (at C:/Users/User/Documents/noctua-sdk-unity/Packages/com.noctuagames.sdk/Runtime/Plugins/UniTask/Runtime/Internal/PlayerLoopRunner.cs:145)
Cysharp.Threading.Tasks.Internal.PlayerLoopRunner:Run () (at C:/Users/User/Documents/noctua-sdk-unity/Packages/com.noctuagames.sdk/Runtime/Plugins/UniTask/Runtime/Internal/PlayerLoopRunner.cs:104)

]]></stack-trace>
              </failure>
              <output><![CDATA[EventSender.SendEvents: Batch size: 100, events to be send: 5, events in the queue: 0
EventSender.SendEvents: Failed to send events to server: Object reference not set to an instance of an object
EventSender.SendEvents: Re-enqueueing events back to the queue due to failure
EventSender.SendEvents: Batch size: 100, events to be send: 5, events in the queue: 0
EventSender.SendEvents: Failed to send events to server: Object reference not set to an instance of an object
EventSender.SendEvents: Re-enqueueing events back to the queue due to failure
EventSender.SendEvents: Batch size: 100, events to be send: 5, events in the queue: 0
EventSender.SendEvents: Failed to send events to server: Object reference not set to an instance of an object
EventSender.SendEvents: Re-enqueueing events back to the queue due to failure
EventSender.SendEvents: Batch size: 100, events to be send: 5, events in the queue: 0
EventSender.SendEvents: Failed to send events to server: Object reference not set to an instance of an object
EventSender.SendEvents: Re-enqueueing events back to the queue due to failure
EventSender.SendEvents: Batch size: 100, events to be send: 5, events in the queue: 0
EventSender.SendEvents: Failed to send events to server: Object reference not set to an instance of an object
EventSender.SendEvents: Re-enqueueing events back to the queue due to failure
EventSender.SendEvents: Batch size: 100, events to be send: 5, events in the queue: 0
EventSender.SendEvents: Failed to send events to server: Object reference not set to an instance of an object
EventSender.SendEvents: Re-enqueueing events back to the queue due to failure
EventSender.SendEvents: Batch size: 100, events to be send: 5, events in the queue: 0
EventSender.SendEvents: Failed to send events to server: Object reference not set to an instance of an object
[...]
              </properties>
            </test-case>
            <test-case id="1137" name="ParseQueryString_SimpleParams" fullname="Tests.Runtime.UtilityValidationTest.ParseQueryString_SimpleParams" methodname="ParseQueryString_SimpleParams" classname="Tests.Runtime.UtilityValidationTest" runstate="Runnable" seed="864767370" result="Passed" start-time="2026-02-18 07:21:08Z" end-time="2026-02-18 07:21:08Z" duration="0.002539" asserts="0">
              <properties>
                <property name="_JOINTYPE" value="UnityCombinatorial" />
                <property name="retryIteration" value="0" />
                <property name="repeatIteration" value="0" />
              </properties>
            </test-case>
            <test-case id="1138" name="ParseQueryString_WithHashFragment" fullname="Tests.Runtime.UtilityValidationTest.ParseQueryString_WithHashFragment" methodname="ParseQueryString_WithHashFragment" classname="Tests.Runtime.UtilityValidationTest" runstate="Runnable" seed="577523775" result="Passed" start-time="2026-02-18 07:21:08Z" end-time="2026-02-18 07:21:08Z" duration="0.002269" asserts="0">
              <properties>
                <property name="_JOINTYPE" value="UnityCombinatorial" />
                <property name="retryIteration" value="0" />
                <property name="repeatIteration" value="0" />
              </properties>
            </test-case>
            <test-case id="1164" name="PrintFields_Array_ContainsItems" fullname="Tests.Runtime.UtilityValidationTest.PrintFields_Array_ContainsItems" methodname="PrintFields_Array_ContainsItems" classname="Tests.Runtime.UtilityValidationTest" runstate="Runnable" seed="198849588" result="Passed" start-time="2026-02-18 07:21:08Z" end-time="2026-02-18 07:21:08Z" duration="0.003293" asserts="0">
              <properties>
                <property name="_JOINTYPE" value="UnityCombinatorial" />
                <property name="retryIteration" value="0" />
                <property name="repeatIteration" value="0" />
              </properties>
            </test-case>
            <test-case id="1166" name="PrintFields_Dictionary_ContainsKeyValues" fullname="Tests.Runtime.UtilityValidationTest.PrintFields_Dictionary_ContainsKeyValues" methodname="PrintFields_Dictionary_ContainsKeyValues" classname="Tests.Runtime.UtilityValidationTest" runstate="Runnable" seed="791579641" result="Passed" start-time="2026-02-18 07:21:08Z" end-time="2026-02-18 07:21:08Z" duration="0.002364" asserts="0">
              <properties>
                <property name="_JOINTYPE" value="UnityCombinatorial" />
                <property name="retryIteration" value="0" />
                <property name="repeatIteration" value="0" />
              </properties>
            </test-case>
            <test-case id="1165" name="PrintFields_List_ContainsItems" fullname="Tests.Runtime.UtilityValidationTest.PrintFields_List_ContainsItems" methodname="PrintFields_List_ContainsItems" classname="Tests.Runtime.UtilityValidationTest" runstate="Runnable" seed="1864431939" result="Passed" start-time="2026-02-18 07:21:08Z" end-time="2026-02-18 07:21:08Z" duration="0.002452" asserts="0">
              <properties>
                <property name="_JOINTYPE" value="UnityCombinatorial" />
                <property name="retryIteration" value="0" />
                <property name="repeatIteration" value="0" />
              </properties>
            </test-case>
            <test-case id="1161" name="PrintFields_Null_ReturnsEmpty" fullname="Tests.Runtime.UtilityValidationTest.PrintFields_Null_ReturnsEmpty" methodname="PrintFields_Null_ReturnsEmpty" classname="Tests.Runtime.UtilityValidationTest" runstate="Runnable" seed="1646251277" result="Passed" start-time="2026-02-18 07:21:08Z" end-time="2026-02-18 07:21:08Z" duration="0.002917" asserts="0">
              <properties>
                <property name="_JOINTYPE" value="UnityCombinatorial" />
                <property name="retryIteration" value="0" />
                <property name="repeatIteration" value="0" />
              </properties>
            </test-case>
            <test-case id="1162" name="PrintFields_PrimitiveString_ReturnsEmpty" fullname="Tests.Runtime.UtilityValidationTest.PrintFields_PrimitiveString_ReturnsEmpty" methodname="PrintFields_PrimitiveString_ReturnsEmpty" classname="Tests.Runtime.UtilityValidationTest" runstate="Runnable" seed="973355081" result="Passed" start-time="2026-02-18 07:21:08Z" end-time="2026-02-18 07:21:08Z" duration="0.002326" asserts="0">
              <properties>
                <property name="_JOINTYPE" value="UnityCombinatorial" />
                <property name="retryIteration" value="0" />
                <property name="repeatIteration" value="0" />
              </properties>
            </test-case>
            <test-case id="1163" name="PrintFields_SimpleObject_ContainsFieldNames" fullname="Tests.Runtime.UtilityValidationTest.PrintFields_SimpleObject_ContainsFieldNames" methodname="PrintFields_SimpleObject_ContainsFieldNames" classname="Tests.Runtime.UtilityValidationTest" runstate="Runnable" seed="451969706" result="Passed" start-time="2026-02-18 07:21:08Z" end-time="2026-02-18 07:21:08Z" duration="0.002389" asserts="0">
              <properties>
                <property name="_JOINTYPE" value="UnityCombinatorial" />
                <property name="retryIteration" value="0" />
                <property name="repeatIteration" value="0" />
              </properties>
            </test-case>
            <test-case id="1121" name="ValidateEmail_Empty_ReturnsError" fullname="Tests.Runtime.UtilityValidationTest.ValidateEmail_Empty_ReturnsError" methodname="ValidateEmail_Empty_ReturnsError" classname="Tests.Runtime.UtilityValidationTest" runstate="Runnable" seed="87144707" result="Failed" start-time="2026-02-18 07:21:08Z" end-time="2026-02-18 07:21:08Z" duration="0.009447" asserts="0">
              <properties>
                <property name="_JOINTYPE" value="UnityCombinatorial" />
                <property name="retryIteration" value="0" />
                <property name="repeatIteration" value="0" />
              </properties>
              <failure>
                <message><![CDATA[Unhandled log message: '[Error] EventSender.SendEvents: Failed to send events to server: Object reference not set to an instance of an object'. Use UnityEngine.TestTools.LogAssert.Expect]]></message>
                <stack-trace><![CDATA[com.noctuagames.sdk.UnityLogSink:Emit (Serilog.Events.LogEvent) (at C:/Users/User/Documents/noctua-sdk-unity/Packages/com.noctuagames.sdk/Runtime/Log.cs:127)
Serilog.Core.Sinks.SafeAggregateSink:Emit (Serilog.Events.LogEvent)
Serilog.Core.Logger:Dispatch (Serilog.Events.LogEvent)
Serilog.Core.Logger:Write (Serilog.Events.LogEventLevel,System.Exception,string,object[])
Serilog.Core.Logger:Write (Serilog.Events.LogEventLevel,string,object[])
Serilog.Core.Logger:Write (Serilog.Events.LogEventLevel,string)
Serilog.Log:Write (Serilog.Events.LogEventLevel,string)
Serilog.Log:Error (string)
com.noctuagames.sdk.NoctuaLogger:Error (string,string) (at C:/Users/User/Documents/noctua-sdk-unity/Packages/com.noctuagames.sdk/Runtime/Log.cs:104)
com.noctuagames.sdk.Events.EventSender/<SendEvents>d__39:MoveNext () (at C:/Users/User/Documents/noctua-sdk-unity/Packages/com.noctuagames.sdk/Runtime/Events/EventSender.cs:570)
Cysharp.Threading.Tasks.CompilerServices.AsyncUniTask`1<com.noctuagames.sdk.Events.EventSender/<SendEvents>d__39>:Run () (at C:/Users/User/Documents/noctua-sdk-unity/Packages/com.noctuagames.sdk/Runtime/Plugins/UniTask/Runtime/CompilerServices/StateMachineRunner.cs:189)
Cysharp.Threading.Tasks.AwaiterActions:Continuation (object) (at C:/Users/User/Documents/noctua-sdk-unity/Packages/com.noctuagames.sdk/Runtime/Plugins/UniTask/Runtime/UniTask.cs:25)
Cysharp.Threading.Tasks.UniTaskCompletionSourceCore`1<object>:TrySetResult (object) (at C:/Users/User/Documents/noctua-sdk-unity/Packages/com.noctuagames.sdk/Runtime/Plugins/UniTask/Runtime/UniTaskCompletionSource.cs:139)
Cysharp.Threading.Tasks.UniTask/DelayPromise:MoveNext () (at C:/Users/User/Documents/noctua-sdk-unity/Packages/com.noctuagames.sdk/Runtime/Plugins/UniTask/Runtime/UniTask.Delay.cs:790)
Cysharp.Threading.Tasks.Internal.PlayerLoopRunner:RunCore () (at C:/Users/User/Documents/noctua-sdk-unity/Packages/com.noctuagames.sdk/Runtime/Plugins/UniTask/Runtime/Internal/PlayerLoopRunner.cs:175)
Cysharp.Threading.Tasks.Internal.PlayerLoopRunner:Update () (at C:/Users/User/Documents/noctua-sdk-unity/Packages/com.noctuagames.sdk/Runtime/Plugins/UniTask/Runtime/Internal/PlayerLoopRunner.cs:145)
Cysharp.Threading.Tasks.Internal.PlayerLoopRunner:Run () (at C:/Users/User/Documents/noctua-sdk-unity/Packages/com.noctuagames.sdk/Runtime/Plugins/UniTask/Runtime/Internal/PlayerLoopRunner.cs:104)

]]></stack-trace>
              </failure>
              <output><![CDATA[EventSender.SendEvents: Batch size: 100, events to be send: 5, events in the queue: 0
EventSender.SendEvents: Failed to send events to server: Object reference not set to an instance of an object
EventSender.SendEvents: Re-enqueueing events back to the queue due to failure
]]></output>
            </test-case>
            <test-case id="1125" name="ValidateEmail_InvalidFormat_ReturnsError" fullname="Tests.Runtime.UtilityValidationTest.ValidateEmail_InvalidFormat_ReturnsError" methodname="ValidateEmail_InvalidFormat_ReturnsError" classname="Tests.Runtime.UtilityValidationTest" runstate="Runnable" seed="2128807818" result="Passed" start-time="2026-02-18 07:21:08Z" end-time="2026-02-18 07:21:08Z" duration="0.004323" asserts="0">
              <properties>
                <property name="_JOINTYPE" value="UnityCombinatorial" />
                <property name="retryIteration" value="0" />
                <property name="repeatIteration" value="0" />
              </properties>
            </test-case>
            <test-case id="1126" name="ValidateEmail_MissingAtSign_ReturnsError" fullname="Tests.Runtime.UtilityValidationTest.ValidateEmail_MissingAtSign_ReturnsError" methodname="ValidateEmail_MissingAtSign_ReturnsError" classname="Tests.Runtime.UtilityValidationTest" runstate="Runnable" seed="981005593" result="Passed" start-time="2026-02-18 07:21:08Z" end-time="2026-02-18 07:21:08Z" duration="0.002620" asserts="0">
              <properties>
                <property name="_JOINTYPE" value="UnityCombinatorial" />
                <property name="retryIteration" value="0" />
                <property name="repeatIteration" value="0" />
              </properties>
            </test-case>
            <test-case id="1127" name="ValidateEmail_MissingDomain_ReturnsError" fullname="Tests.Runtime.UtilityValidationTest.ValidateEmail_MissingDomain_ReturnsError" methodname="ValidateEmail_MissingDomain_ReturnsError" classname="Tests.Runtime.UtilityValidationTest" runstate="Runnable" seed="1471704738" result="Passed" start-time="2026-02-18 07:21:08Z" end-time="2026-02-18 07:21:08Z" duration="0.002530" asserts="0">
              <properties>
                <property name="_JOINTYPE" value="UnityCombinatorial" />
                <property name="retryIteration" value="0" />
                <property name="repeatIteration" value="0" />
              </properties>
            </test-case>
            <test-case id="1123" name="ValidateEmail_Null_ReturnsError" fullname="Tests.Runtime.UtilityValidationTest.ValidateEmail_Null_ReturnsError" methodname="ValidateEmail_Null_ReturnsError" classname="Tests.Runtime.UtilityValidationTest" runstate="Runnable" seed="583540948" result="Passed" start-time="2026-02-18 07:21:08Z" end-time="2026-02-18 07:21:08Z" duration="0.002424" asserts="0">
              <properties>
                <property name="_JOINTYPE" value="UnityCombinatorial" />
                <property name="retryIteration" value="0" />
                <property name="repeatIteration" value="0" />
              </properties>
            </test-case>
            <test-case id="1124" name="ValidateEmail_Valid_ReturnsEmpty" fullname="Tests.Runtime.UtilityValidationTest.ValidateEmail_Valid_ReturnsEmpty" methodname="ValidateEmail_Valid_ReturnsEmpty" classname="Tests.Runtime.UtilityValidationTest" runstate="Runnable" seed="900416760" result="Passed" start-time="2026-02-18 07:21:08Z" end-time="2026-02-18 07:21:08Z" duration="0.004367" asserts="0">
              <properties>
                <property name="_JOINTYPE" value="UnityCombinatorial" />
                <property name="retryIteration" value="0" />
                <property name="repeatIteration" value="0" />
              </properties>
            </test-case>
            <test-case id="1122" name="ValidateEmail_Whitespace_ReturnsError" fullname="Tests.Runtime.UtilityValidationTest.ValidateEmail_Whitespace_ReturnsError" methodname="ValidateEmail_Whitespace_ReturnsError" classname="Tests.Runtime.UtilityValidationTest" runstate="Runnable" seed="587911430" result="Passed" start-time="2026-02-18 07:21:08Z" end-time="2026-02-18 07:21:08Z" duration="0.002816" asserts="0">
              <properties>
                <property name="_JOINTYPE" value="UnityCombinatorial" />
                <property name="retryIteration" value="0" />
                <property name="repeatIteration" value="0" />
              </properties>
            </test-case>
            <test-case id="1128" name="ValidatePassword_Empty_ReturnsError" fullname="Tests.Runtime.UtilityValidationTest.ValidatePassword_Empty_ReturnsError" methodname="ValidatePassword_Empty_ReturnsError" classname="Tests.Runtime.UtilityValidationTest" runstate="Runnable" seed="1893836479" result="Passed" start-time="2026-02-18 07:21:08Z" end-time="2026-02-18 07:21:08Z" duration="0.002832" asserts="0">
              <properties>
                <property name="_JOINTYPE" value="UnityCombinatorial" />
                <property name="retryIteration" value="0" />
                <property name="repeatIteration" value="0" />
              </properties>
            </test-case>
            <test-case id="1131" name="ValidatePassword_ExactlyMinLength_ReturnsEmpty" fullname="Tests.Runtime.UtilityValidationTest.ValidatePassword_ExactlyMinLength_ReturnsEmpty" methodname="ValidatePassword_ExactlyMinLength_ReturnsEmpty" classname="Tests.Runtime.UtilityValidationTest" runstate="Runnable" seed="1200272674" result="Passed" start-time="2026-02-18 07:21:08Z" end-time="2026-02-18 07:21:08Z" duration="0.002509" asserts="0">
              <properties>
                <property name="_JOINTYPE" value="UnityCombinatorial" />
                <property name="retryIteration" value="0" />
                <property name="repeatIteration" value="0" />
              </properties>
            </test-case>
            <test-case id="1132" name="ValidatePassword_LongPassword_ReturnsEmpty" fullname="Tests.Runtime.UtilityValidationTest.ValidatePassword_LongPassword_ReturnsEmpty" methodname="ValidatePassword_LongPassword_ReturnsEmpty" classname="Tests.Runtime.UtilityValidationTest" runstate="Runnable" seed="2020085491" result="Passed" start-time="2026-02-18 07:21:08Z" end-time="2026-02-18 07:21:08Z" duration="0.002199" asserts="0">
              <properties>
                <property name="_JOINTYPE" value="UnityCombinatorial" />
                <property name="retryIteration" value="0" />
                <property name="repeatIteration" value="0" />
              </properties>
            </test-case>
            <test-case id="1129" name="ValidatePassword_Null_ReturnsError" fullname="Tests.Runtime.UtilityValidationTest.ValidatePassword_Null_ReturnsError" methodname="ValidatePassword_Null_ReturnsError" classname="Tests.Runtime.UtilityValidationTest" runstate="Runnable" seed="946931607" result="Passed" start-time="2026-02-18 07:21:08Z" end-time="2026-02-18 07:21:08Z" duration="0.002040" asserts="0">
              <properties>
                <property name="_JOINTYPE" value="UnityCombinatorial" />
                <property name="retryIteration" value="0" />
                <property name="repeatIteration" value="0" />
              </properties>
            </test-case>
            <test-case id="1130" name="ValidatePassword_TooShort_ReturnsError" fullname="Tests.Runtime.UtilityValidationTest.ValidatePassword_TooShort_ReturnsError" methodname="ValidatePassword_TooShort_ReturnsError" classname="Tests.Runtime.UtilityValidationTest" runstate="Runnable" seed="1300397946" result="Passed" start-time="2026-02-18 07:21:08Z" end-time="2026-02-18 07:21:08Z" duration="0.002886" asserts="0">
              <properties>
                <property name="_JOINTYPE" value="UnityCombinatorial" />
                <property name="retryIteration" value="0" />
                <property name="repeatIteration" value="0" />
              </properties>
            </test-case>
            <test-case id="1133" name="ValidateReenterPassword_Empty_ReturnsError" fullname="Tests.Runtime.UtilityValidationTest.ValidateReenterPassword_Empty_ReturnsError" methodname="ValidateReenterPassword_Empty_ReturnsError" classname="Tests.Runtime.UtilityValidationTest" runstate="Runnable" seed="1488878558" result="Passed" start-time="2026-02-18 07:21:08Z" end-time="2026-02-18 07:21:08Z" duration="0.002821" asserts="0">
              <properties>
                <property name="_JOINTYPE" value="UnityCombinatorial" />
                <property name="retryIteration" value="0" />
                <property name="repeatIteration" value="0" />
              </properties>
            </test-case>
            <test-case id="1135" name="ValidateReenterPassword_Matching_ReturnsEmpty" fullname="Tests.Runtime.UtilityValidationTest.ValidateReenterPassword_Matching_ReturnsEmpty" methodname="ValidateReenterPassword_Matching_ReturnsEmpty" classname="Tests.Runtime.UtilityValidationTest" runstate="Runnable" seed="1214391967" result="Passed" start-time="2026-02-18 07:21:08Z" end-time="2026-02-18 07:21:08Z" duration="0.002795" asserts="0">
              <properties>
                <property name="_JOINTYPE" value="UnityCombinatorial" />
                <property name="retryIteration" value="0" />
                <property name="repeatIteration" value="0" />
              </properties>
            </test-case>
            <test-case id="1136" name="ValidateReenterPassword_NotMatching_ReturnsError" fullname="Tests.Runtime.UtilityValidationTest.ValidateReenterPassword_NotMatching_ReturnsError" methodname="ValidateReenterPassword_NotMatching_ReturnsError" classname="Tests.Runtime.UtilityValidationTest" runstate="Runnable" seed="227722065" result="Passed" start-time="2026-02-18 07:21:08Z" end-time="2026-02-18 07:21:08Z" duration="0.002495" asserts="0">
              <properties>
                <property name="_JOINTYPE" value="UnityCombinatorial" />
                <property name="retryIteration" value="0" />
                <property name="repeatIteration" value="0" />
              </properties>
            </test-case>
            <test-case id="1134" name="ValidateReenterPassword_Null_ReturnsError" fullname="Tests.Runtime.UtilityValidationTest.ValidateReenterPassword_Null_ReturnsError" methodname="ValidateReenterPassword_Null_ReturnsError" classname="Tests.Runtime.UtilityValidationTest" runstate="Runnable" seed="36967695" result="Passed" start-time="2026-02-18 07:21:08Z" end-time="2026-02-18 07:21:08Z" duration="0.002904" asserts="0">
              <properties>
                <property name="_JOINTYPE" value="UnityCombinatorial" />
                <property name="retryIteration" value="0" />
                <property name="repeatIteration" value="0" />
              </properties>
              <output><![CDATA[Saving results to: C:\Users\User\Documents\noctua-sdk-unity\Packages\com.noctuagames.sdk\testresults.xml
]]></output>
            </test-case>
          </test-suite>
        </test-suite>
      </test-suite>
    </test-suite>
  </test-suite>
</test-run>