<?xml version="1.0" encoding="utf-8"?>
<CoverageSession xmlns:xsd="http://www.w3.org/2001/XMLSchema" xmlns:xsi="http://www.w3.org/2001/XMLSchema-instance" Version="0.0.0.0">
  <Summary numSequencePoints="710" visitedSequencePoints="389" numBranchPoints="0" visitedBranchPoints="0" sequenceCoverage="54.79" branchCoverage="0.0" maxCyclomaticComplexity="0" minCyclomaticComplexity="0" maxCrapScore="0" minCrapScore="0" visitedClasses="19" numClasses="30" visitedMethods="88" numMethods="145" />
  <Modules>
    <Module>
      <Summary numSequencePoints="710" visitedSequencePoints="389" numBranchPoints="0" visitedBranchPoints="0" sequenceCoverage="54.79" branchCoverage="0.0" maxCyclomaticComplexity="0" minCyclomaticComplexity="0" maxCrapScore="0" minCrapScore="0" visitedClasses="19" numClasses="30" visitedMethods="88" numMethods="145" />
      <ModuleTime>0001-01-01T00:00:00</ModuleTime>
      <ModuleName>com.noctuagames.sdk</ModuleName>
      <Files>
        <File uid="1" fullPath="/Users/herpiko/src/noctua-sdk-unity-upm/Runtime/CountryData.cs" />
        <File uid="2" fullPath="/Users/herpiko/src/noctua-sdk-unity-upm/Runtime/Experiment/ExperimentManager.cs" />
        <File uid="3" fullPath="/Users/herpiko/src/noctua-sdk-unity-upm/Runtime/IosPlugin.cs" />
        <File uid="4" fullPath="/Users/herpiko/src/noctua-sdk-unity-upm/Runtime/AccessTokenProvider.cs" />
        <File uid="5" fullPath="/Users/herpiko/src/noctua-sdk-unity-upm/Runtime/AccountContainer.cs" />
        <File uid="6" fullPath="/Users/herpiko/src/noctua-sdk-unity-upm/Runtime/AdsManager/IAdNetwork.cs" />
        <File uid="7" fullPath="/Users/herpiko/src/noctua-sdk-unity-upm/Runtime/AdsManager/MediationManager.cs" />
        <File uid="8" fullPath="/Users/herpiko/src/noctua-sdk-unity-upm/Runtime/AuthenticationModel.cs" />
        <File uid="9" fullPath="/Users/herpiko/src/noctua-sdk-unity-upm/Runtime/DefaultNativePlugin.cs" />
        <File uid="10" fullPath="/Users/herpiko/src/noctua-sdk-unity-upm/Runtime/Exception.cs" />
        <File uid="11" fullPath="/Users/herpiko/src/noctua-sdk-unity-upm/Runtime/Http.cs" />
        <File uid="12" fullPath="/Users/herpiko/src/noctua-sdk-unity-upm/Runtime/InternetChecker.cs" />
        <File uid="13" fullPath="/Users/herpiko/src/noctua-sdk-unity-upm/Runtime/Log.cs" />
        <File uid="14" fullPath="/Users/herpiko/src/noctua-sdk-unity-upm/Runtime/MobileDateTimePicker.cs" />
        <File uid="15" fullPath="/Users/herpiko/src/noctua-sdk-unity-upm/Runtime/NativePlugin.cs" />
        <File uid="16" fullPath="/Users/herpiko/src/noctua-sdk-unity-upm/Runtime/Noctua.cs" />
        <File uid="17" fullPath="/Users/herpiko/src/noctua-sdk-unity-upm/Runtime/NoctuaAuthentication.cs" />
        <File uid="18" fullPath="/Users/herpiko/src/noctua-sdk-unity-upm/Runtime/NoctuaAuthenticationService.cs" />
        <File uid="19" fullPath="/Users/herpiko/src/noctua-sdk-unity-upm/Runtime/NoctuaGameService.cs" />
        <File uid="20" fullPath="/Users/herpiko/src/noctua-sdk-unity-upm/Runtime/NoctuaIAPService.cs" />
        <File uid="21" fullPath="/Users/herpiko/src/noctua-sdk-unity-upm/Runtime/NoctuaLocale.cs" />
        <File uid="22" fullPath="/Users/herpiko/src/noctua-sdk-unity-upm/Runtime/NoctuaPlatform.cs" />
        <File uid="23" fullPath="/Users/herpiko/src/noctua-sdk-unity-upm/Runtime/NoctuaWebContent.cs" />
        <File uid="24" fullPath="/Users/herpiko/src/noctua-sdk-unity-upm/Runtime/SocialAuthenticationService.cs" />
        <File uid="25" fullPath="/Users/herpiko/src/noctua-sdk-unity-upm/Runtime/UI/ColorModule.cs" />
        <File uid="26" fullPath="/Users/herpiko/src/noctua-sdk-unity-upm/Runtime/Utility.cs" />
        <File uid="27" fullPath="/Users/herpiko/src/noctua-sdk-unity-upm/Runtime/UI/AccountDeletionConfirmationDialogPresenter.cs" />
        <File uid="28" fullPath="/Users/herpiko/src/noctua-sdk-unity-upm/Runtime/UI/AccountSelectionDialogPresenter.cs" />
        <File uid="29" fullPath="/Users/herpiko/src/noctua-sdk-unity-upm/Runtime/UI/BannedConfirmationDialogPresenter.cs" />
        <File uid="30" fullPath="/Users/herpiko/src/noctua-sdk-unity-upm/Runtime/UI/BindConfirmationDialogPresenter.cs" />
        <File uid="31" fullPath="/Users/herpiko/src/noctua-sdk-unity-upm/Runtime/UI/BindConflictDialogPresenter.cs" />
        <File uid="32" fullPath="/Users/herpiko/src/noctua-sdk-unity-upm/Runtime/UI/CustomPaymentCompleteDialogPresenter.cs" />
        <File uid="33" fullPath="/Users/herpiko/src/noctua-sdk-unity-upm/Runtime/UI/EmailConfirmResetPasswordDialogPresenter.cs" />
        <File uid="34" fullPath="/Users/herpiko/src/noctua-sdk-unity-upm/Runtime/UI/EmailLoginDialogPresenter.cs" />
        <File uid="35" fullPath="/Users/herpiko/src/noctua-sdk-unity-upm/Runtime/UI/EmailRegisterDialogPresenter.cs" />
        <File uid="36" fullPath="/Users/herpiko/src/noctua-sdk-unity-upm/Runtime/UI/EmailRegisterVNDialogPresenter.cs" />
        <File uid="37" fullPath="/Users/herpiko/src/noctua-sdk-unity-upm/Runtime/UI/EmailResetPasswordDialogPresenter.cs" />
        <File uid="38" fullPath="/Users/herpiko/src/noctua-sdk-unity-upm/Runtime/UI/EmailVerificationDialogPresenter.cs" />
        <File uid="39" fullPath="/Users/herpiko/src/noctua-sdk-unity-upm/Runtime/UI/FailedPaymentDialogPresenter.cs" />
        <File uid="40" fullPath="/Users/herpiko/src/noctua-sdk-unity-upm/Runtime/UI/GeneralNotificationPresenter.cs" />
        <File uid="41" fullPath="/Users/herpiko/src/noctua-sdk-unity-upm/Runtime/UI/LoadingProgressPresenter.cs" />
        <File uid="42" fullPath="/Users/herpiko/src/noctua-sdk-unity-upm/Runtime/UI/LoginOptionsDialogPresenter.cs" />
        <File uid="43" fullPath="/Users/herpiko/src/noctua-sdk-unity-upm/Runtime/UI/LogoutConfirmDialog.cs" />
        <File uid="44" fullPath="/Users/herpiko/src/noctua-sdk-unity-upm/Runtime/UI/NoctuaAdPlaceholder.cs" />
        <File uid="45" fullPath="/Users/herpiko/src/noctua-sdk-unity-upm/Runtime/UI/PendingPurchasesDialogPresenter.cs" />
        <File uid="46" fullPath="/Users/herpiko/src/noctua-sdk-unity-upm/Runtime/UI/PhoneVerificationDialogPresenter.cs" />
        <File uid="47" fullPath="/Users/herpiko/src/noctua-sdk-unity-upm/Runtime/UI/Presenter.cs" />
        <File uid="48" fullPath="/Users/herpiko/src/noctua-sdk-unity-upm/Runtime/UI/PurchaseHistoryDialogPresenter.cs" />
        <File uid="49" fullPath="/Users/herpiko/src/noctua-sdk-unity-upm/Runtime/UI/RetryDialogPresenter.cs" />
        <File uid="50" fullPath="/Users/herpiko/src/noctua-sdk-unity-upm/Runtime/UI/ScreenRotationMonitor.cs" />
        <File uid="51" fullPath="/Users/herpiko/src/noctua-sdk-unity-upm/Runtime/UI/Spinner.cs" />
        <File uid="52" fullPath="/Users/herpiko/src/noctua-sdk-unity-upm/Runtime/UI/StartGameErrorDialogPresenter.cs" />
        <File uid="53" fullPath="/Users/herpiko/src/noctua-sdk-unity-upm/Runtime/UI/SwitchAccountConfirmationDialogPresenter.cs" />
        <File uid="54" fullPath="/Users/herpiko/src/noctua-sdk-unity-upm/Runtime/UI/UIFactory.cs" />
        <File uid="55" fullPath="/Users/herpiko/src/noctua-sdk-unity-upm/Runtime/UI/UserCenterPresenter.cs" />
        <File uid="56" fullPath="/Users/herpiko/src/noctua-sdk-unity-upm/Runtime/UI/WebContentPresenter.cs" />
        <File uid="57" fullPath="/Users/herpiko/src/noctua-sdk-unity-upm/Runtime/UI/WelcomeNotificationPresenter.cs" />
        <File uid="58" fullPath="/Users/herpiko/src/noctua-sdk-unity-upm/Runtime/Events/EventSender.cs" />
        <File uid="59" fullPath="/Users/herpiko/src/noctua-sdk-unity-upm/Runtime/Events/NoctuaEventService.cs" />
        <File uid="60" fullPath="/Users/herpiko/src/noctua-sdk-unity-upm/Runtime/Events/SessionTracker.cs" />
        <File uid="61" fullPath="/Users/herpiko/src/noctua-sdk-unity-upm/Runtime/Events/SessionTrackerBehaviour.cs" />
        <File uid="62" fullPath="/Users/herpiko/src/noctua-sdk-unity-upm/Runtime/AdsManager/AdPlaceholder/PlaceholderAssetSource.cs" />
      </Files>
      <Classes>
        <Class>
          <Summary numSequencePoints="20" visitedSequencePoints="20" numBranchPoints="0" visitedBranchPoints="0" sequenceCoverage="100.0" branchCoverage="0.0" maxCyclomaticComplexity="0" minCyclomaticComplexity="0" maxCrapScore="0" minCrapScore="0" visitedClasses="1" numClasses="1" visitedMethods="12" numMethods="12" />
          <FullName>ExperimentManager</FullName>
          <Methods>
            <Method visited="true" cyclomaticComplexity="0" nPathComplexity="0" sequenceCoverage="100.0" branchCoverage="0" crapScore="0" isConstructor="false" isStatic="true" isGetter="false" isSetter="false">
              <Summary numSequencePoints="2" visitedSequencePoints="2" numBranchPoints="0" visitedBranchPoints="0" sequenceCoverage="100.0" branchCoverage="0" maxCyclomaticComplexity="0" minCyclomaticComplexity="0" maxCrapScore="0" minCrapScore="0" visitedClasses="0" numClasses="0" visitedMethods="1" numMethods="1" />
              <MetadataToken>100663309</MetadataToken>
              <Name>static System.Void ExperimentManager::SetFlag(System.String, System.Object)</Name>
              <FileRef uid="2" />
              <SequencePoints>
                <SequencePoint vc="11" uspid="6358" ordinal="0" offset="0" sl="13" sc="9" el="13" ec="9" bec="0" bev="0" fileid="2" />
                <SequencePoint vc="11" uspid="6359" ordinal="0" offset="12" sl="14" sc="5" el="14" ec="5" bec="0" bev="0" fileid="2" />
              </SequencePoints>
              <BranchPoints />
            </Method>
            <Method visited="true" cyclomaticComplexity="0" nPathComplexity="0" sequenceCoverage="100.0" branchCoverage="0" crapScore="0" isConstructor="false" isStatic="true" isGetter="false" isSetter="false">
              <Summary numSequencePoints="3" visitedSequencePoints="3" numBranchPoints="0" visitedBranchPoints="0" sequenceCoverage="100.0" branchCoverage="0" maxCyclomaticComplexity="0" minCyclomaticComplexity="0" maxCrapScore="0" minCrapScore="0" visitedClasses="0" numClasses="0" visitedMethods="1" numMethods="1" />
              <MetadataToken>100663310</MetadataToken>
              <Name>static T ExperimentManager::GetFlag[T](System.String, T)</Name>
              <FileRef uid="2" />
              <SequencePoints>
                <SequencePoint vc="18" uspid="6360" ordinal="0" offset="0" sl="18" sc="0" el="18" ec="0" bec="0" bev="0" fileid="2" />
                <SequencePoint vc="8" uspid="6361" ordinal="0" offset="15" sl="20" sc="0" el="20" ec="0" bec="0" bev="0" fileid="2" />
                <SequencePoint vc="10" uspid="6362" ordinal="0" offset="22" sl="22" sc="0" el="22" ec="0" bec="0" bev="0" fileid="2" />
              </SequencePoints>
              <BranchPoints />
            </Method>
            <Method visited="true" cyclomaticComplexity="0" nPathComplexity="0" sequenceCoverage="100.0" branchCoverage="0" crapScore="0" isConstructor="false" isStatic="true" isGetter="false" isSetter="false">
              <Summary numSequencePoints="2" visitedSequencePoints="2" numBranchPoints="0" visitedBranchPoints="0" sequenceCoverage="100.0" branchCoverage="0" maxCyclomaticComplexity="0" minCyclomaticComplexity="0" maxCrapScore="0" minCrapScore="0" visitedClasses="0" numClasses="0" visitedMethods="1" numMethods="1" />
              <MetadataToken>100663311</MetadataToken>
              <Name>static System.Void ExperimentManager::Clear()</Name>
              <FileRef uid="2" />
              <SequencePoints>
                <SequencePoint vc="31" uspid="6363" ordinal="0" offset="0" sl="27" sc="9" el="27" ec="9" bec="0" bev="0" fileid="2" />
                <SequencePoint vc="31" uspid="6364" ordinal="0" offset="10" sl="28" sc="5" el="28" ec="5" bec="0" bev="0" fileid="2" />
              </SequencePoints>
              <BranchPoints />
            </Method>
            <Method visited="true" cyclomaticComplexity="0" nPathComplexity="0" sequenceCoverage="100.0" branchCoverage="0" crapScore="0" isConstructor="false" isStatic="true" isGetter="false" isSetter="false">
              <Summary numSequencePoints="2" visitedSequencePoints="2" numBranchPoints="0" visitedBranchPoints="0" sequenceCoverage="100.0" branchCoverage="0" maxCyclomaticComplexity="0" minCyclomaticComplexity="0" maxCrapScore="0" minCrapScore="0" visitedClasses="0" numClasses="0" visitedMethods="1" numMethods="1" />
              <MetadataToken>100663312</MetadataToken>
              <Name>static System.Void ExperimentManager::SetSessionId(System.String)</Name>
              <FileRef uid="2" />
              <SequencePoints>
                <SequencePoint vc="1" uspid="6365" ordinal="0" offset="0" sl="32" sc="9" el="32" ec="9" bec="0" bev="0" fileid="2" />
                <SequencePoint vc="1" uspid="6366" ordinal="0" offset="11" sl="33" sc="5" el="33" ec="5" bec="0" bev="0" fileid="2" />
              </SequencePoints>
              <BranchPoints />
            </Method>
            <Method visited="true" cyclomaticComplexity="0" nPathComplexity="0" sequenceCoverage="100.0" branchCoverage="0" crapScore="0" isConstructor="false" isStatic="true" isGetter="false" isSetter="false">
              <Summary numSequencePoints="1" visitedSequencePoints="1" numBranchPoints="0" visitedBranchPoints="0" sequenceCoverage="100.0" branchCoverage="0" maxCyclomaticComplexity="0" minCyclomaticComplexity="0" maxCrapScore="0" minCrapScore="0" visitedClasses="0" numClasses="0" visitedMethods="1" numMethods="1" />
              <MetadataToken>100663313</MetadataToken>
              <Name>static System.String ExperimentManager::GetSessionId()</Name>
              <FileRef uid="2" />
              <SequencePoints>
                <SequencePoint vc="2" uspid="6367" ordinal="0" offset="0" sl="37" sc="9" el="37" ec="9" bec="0" bev="0" fileid="2" />
              </SequencePoints>
              <BranchPoints />
            </Method>
            <Method visited="true" cyclomaticComplexity="0" nPathComplexity="0" sequenceCoverage="100.0" branchCoverage="0" crapScore="0" isConstructor="false" isStatic="true" isGetter="false" isSetter="false">
              <Summary numSequencePoints="2" visitedSequencePoints="2" numBranchPoints="0" visitedBranchPoints="0" sequenceCoverage="100.0" branchCoverage="0" maxCyclomaticComplexity="0" minCyclomaticComplexity="0" maxCrapScore="0" minCrapScore="0" visitedClasses="0" numClasses="0" visitedMethods="1" numMethods="1" />
              <MetadataToken>100663314</MetadataToken>
              <Name>static System.Void ExperimentManager::SetGeneralExperiment(System.String, System.String)</Name>
              <FileRef uid="2" />
              <SequencePoints>
                <SequencePoint vc="1" uspid="6368" ordinal="0" offset="0" sl="42" sc="9" el="42" ec="9" bec="0" bev="0" fileid="2" />
                <SequencePoint vc="1" uspid="6369" ordinal="0" offset="7" sl="43" sc="5" el="43" ec="5" bec="0" bev="0" fileid="2" />
              </SequencePoints>
              <BranchPoints />
            </Method>
            <Method visited="true" cyclomaticComplexity="0" nPathComplexity="0" sequenceCoverage="100.0" branchCoverage="0" crapScore="0" isConstructor="false" isStatic="true" isGetter="false" isSetter="false">
              <Summary numSequencePoints="1" visitedSequencePoints="1" numBranchPoints="0" visitedBranchPoints="0" sequenceCoverage="100.0" branchCoverage="0" maxCyclomaticComplexity="0" minCyclomaticComplexity="0" maxCrapScore="0" minCrapScore="0" visitedClasses="0" numClasses="0" visitedMethods="1" numMethods="1" />
              <MetadataToken>100663315</MetadataToken>
              <Name>static System.String ExperimentManager::GetGeneralExperiment(System.String)</Name>
              <FileRef uid="2" />
              <SequencePoints>
                <SequencePoint vc="2" uspid="6370" ordinal="0" offset="0" sl="47" sc="9" el="47" ec="9" bec="0" bev="0" fileid="2" />
              </SequencePoints>
              <BranchPoints />
            </Method>
            <Method visited="true" cyclomaticComplexity="0" nPathComplexity="0" sequenceCoverage="100.0" branchCoverage="0" crapScore="0" isConstructor="false" isStatic="true" isGetter="false" isSetter="false">
              <Summary numSequencePoints="2" visitedSequencePoints="2" numBranchPoints="0" visitedBranchPoints="0" sequenceCoverage="100.0" branchCoverage="0" maxCyclomaticComplexity="0" minCyclomaticComplexity="0" maxCrapScore="0" minCrapScore="0" visitedClasses="0" numClasses="0" visitedMethods="1" numMethods="1" />
              <MetadataToken>100663316</MetadataToken>
              <Name>static System.Void ExperimentManager::SetExperiment(System.String)</Name>
              <FileRef uid="2" />
              <SequencePoints>
                <SequencePoint vc="1" uspid="6371" ordinal="0" offset="0" sl="52" sc="9" el="52" ec="9" bec="0" bev="0" fileid="2" />
                <SequencePoint vc="1" uspid="6372" ordinal="0" offset="11" sl="53" sc="5" el="53" ec="5" bec="0" bev="0" fileid="2" />
              </SequencePoints>
              <BranchPoints />
            </Method>
            <Method visited="true" cyclomaticComplexity="0" nPathComplexity="0" sequenceCoverage="100.0" branchCoverage="0" crapScore="0" isConstructor="false" isStatic="true" isGetter="false" isSetter="false">
              <Summary numSequencePoints="1" visitedSequencePoints="1" numBranchPoints="0" visitedBranchPoints="0" sequenceCoverage="100.0" branchCoverage="0" maxCyclomaticComplexity="0" minCyclomaticComplexity="0" maxCrapScore="0" minCrapScore="0" visitedClasses="0" numClasses="0" visitedMethods="1" numMethods="1" />
              <MetadataToken>100663317</MetadataToken>
              <Name>static System.String ExperimentManager::GetActiveExperiment()</Name>
              <FileRef uid="2" />
              <SequencePoints>
                <SequencePoint vc="2" uspid="6373" ordinal="0" offset="0" sl="57" sc="9" el="57" ec="9" bec="0" bev="0" fileid="2" />
              </SequencePoints>
              <BranchPoints />
            </Method>
            <Method visited="true" cyclomaticComplexity="0" nPathComplexity="0" sequenceCoverage="100.0" branchCoverage="0" crapScore="0" isConstructor="false" isStatic="true" isGetter="false" isSetter="false">
              <Summary numSequencePoints="2" visitedSequencePoints="2" numBranchPoints="0" visitedBranchPoints="0" sequenceCoverage="100.0" branchCoverage="0" maxCyclomaticComplexity="0" minCyclomaticComplexity="0" maxCrapScore="0" minCrapScore="0" visitedClasses="0" numClasses="0" visitedMethods="1" numMethods="1" />
              <MetadataToken>100663318</MetadataToken>
              <Name>static System.Void ExperimentManager::SetSessionTag(System.String)</Name>
              <FileRef uid="2" />
              <SequencePoints>
                <SequencePoint vc="1" uspid="6374" ordinal="0" offset="0" sl="62" sc="9" el="62" ec="9" bec="0" bev="0" fileid="2" />
                <SequencePoint vc="1" uspid="6375" ordinal="0" offset="11" sl="63" sc="5" el="63" ec="5" bec="0" bev="0" fileid="2" />
              </SequencePoints>
              <BranchPoints />
            </Method>
            <Method visited="true" cyclomaticComplexity="0" nPathComplexity="0" sequenceCoverage="100.0" branchCoverage="0" crapScore="0" isConstructor="false" isStatic="true" isGetter="false" isSetter="false">
              <Summary numSequencePoints="1" visitedSequencePoints="1" numBranchPoints="0" visitedBranchPoints="0" sequenceCoverage="100.0" branchCoverage="0" maxCyclomaticComplexity="0" minCyclomaticComplexity="0" maxCrapScore="0" minCrapScore="0" visitedClasses="0" numClasses="0" visitedMethods="1" numMethods="1" />
              <MetadataToken>100663319</MetadataToken>
              <Name>static System.String ExperimentManager::GetSessionTag()</Name>
              <FileRef uid="2" />
              <SequencePoints>
                <SequencePoint vc="2" uspid="6376" ordinal="0" offset="0" sl="67" sc="9" el="67" ec="9" bec="0" bev="0" fileid="2" />
              </SequencePoints>
              <BranchPoints />
            </Method>
            <Method visited="true" cyclomaticComplexity="0" nPathComplexity="0" sequenceCoverage="100.0" branchCoverage="0" crapScore="0" isConstructor="true" isStatic="true" isGetter="false" isSetter="false">
              <Summary numSequencePoints="1" visitedSequencePoints="1" numBranchPoints="0" visitedBranchPoints="0" sequenceCoverage="100.0" branchCoverage="0" maxCyclomaticComplexity="0" minCyclomaticComplexity="0" maxCrapScore="0" minCrapScore="0" visitedClasses="0" numClasses="0" visitedMethods="1" numMethods="1" />
              <MetadataToken>100663320</MetadataToken>
              <Name>static ExperimentManager::ExperimentManager()</Name>
              <FileRef uid="2" />
              <SequencePoints>
                <SequencePoint vc="1" uspid="6377" ordinal="0" offset="0" sl="9" sc="5" el="9" ec="5" bec="0" bev="0" fileid="2" />
              </SequencePoints>
              <BranchPoints />
            </Method>
          </Methods>
        </Class>
        <Class>
          <Summary numSequencePoints="2" visitedSequencePoints="0" numBranchPoints="0" visitedBranchPoints="0" sequenceCoverage="0.0" branchCoverage="0.0" maxCyclomaticComplexity="0" minCyclomaticComplexity="0" maxCrapScore="0" minCrapScore="0" visitedClasses="0" numClasses="1" visitedMethods="0" numMethods="1" />
          <FullName>JsonUtilityHelper</FullName>
          <Methods>
            <Method visited="false" cyclomaticComplexity="0" nPathComplexity="0" sequenceCoverage="0.0" branchCoverage="0" crapScore="0" isConstructor="false" isStatic="true" isGetter="false" isSetter="false">
              <Summary numSequencePoints="2" visitedSequencePoints="0" numBranchPoints="0" visitedBranchPoints="0" sequenceCoverage="0.0" branchCoverage="0" maxCyclomaticComplexity="0" minCyclomaticComplexity="0" maxCrapScore="0" minCrapScore="0" visitedClasses="0" numClasses="0" visitedMethods="0" numMethods="1" />
              <MetadataToken>100663321</MetadataToken>
              <Name>static System.Collections.Generic.List[T] JsonUtilityHelper::FromJsonArray[T](System.String)</Name>
              <FileRef uid="3" />
              <SequencePoints>
                <SequencePoint vc="0" uspid="6378" ordinal="0" offset="0" sl="576" sc="0" el="576" ec="0" bec="0" bev="0" fileid="3" />
                <SequencePoint vc="0" uspid="6379" ordinal="0" offset="16" sl="577" sc="0" el="577" ec="0" bec="0" bev="0" fileid="3" />
              </SequencePoints>
              <BranchPoints />
            </Method>
          </Methods>
        </Class>
        <Class>
          <Summary numSequencePoints="142" visitedSequencePoints="126" numBranchPoints="0" visitedBranchPoints="0" sequenceCoverage="88.73" branchCoverage="0.0" maxCyclomaticComplexity="0" minCyclomaticComplexity="0" maxCrapScore="0" minCrapScore="0" visitedClasses="1" numClasses="1" visitedMethods="14" numMethods="14" />
          <FullName>com.noctuagames.sdk.AccountContainer</FullName>
          <Methods>
            <Method visited="true" cyclomaticComplexity="0" nPathComplexity="0" sequenceCoverage="100.0" branchCoverage="0" crapScore="0" isConstructor="false" isStatic="false" isGetter="true" isSetter="false">
              <Summary numSequencePoints="1" visitedSequencePoints="1" numBranchPoints="0" visitedBranchPoints="0" sequenceCoverage="100.0" branchCoverage="0" maxCyclomaticComplexity="0" minCyclomaticComplexity="0" maxCrapScore="0" minCrapScore="0" visitedClasses="0" numClasses="0" visitedMethods="1" numMethods="1" />
              <MetadataToken>100663332</MetadataToken>
              <Name>System.Collections.Generic.IReadOnlyList[UserBundle] com.noctuagames.sdk.AccountContainer::get_Accounts()</Name>
              <FileRef uid="5" />
              <SequencePoints>
                <SequencePoint vc="87" uspid="6398" ordinal="0" offset="0" sl="15" sc="54" el="15" ec="54" bec="0" bev="0" fileid="5" />
              </SequencePoints>
              <BranchPoints />
            </Method>
            <Method visited="true" cyclomaticComplexity="0" nPathComplexity="0" sequenceCoverage="100.0" branchCoverage="0" crapScore="0" isConstructor="false" isStatic="false" isGetter="true" isSetter="false">
              <Summary numSequencePoints="1" visitedSequencePoints="1" numBranchPoints="0" visitedBranchPoints="0" sequenceCoverage="100.0" branchCoverage="0" maxCyclomaticComplexity="0" minCyclomaticComplexity="0" maxCrapScore="0" minCrapScore="0" visitedClasses="0" numClasses="0" visitedMethods="1" numMethods="1" />
              <MetadataToken>100663335</MetadataToken>
              <Name>com.noctuagames.sdk.UserBundle com.noctuagames.sdk.AccountContainer::get_RecentAccount()</Name>
              <FileRef uid="5" />
              <SequencePoints>
                <SequencePoint vc="81" uspid="6401" ordinal="0" offset="0" sl="29" sc="20" el="29" ec="20" bec="0" bev="0" fileid="5" />
              </SequencePoints>
              <BranchPoints />
            </Method>
            <Method visited="true" cyclomaticComplexity="0" nPathComplexity="0" sequenceCoverage="100.0" branchCoverage="0" crapScore="0" isConstructor="false" isStatic="false" isGetter="false" isSetter="true">
              <Summary numSequencePoints="7" visitedSequencePoints="7" numBranchPoints="0" visitedBranchPoints="0" sequenceCoverage="100.0" branchCoverage="0" maxCyclomaticComplexity="0" minCyclomaticComplexity="0" maxCrapScore="0" minCrapScore="0" visitedClasses="0" numClasses="0" visitedMethods="1" numMethods="1" />
              <MetadataToken>100663336</MetadataToken>
              <Name>System.Void com.noctuagames.sdk.AccountContainer::set_RecentAccount(com.noctuagames.sdk.UserBundle)</Name>
              <FileRef uid="5" />
              <SequencePoints>
                <SequencePoint vc="40" uspid="6402" ordinal="0" offset="0" sl="33" sc="17" el="33" ec="17" bec="0" bev="0" fileid="5" />
                <SequencePoint vc="40" uspid="6403" ordinal="0" offset="7" sl="34" sc="17" el="34" ec="17" bec="0" bev="0" fileid="5" />
                <SequencePoint vc="40" uspid="6404" ordinal="0" offset="14" sl="36" sc="17" el="36" ec="17" bec="0" bev="0" fileid="5" />
                <SequencePoint vc="9" uspid="6405" ordinal="0" offset="283" sl="38" sc="21" el="38" ec="21" bec="0" bev="0" fileid="5" />
                <SequencePoint vc="31" uspid="6406" ordinal="0" offset="284" sl="41" sc="17" el="41" ec="17" bec="0" bev="0" fileid="5" />
                <SequencePoint vc="31" uspid="6407" ordinal="0" offset="452" sl="43" sc="17" el="43" ec="17" bec="0" bev="0" fileid="5" />
                <SequencePoint vc="31" uspid="6408" ordinal="0" offset="469" sl="44" sc="13" el="44" ec="13" bec="0" bev="0" fileid="5" />
              </SequencePoints>
              <BranchPoints />
            </Method>
            <Method visited="true" cyclomaticComplexity="0" nPathComplexity="0" sequenceCoverage="100.0" branchCoverage="0" crapScore="0" isConstructor="false" isStatic="false" isGetter="false" isSetter="false">
              <Summary numSequencePoints="7" visitedSequencePoints="7" numBranchPoints="0" visitedBranchPoints="0" sequenceCoverage="100.0" branchCoverage="0" maxCyclomaticComplexity="0" minCyclomaticComplexity="0" maxCrapScore="0" minCrapScore="0" visitedClasses="0" numClasses="0" visitedMethods="1" numMethods="1" />
              <MetadataToken>100663340</MetadataToken>
              <Name>System.Void com.noctuagames.sdk.AccountContainer::Load()</Name>
              <FileRef uid="5" />
              <SequencePoints>
                <SequencePoint vc="39" uspid="6409" ordinal="0" offset="0" sl="72" sc="13" el="72" ec="13" bec="0" bev="0" fileid="5" />
                <SequencePoint vc="39" uspid="6410" ordinal="0" offset="12" sl="73" sc="13" el="73" ec="13" bec="0" bev="0" fileid="5" />
                <SequencePoint vc="39" uspid="6411" ordinal="0" offset="20" sl="75" sc="13" el="75" ec="13" bec="0" bev="0" fileid="5" />
                <SequencePoint vc="39" uspid="6412" ordinal="0" offset="57" sl="77" sc="13" el="77" ec="13" bec="0" bev="0" fileid="5" />
                <SequencePoint vc="39" uspid="6413" ordinal="0" offset="68" sl="78" sc="13" el="78" ec="13" bec="0" bev="0" fileid="5" />
                <SequencePoint vc="39" uspid="6414" ordinal="0" offset="80" sl="80" sc="13" el="80" ec="13" bec="0" bev="0" fileid="5" />
                <SequencePoint vc="39" uspid="6415" ordinal="0" offset="128" sl="81" sc="9" el="81" ec="9" bec="0" bev="0" fileid="5" />
              </SequencePoints>
              <BranchPoints />
            </Method>
            <Method visited="true" cyclomaticComplexity="0" nPathComplexity="0" sequenceCoverage="100.0" branchCoverage="0" crapScore="0" isConstructor="false" isStatic="false" isGetter="false" isSetter="false">
              <Summary numSequencePoints="3" visitedSequencePoints="3" numBranchPoints="0" visitedBranchPoints="0" sequenceCoverage="100.0" branchCoverage="0" maxCyclomaticComplexity="0" minCyclomaticComplexity="0" maxCrapScore="0" minCrapScore="0" visitedClasses="0" numClasses="0" visitedMethods="1" numMethods="1" />
              <MetadataToken>100663341</MetadataToken>
              <Name>System.Void com.noctuagames.sdk.AccountContainer::UpdateRecentAccount(com.noctuagames.sdk.PlayerToken)</Name>
              <FileRef uid="5" />
              <SequencePoints>
                <SequencePoint vc="28" uspid="6416" ordinal="0" offset="0" sl="85" sc="13" el="85" ec="13" bec="0" bev="0" fileid="5" />
                <SequencePoint vc="28" uspid="6417" ordinal="0" offset="7" sl="87" sc="13" el="87" ec="13" bec="0" bev="0" fileid="5" />
                <SequencePoint vc="28" uspid="6418" ordinal="0" offset="14" sl="88" sc="9" el="88" ec="9" bec="0" bev="0" fileid="5" />
              </SequencePoints>
              <BranchPoints />
            </Method>
            <Method visited="true" cyclomaticComplexity="0" nPathComplexity="0" sequenceCoverage="80.00" branchCoverage="0" crapScore="0" isConstructor="false" isStatic="false" isGetter="false" isSetter="false">
              <Summary numSequencePoints="30" visitedSequencePoints="24" numBranchPoints="0" visitedBranchPoints="0" sequenceCoverage="80.00" branchCoverage="0" maxCyclomaticComplexity="0" minCyclomaticComplexity="0" maxCrapScore="0" minCrapScore="0" visitedClasses="0" numClasses="0" visitedMethods="1" numMethods="1" />
              <MetadataToken>100663342</MetadataToken>
              <Name>System.Void com.noctuagames.sdk.AccountContainer::UpdateRecentAccount(com.noctuagames.sdk.UserBundle)</Name>
              <FileRef uid="5" />
              <SequencePoints>
                <SequencePoint vc="28" uspid="6419" ordinal="0" offset="13" sl="92" sc="13" el="92" ec="13" bec="0" bev="0" fileid="5" />
                <SequencePoint vc="0" uspid="6420" ordinal="0" offset="21" sl="94" sc="17" el="94" ec="17" bec="0" bev="0" fileid="5" />
                <SequencePoint vc="0" uspid="6421" ordinal="0" offset="42" sl="96" sc="17" el="96" ec="17" bec="0" bev="0" fileid="5" />
                <SequencePoint vc="28" uspid="6422" ordinal="0" offset="43" sl="99" sc="13" el="99" ec="13" bec="0" bev="0" fileid="5" />
                <SequencePoint vc="0" uspid="6423" ordinal="0" offset="79" sl="101" sc="17" el="101" ec="17" bec="0" bev="0" fileid="5" />
                <SequencePoint vc="0" uspid="6424" ordinal="0" offset="100" sl="103" sc="17" el="103" ec="17" bec="0" bev="0" fileid="5" />
                <SequencePoint vc="28" uspid="6425" ordinal="0" offset="101" sl="106" sc="13" el="106" ec="13" bec="0" bev="0" fileid="5" />
                <SequencePoint vc="28" uspid="6426" ordinal="0" offset="135" sl="110" sc="17" el="110" ec="17" bec="0" bev="0" fileid="5" />
                <SequencePoint vc="27" uspid="6427" ordinal="0" offset="147" sl="111" sc="17" el="111" ec="17" bec="0" bev="0" fileid="5" />
                <SequencePoint vc="27" uspid="6428" ordinal="0" offset="153" sl="115" sc="17" el="115" ec="17" bec="0" bev="0" fileid="5" />
                <SequencePoint vc="24" uspid="6429" ordinal="0" offset="178" sl="115" sc="55" el="115" ec="55" bec="0" bev="0" fileid="5" />
                <SequencePoint vc="3" uspid="6430" ordinal="0" offset="183" sl="117" sc="17" el="117" ec="17" bec="0" bev="0" fileid="5" />
                <SequencePoint vc="3" uspid="6431" ordinal="0" offset="204" sl="119" sc="17" el="119" ec="17" bec="0" bev="0" fileid="5" />
                <SequencePoint vc="3" uspid="6432" ordinal="0" offset="216" sl="120" sc="17" el="120" ec="17" bec="0" bev="0" fileid="5" />
                <SequencePoint vc="3" uspid="6433" ordinal="0" offset="222" sl="122" sc="17" el="122" ec="17" bec="0" bev="0" fileid="5" />
                <SequencePoint vc="1" uspid="6434" ordinal="0" offset="247" sl="122" sc="55" el="122" ec="55" bec="0" bev="0" fileid="5" />
                <SequencePoint vc="2" uspid="6435" ordinal="0" offset="252" sl="124" sc="17" el="124" ec="17" bec="0" bev="0" fileid="5" />
                <SequencePoint vc="2" uspid="6436" ordinal="0" offset="273" sl="125" sc="17" el="125" ec="17" bec="0" bev="0" fileid="5" />
                <SequencePoint vc="2" uspid="6437" ordinal="0" offset="284" sl="126" sc="13" el="126" ec="13" bec="0" bev="0" fileid="5" />
                <SequencePoint vc="1" uspid="6438" ordinal="0" offset="286" sl="127" sc="13" el="127" ec="13" bec="0" bev="0" fileid="5" />
                <SequencePoint vc="1" uspid="6439" ordinal="0" offset="287" sl="129" sc="17" el="129" ec="17" bec="0" bev="0" fileid="5" />
                <SequencePoint vc="1" uspid="6440" ordinal="0" offset="319" sl="130" sc="17" el="130" ec="17" bec="0" bev="0" fileid="5" />
                <SequencePoint vc="1" uspid="6441" ordinal="0" offset="330" sl="131" sc="13" el="131" ec="13" bec="0" bev="0" fileid="5" />
                <SequencePoint vc="3" uspid="6442" ordinal="0" offset="332" sl="133" sc="13" el="133" ec="13" bec="0" bev="0" fileid="5" />
                <SequencePoint vc="3" uspid="6443" ordinal="0" offset="344" sl="134" sc="13" el="134" ec="13" bec="0" bev="0" fileid="5" />
                <SequencePoint vc="3" uspid="6444" ordinal="0" offset="350" sl="136" sc="13" el="136" ec="13" bec="0" bev="0" fileid="5" />
                <SequencePoint vc="3" uspid="6445" ordinal="0" offset="363" sl="136" sc="39" el="136" ec="39" bec="0" bev="0" fileid="5" />
                <SequencePoint vc="0" uspid="6446" ordinal="0" offset="364" sl="138" sc="13" el="138" ec="13" bec="0" bev="0" fileid="5" />
                <SequencePoint vc="0" uspid="6447" ordinal="0" offset="385" sl="140" sc="13" el="140" ec="13" bec="0" bev="0" fileid="5" />
                <SequencePoint vc="25" uspid="6448" ordinal="0" offset="406" sl="141" sc="9" el="141" ec="9" bec="0" bev="0" fileid="5" />
              </SequencePoints>
              <BranchPoints />
            </Method>
            <Method visited="true" cyclomaticComplexity="0" nPathComplexity="0" sequenceCoverage="100.0" branchCoverage="0" crapScore="0" isConstructor="false" isStatic="false" isGetter="false" isSetter="false">
              <Summary numSequencePoints="3" visitedSequencePoints="3" numBranchPoints="0" visitedBranchPoints="0" sequenceCoverage="100.0" branchCoverage="0" maxCyclomaticComplexity="0" minCyclomaticComplexity="0" maxCrapScore="0" minCrapScore="0" visitedClasses="0" numClasses="0" visitedMethods="1" numMethods="1" />
              <MetadataToken>100663343</MetadataToken>
              <Name>System.Void com.noctuagames.sdk.AccountContainer::Save(com.noctuagames.sdk.UserBundle)</Name>
              <FileRef uid="5" />
              <SequencePoints>
                <SequencePoint vc="34" uspid="6449" ordinal="0" offset="0" sl="145" sc="13" el="145" ec="13" bec="0" bev="0" fileid="5" />
                <SequencePoint vc="34" uspid="6450" ordinal="0" offset="69" sl="147" sc="13" el="147" ec="13" bec="0" bev="0" fileid="5" />
                <SequencePoint vc="33" uspid="6451" ordinal="0" offset="87" sl="148" sc="9" el="148" ec="9" bec="0" bev="0" fileid="5" />
              </SequencePoints>
              <BranchPoints />
            </Method>
            <Method visited="true" cyclomaticComplexity="0" nPathComplexity="0" sequenceCoverage="77.78" branchCoverage="0" crapScore="0" isConstructor="false" isStatic="true" isGetter="false" isSetter="false">
              <Summary numSequencePoints="18" visitedSequencePoints="14" numBranchPoints="0" visitedBranchPoints="0" sequenceCoverage="77.78" branchCoverage="0" maxCyclomaticComplexity="0" minCyclomaticComplexity="0" maxCrapScore="0" minCrapScore="0" visitedClasses="0" numClasses="0" visitedMethods="1" numMethods="1" />
              <MetadataToken>100663344</MetadataToken>
              <Name>static com.noctuagames.sdk.UserBundle com.noctuagames.sdk.AccountContainer::TransformTokenResponseToUserBundle(com.noctuagames.sdk.PlayerToken)</Name>
              <FileRef uid="5" />
              <SequencePoints>
                <SequencePoint vc="28" uspid="6452" ordinal="0" offset="0" sl="152" sc="13" el="152" ec="13" bec="0" bev="0" fileid="5" />
                <SequencePoint vc="0" uspid="6453" ordinal="0" offset="3" sl="154" sc="17" el="154" ec="17" bec="0" bev="0" fileid="5" />
                <SequencePoint vc="28" uspid="6454" ordinal="0" offset="14" sl="157" sc="13" el="157" ec="13" bec="0" bev="0" fileid="5" />
                <SequencePoint vc="0" uspid="6455" ordinal="0" offset="22" sl="159" sc="17" el="159" ec="17" bec="0" bev="0" fileid="5" />
                <SequencePoint vc="28" uspid="6456" ordinal="0" offset="33" sl="162" sc="13" el="162" ec="13" bec="0" bev="0" fileid="5" />
                <SequencePoint vc="0" uspid="6457" ordinal="0" offset="41" sl="164" sc="17" el="164" ec="17" bec="0" bev="0" fileid="5" />
                <SequencePoint vc="28" uspid="6458" ordinal="0" offset="52" sl="167" sc="13" el="167" ec="13" bec="0" bev="0" fileid="5" />
                <SequencePoint vc="0" uspid="6459" ordinal="0" offset="60" sl="169" sc="17" el="169" ec="17" bec="0" bev="0" fileid="5" />
                <SequencePoint vc="28" uspid="6460" ordinal="0" offset="71" sl="172" sc="13" el="172" ec="13" bec="0" bev="0" fileid="5" />
                <SequencePoint vc="28" uspid="6461" ordinal="0" offset="136" sl="180" sc="13" el="180" ec="13" bec="0" bev="0" fileid="5" />
                <SequencePoint vc="28" uspid="6462" ordinal="0" offset="165" sl="181" sc="13" el="181" ec="13" bec="0" bev="0" fileid="5" />
                <SequencePoint vc="28" uspid="6463" ordinal="0" offset="195" sl="182" sc="13" el="182" ec="13" bec="0" bev="0" fileid="5" />
                <SequencePoint vc="28" uspid="6464" ordinal="0" offset="225" sl="183" sc="13" el="183" ec="13" bec="0" bev="0" fileid="5" />
                <SequencePoint vc="28" uspid="6465" ordinal="0" offset="254" sl="184" sc="13" el="184" ec="13" bec="0" bev="0" fileid="5" />
                <SequencePoint vc="28" uspid="6466" ordinal="0" offset="283" sl="185" sc="13" el="185" ec="13" bec="0" bev="0" fileid="5" />
                <SequencePoint vc="28" uspid="6467" ordinal="0" offset="300" sl="186" sc="13" el="186" ec="13" bec="0" bev="0" fileid="5" />
                <SequencePoint vc="28" uspid="6468" ordinal="0" offset="317" sl="187" sc="13" el="187" ec="13" bec="0" bev="0" fileid="5" />
                <SequencePoint vc="28" uspid="6469" ordinal="0" offset="339" sl="189" sc="13" el="189" ec="13" bec="0" bev="0" fileid="5" />
              </SequencePoints>
              <BranchPoints />
            </Method>
            <Method visited="true" cyclomaticComplexity="0" nPathComplexity="0" sequenceCoverage="90.00" branchCoverage="0" crapScore="0" isConstructor="false" isStatic="false" isGetter="false" isSetter="false">
              <Summary numSequencePoints="10" visitedSequencePoints="9" numBranchPoints="0" visitedBranchPoints="0" sequenceCoverage="90.00" branchCoverage="0" maxCyclomaticComplexity="0" minCyclomaticComplexity="0" maxCrapScore="0" minCrapScore="0" visitedClasses="0" numClasses="0" visitedMethods="1" numMethods="1" />
              <MetadataToken>100663346</MetadataToken>
              <Name>System.Void com.noctuagames.sdk.AccountContainer::ResetAccounts()</Name>
              <FileRef uid="5" />
              <SequencePoints>
                <SequencePoint vc="1" uspid="6472" ordinal="0" offset="0" sl="199" sc="13" el="199" ec="13" bec="0" bev="0" fileid="5" />
                <SequencePoint vc="0" uspid="6473" ordinal="0" offset="13" sl="201" sc="17" el="201" ec="17" bec="0" bev="0" fileid="5" />
                <SequencePoint vc="1" uspid="6474" ordinal="0" offset="39" sl="206" sc="17" el="206" ec="17" bec="0" bev="0" fileid="5" />
                <SequencePoint vc="1" uspid="6475" ordinal="0" offset="98" sl="210" sc="41" el="210" ec="41" bec="0" bev="0" fileid="5" />
                <SequencePoint vc="2" uspid="6476" ordinal="0" offset="106" sl="210" sc="26" el="210" ec="26" bec="0" bev="0" fileid="5" />
                <SequencePoint vc="2" uspid="6477" ordinal="0" offset="113" sl="212" sc="21" el="212" ec="21" bec="0" bev="0" fileid="5" />
                <SequencePoint vc="3" uspid="6478" ordinal="0" offset="154" sl="210" sc="38" el="210" ec="38" bec="0" bev="0" fileid="5" />
                <SequencePoint vc="1" uspid="6479" ordinal="0" offset="174" sl="222" sc="13" el="222" ec="13" bec="0" bev="0" fileid="5" />
                <SequencePoint vc="1" uspid="6480" ordinal="0" offset="185" sl="223" sc="13" el="223" ec="13" bec="0" bev="0" fileid="5" />
                <SequencePoint vc="1" uspid="6481" ordinal="0" offset="192" sl="224" sc="9" el="224" ec="9" bec="0" bev="0" fileid="5" />
              </SequencePoints>
              <BranchPoints />
            </Method>
            <Method visited="true" cyclomaticComplexity="0" nPathComplexity="0" sequenceCoverage="85.71" branchCoverage="0" crapScore="0" isConstructor="false" isStatic="false" isGetter="false" isSetter="false">
              <Summary numSequencePoints="7" visitedSequencePoints="6" numBranchPoints="0" visitedBranchPoints="0" sequenceCoverage="85.71" branchCoverage="0" maxCyclomaticComplexity="0" minCyclomaticComplexity="0" maxCrapScore="0" minCrapScore="0" visitedClasses="0" numClasses="0" visitedMethods="1" numMethods="1" />
              <MetadataToken>100663347</MetadataToken>
              <Name>com.noctuagames.sdk.NativeAccount com.noctuagames.sdk.AccountContainer::ToNativeAccount(com.noctuagames.sdk.UserBundle)</Name>
              <FileRef uid="5" />
              <SequencePoints>
                <SequencePoint vc="34" uspid="6482" ordinal="0" offset="0" sl="228" sc="13" el="228" ec="13" bec="0" bev="0" fileid="5" />
                <SequencePoint vc="0" uspid="6483" ordinal="0" offset="24" sl="230" sc="17" el="230" ec="17" bec="0" bev="0" fileid="5" />
                <SequencePoint vc="34" uspid="6484" ordinal="0" offset="35" sl="233" sc="13" el="233" ec="13" bec="0" bev="0" fileid="5" />
                <SequencePoint vc="34" uspid="6485" ordinal="0" offset="91" sl="241" sc="13" el="241" ec="13" bec="0" bev="0" fileid="5" />
                <SequencePoint vc="34" uspid="6486" ordinal="0" offset="103" sl="242" sc="13" el="242" ec="13" bec="0" bev="0" fileid="5" />
                <SequencePoint vc="34" uspid="6487" ordinal="0" offset="115" sl="244" sc="13" el="244" ec="13" bec="0" bev="0" fileid="5" />
                <SequencePoint vc="34" uspid="6488" ordinal="0" offset="121" sl="246" sc="13" el="246" ec="13" bec="0" bev="0" fileid="5" />
              </SequencePoints>
              <BranchPoints />
            </Method>
            <Method visited="true" cyclomaticComplexity="0" nPathComplexity="0" sequenceCoverage="92.86" branchCoverage="0" crapScore="0" isConstructor="false" isStatic="false" isGetter="false" isSetter="false">
              <Summary numSequencePoints="42" visitedSequencePoints="39" numBranchPoints="0" visitedBranchPoints="0" sequenceCoverage="92.86" branchCoverage="0" maxCyclomaticComplexity="0" minCyclomaticComplexity="0" maxCrapScore="0" minCrapScore="0" visitedClasses="0" numClasses="0" visitedMethods="1" numMethods="1" />
              <MetadataToken>100663348</MetadataToken>
              <Name>System.Collections.Generic.List[UserBundle] com.noctuagames.sdk.AccountContainer::FromNativeAccounts(System.Collections.Generic.List[NativeAccount])</Name>
              <FileRef uid="5" />
              <SequencePoints>
                <SequencePoint vc="39" uspid="6489" ordinal="0" offset="0" sl="256" sc="13" el="256" ec="13" bec="0" bev="0" fileid="5" />
                <SequencePoint vc="39" uspid="6490" ordinal="0" offset="6" sl="257" sc="13" el="257" ec="13" bec="0" bev="0" fileid="5" />
                <SequencePoint vc="39" uspid="6491" ordinal="0" offset="12" sl="259" sc="37" el="259" ec="37" bec="0" bev="0" fileid="5" />
                <SequencePoint vc="58" uspid="6492" ordinal="0" offset="25" sl="259" sc="22" el="259" ec="22" bec="0" bev="0" fileid="5" />
                <SequencePoint vc="58" uspid="6493" ordinal="0" offset="34" sl="265" sc="21" el="265" ec="21" bec="0" bev="0" fileid="5" />
                <SequencePoint vc="58" uspid="6494" ordinal="0" offset="48" sl="266" sc="17" el="266" ec="17" bec="0" bev="0" fileid="5" />
                <SequencePoint vc="0" uspid="6495" ordinal="0" offset="50" sl="267" sc="17" el="267" ec="17" bec="0" bev="0" fileid="5" />
                <SequencePoint vc="0" uspid="6496" ordinal="0" offset="52" sl="269" sc="21" el="269" ec="21" bec="0" bev="0" fileid="5" />
                <SequencePoint vc="0" uspid="6497" ordinal="0" offset="85" sl="271" sc="21" el="271" ec="21" bec="0" bev="0" fileid="5" />
                <SequencePoint vc="58" uspid="6498" ordinal="0" offset="90" sl="274" sc="17" el="274" ec="17" bec="0" bev="0" fileid="5" />
                <SequencePoint vc="58" uspid="6499" ordinal="0" offset="248" sl="276" sc="17" el="276" ec="17" bec="0" bev="0" fileid="5" />
                <SequencePoint vc="58" uspid="6500" ordinal="0" offset="291" sl="281" sc="17" el="281" ec="17" bec="0" bev="0" fileid="5" />
                <SequencePoint vc="58" uspid="6501" ordinal="0" offset="330" sl="282" sc="17" el="282" ec="17" bec="0" bev="0" fileid="5" />
                <SequencePoint vc="58" uspid="6502" ordinal="0" offset="355" sl="284" sc="17" el="284" ec="17" bec="0" bev="0" fileid="5" />
                <SequencePoint vc="53" uspid="6503" ordinal="0" offset="364" sl="289" sc="17" el="289" ec="17" bec="0" bev="0" fileid="5" />
                <SequencePoint vc="53" uspid="6504" ordinal="0" offset="387" sl="294" sc="17" el="294" ec="17" bec="0" bev="0" fileid="5" />
                <SequencePoint vc="53" uspid="6505" ordinal="0" offset="401" sl="296" sc="17" el="296" ec="17" bec="0" bev="0" fileid="5" />
                <SequencePoint vc="44" uspid="6506" ordinal="0" offset="423" sl="298" sc="21" el="298" ec="21" bec="0" bev="0" fileid="5" />
                <SequencePoint vc="44" uspid="6507" ordinal="0" offset="475" sl="306" sc="21" el="306" ec="21" bec="0" bev="0" fileid="5" />
                <SequencePoint vc="53" uspid="6508" ordinal="0" offset="495" sl="309" sc="17" el="309" ec="17" bec="0" bev="0" fileid="5" />
                <SequencePoint vc="7" uspid="6509" ordinal="0" offset="511" sl="311" sc="21" el="311" ec="21" bec="0" bev="0" fileid="5" />
                <SequencePoint vc="7" uspid="6510" ordinal="0" offset="525" sl="312" sc="21" el="312" ec="21" bec="0" bev="0" fileid="5" />
                <SequencePoint vc="7" uspid="6511" ordinal="0" offset="539" sl="313" sc="21" el="313" ec="21" bec="0" bev="0" fileid="5" />
                <SequencePoint vc="53" uspid="6512" ordinal="0" offset="548" sl="316" sc="17" el="316" ec="17" bec="0" bev="0" fileid="5" />
                <SequencePoint vc="97" uspid="6513" ordinal="0" offset="567" sl="259" sc="34" el="259" ec="34" bec="0" bev="0" fileid="5" />
                <SequencePoint vc="39" uspid="6514" ordinal="0" offset="595" sl="320" sc="40" el="320" ec="40" bec="0" bev="0" fileid="5" />
                <SequencePoint vc="44" uspid="6515" ordinal="0" offset="610" sl="320" sc="22" el="320" ec="22" bec="0" bev="0" fileid="5" />
                <SequencePoint vc="44" uspid="6516" ordinal="0" offset="619" sl="322" sc="40" el="322" ec="40" bec="0" bev="0" fileid="5" />
                <SequencePoint vc="53" uspid="6517" ordinal="0" offset="635" sl="322" sc="26" el="322" ec="26" bec="0" bev="0" fileid="5" />
                <SequencePoint vc="53" uspid="6518" ordinal="0" offset="644" sl="324" sc="21" el="324" ec="21" bec="0" bev="0" fileid="5" />
                <SequencePoint vc="42" uspid="6519" ordinal="0" offset="664" sl="326" sc="25" el="326" ec="25" bec="0" bev="0" fileid="5" />
                <SequencePoint vc="53" uspid="6520" ordinal="0" offset="673" sl="329" sc="21" el="329" ec="21" bec="0" bev="0" fileid="5" />
                <SequencePoint vc="97" uspid="6521" ordinal="0" offset="687" sl="322" sc="37" el="322" ec="37" bec="0" bev="0" fileid="5" />
                <SequencePoint vc="83" uspid="6522" ordinal="0" offset="712" sl="320" sc="37" el="320" ec="37" bec="0" bev="0" fileid="5" />
                <SequencePoint vc="39" uspid="6523" ordinal="0" offset="737" sl="333" sc="13" el="333" ec="13" bec="0" bev="0" fileid="5" />
                <SequencePoint vc="39" uspid="6524" ordinal="0" offset="748" sl="335" sc="13" el="335" ec="13" bec="0" bev="0" fileid="5" />
                <SequencePoint vc="39" uspid="6525" ordinal="0" offset="772" sl="336" sc="13" el="336" ec="13" bec="0" bev="0" fileid="5" />
                <SequencePoint vc="39" uspid="6526" ordinal="0" offset="809" sl="338" sc="13" el="338" ec="13" bec="0" bev="0" fileid="5" />
                <SequencePoint vc="34" uspid="6527" ordinal="0" offset="818" sl="340" sc="17" el="340" ec="17" bec="0" bev="0" fileid="5" />
                <SequencePoint vc="39" uspid="6528" ordinal="0" offset="831" sl="343" sc="13" el="343" ec="13" bec="0" bev="0" fileid="5" />
                <SequencePoint vc="39" uspid="6529" ordinal="0" offset="843" sl="344" sc="13" el="344" ec="13" bec="0" bev="0" fileid="5" />
                <SequencePoint vc="39" uspid="6530" ordinal="0" offset="880" sl="346" sc="13" el="346" ec="13" bec="0" bev="0" fileid="5" />
              </SequencePoints>
              <BranchPoints />
            </Method>
            <Method visited="true" cyclomaticComplexity="0" nPathComplexity="0" sequenceCoverage="100.0" branchCoverage="0" crapScore="0" isConstructor="false" isStatic="false" isGetter="false" isSetter="false">
              <Summary numSequencePoints="1" visitedSequencePoints="1" numBranchPoints="0" visitedBranchPoints="0" sequenceCoverage="100.0" branchCoverage="0" maxCyclomaticComplexity="0" minCyclomaticComplexity="0" maxCrapScore="0" minCrapScore="0" visitedClasses="0" numClasses="0" visitedMethods="1" numMethods="1" />
              <MetadataToken>100663355</MetadataToken>
              <Name>System.Boolean com.noctuagames.sdk.AccountContainer::&lt;ResetAccounts&gt;b__25_1(com.noctuagames.sdk.Player)</Name>
              <FileRef uid="5" />
              <SequencePoints>
                <SequencePoint vc="4" uspid="6540" ordinal="0" offset="0" sl="208" sc="33" el="208" ec="33" bec="0" bev="0" fileid="5" />
              </SequencePoints>
              <BranchPoints />
            </Method>
            <Method visited="true" cyclomaticComplexity="0" nPathComplexity="0" sequenceCoverage="100.0" branchCoverage="0" crapScore="0" isConstructor="false" isStatic="false" isGetter="false" isSetter="false">
              <Summary numSequencePoints="1" visitedSequencePoints="1" numBranchPoints="0" visitedBranchPoints="0" sequenceCoverage="100.0" branchCoverage="0" maxCyclomaticComplexity="0" minCyclomaticComplexity="0" maxCrapScore="0" minCrapScore="0" visitedClasses="0" numClasses="0" visitedMethods="1" numMethods="1" />
              <MetadataToken>100663356</MetadataToken>
              <Name>System.Boolean com.noctuagames.sdk.AccountContainer::&lt;FromNativeAccounts&gt;b__27_0(com.noctuagames.sdk.UserBundle)</Name>
              <FileRef uid="5" />
              <SequencePoints>
                <SequencePoint vc="44" uspid="6541" ordinal="0" offset="0" sl="335" sc="62" el="335" ec="62" bec="0" bev="0" fileid="5" />
              </SequencePoints>
              <BranchPoints />
            </Method>
            <Method visited="true" cyclomaticComplexity="0" nPathComplexity="0" sequenceCoverage="90.91" branchCoverage="0" crapScore="0" isConstructor="true" isStatic="false" isGetter="false" isSetter="false">
              <Summary numSequencePoints="11" visitedSequencePoints="10" numBranchPoints="0" visitedBranchPoints="0" sequenceCoverage="90.91" branchCoverage="0" maxCyclomaticComplexity="0" minCyclomaticComplexity="0" maxCrapScore="0" minCrapScore="0" visitedClasses="0" numClasses="0" visitedMethods="1" numMethods="1" />
              <MetadataToken>100663337</MetadataToken>
              <Name>com.noctuagames.sdk.AccountContainer::AccountContainer(com.noctuagames.sdk.INativeAccountStore, System.String, com.noctuagames.sdk.NoctuaLocale)</Name>
              <FileRef uid="5" />
              <SequencePoints>
                <SequencePoint vc="26" uspid="6542" ordinal="0" offset="0" sl="47" sc="9" el="47" ec="9" bec="0" bev="0" fileid="5" />
                <SequencePoint vc="26" uspid="6543" ordinal="0" offset="11" sl="49" sc="9" el="49" ec="9" bec="0" bev="0" fileid="5" />
                <SequencePoint vc="26" uspid="6544" ordinal="0" offset="32" sl="54" sc="9" el="54" ec="9" bec="0" bev="0" fileid="5" />
                <SequencePoint vc="26" uspid="6545" ordinal="0" offset="38" sl="56" sc="13" el="56" ec="13" bec="0" bev="0" fileid="5" />
                <SequencePoint vc="0" uspid="6546" ordinal="0" offset="46" sl="58" sc="17" el="58" ec="17" bec="0" bev="0" fileid="5" />
                <SequencePoint vc="26" uspid="6547" ordinal="0" offset="57" sl="61" sc="13" el="61" ec="13" bec="0" bev="0" fileid="5" />
                <SequencePoint vc="26" uspid="6548" ordinal="0" offset="74" sl="62" sc="13" el="62" ec="13" bec="0" bev="0" fileid="5" />
                <SequencePoint vc="26" uspid="6549" ordinal="0" offset="80" sl="63" sc="13" el="63" ec="13" bec="0" bev="0" fileid="5" />
                <SequencePoint vc="26" uspid="6550" ordinal="0" offset="93" sl="64" sc="13" el="64" ec="13" bec="0" bev="0" fileid="5" />
                <SequencePoint vc="26" uspid="6551" ordinal="0" offset="100" sl="65" sc="13" el="65" ec="13" bec="0" bev="0" fileid="5" />
                <SequencePoint vc="26" uspid="6552" ordinal="0" offset="107" sl="66" sc="9" el="66" ec="9" bec="0" bev="0" fileid="5" />
              </SequencePoints>
              <BranchPoints />
            </Method>
          </Methods>
        </Class>
        <Class>
          <Summary numSequencePoints="31" visitedSequencePoints="28" numBranchPoints="0" visitedBranchPoints="0" sequenceCoverage="90.32" branchCoverage="0.0" maxCyclomaticComplexity="0" minCyclomaticComplexity="0" maxCrapScore="0" minCrapScore="0" visitedClasses="1" numClasses="1" visitedMethods="11" numMethods="11" />
          <FullName>com.noctuagames.sdk.DefaultNativePlugin</FullName>
          <Methods>
            <Method visited="true" cyclomaticComplexity="0" nPathComplexity="0" sequenceCoverage="100.0" branchCoverage="0" crapScore="0" isConstructor="false" isStatic="false" isGetter="false" isSetter="false">
              <Summary numSequencePoints="2" visitedSequencePoints="2" numBranchPoints="0" visitedBranchPoints="0" sequenceCoverage="100.0" branchCoverage="0" maxCyclomaticComplexity="0" minCyclomaticComplexity="0" maxCrapScore="0" minCrapScore="0" visitedClasses="0" numClasses="0" visitedMethods="1" numMethods="1" />
              <MetadataToken>100663472</MetadataToken>
              <Name>System.Void com.noctuagames.sdk.DefaultNativePlugin::GetFirebaseRemoteConfigString(System.String, System.Action[String])</Name>
              <FileRef uid="9" />
              <SequencePoints>
                <SequencePoint vc="1" uspid="6846" ordinal="0" offset="0" sl="32" sc="13" el="32" ec="13" bec="0" bev="0" fileid="9" />
                <SequencePoint vc="1" uspid="6847" ordinal="0" offset="14" sl="33" sc="9" el="33" ec="9" bec="0" bev="0" fileid="9" />
              </SequencePoints>
              <BranchPoints />
            </Method>
            <Method visited="true" cyclomaticComplexity="0" nPathComplexity="0" sequenceCoverage="100.0" branchCoverage="0" crapScore="0" isConstructor="false" isStatic="false" isGetter="false" isSetter="false">
              <Summary numSequencePoints="2" visitedSequencePoints="2" numBranchPoints="0" visitedBranchPoints="0" sequenceCoverage="100.0" branchCoverage="0" maxCyclomaticComplexity="0" minCyclomaticComplexity="0" maxCrapScore="0" minCrapScore="0" visitedClasses="0" numClasses="0" visitedMethods="1" numMethods="1" />
              <MetadataToken>100663473</MetadataToken>
              <Name>System.Void com.noctuagames.sdk.DefaultNativePlugin::GetFirebaseRemoteConfigBoolean(System.String, System.Action[Boolean])</Name>
              <FileRef uid="9" />
              <SequencePoints>
                <SequencePoint vc="1" uspid="6848" ordinal="0" offset="0" sl="37" sc="13" el="37" ec="13" bec="0" bev="0" fileid="9" />
                <SequencePoint vc="1" uspid="6849" ordinal="0" offset="10" sl="38" sc="9" el="38" ec="9" bec="0" bev="0" fileid="9" />
              </SequencePoints>
              <BranchPoints />
            </Method>
            <Method visited="true" cyclomaticComplexity="0" nPathComplexity="0" sequenceCoverage="100.0" branchCoverage="0" crapScore="0" isConstructor="false" isStatic="false" isGetter="false" isSetter="false">
              <Summary numSequencePoints="2" visitedSequencePoints="2" numBranchPoints="0" visitedBranchPoints="0" sequenceCoverage="100.0" branchCoverage="0" maxCyclomaticComplexity="0" minCyclomaticComplexity="0" maxCrapScore="0" minCrapScore="0" visitedClasses="0" numClasses="0" visitedMethods="1" numMethods="1" />
              <MetadataToken>100663474</MetadataToken>
              <Name>System.Void com.noctuagames.sdk.DefaultNativePlugin::GetFirebaseRemoteConfigDouble(System.String, System.Action[Double])</Name>
              <FileRef uid="9" />
              <SequencePoints>
                <SequencePoint vc="1" uspid="6850" ordinal="0" offset="0" sl="42" sc="13" el="42" ec="13" bec="0" bev="0" fileid="9" />
                <SequencePoint vc="1" uspid="6851" ordinal="0" offset="18" sl="43" sc="9" el="43" ec="9" bec="0" bev="0" fileid="9" />
              </SequencePoints>
              <BranchPoints />
            </Method>
            <Method visited="true" cyclomaticComplexity="0" nPathComplexity="0" sequenceCoverage="100.0" branchCoverage="0" crapScore="0" isConstructor="false" isStatic="false" isGetter="false" isSetter="false">
              <Summary numSequencePoints="2" visitedSequencePoints="2" numBranchPoints="0" visitedBranchPoints="0" sequenceCoverage="100.0" branchCoverage="0" maxCyclomaticComplexity="0" minCyclomaticComplexity="0" maxCrapScore="0" minCrapScore="0" visitedClasses="0" numClasses="0" visitedMethods="1" numMethods="1" />
              <MetadataToken>100663475</MetadataToken>
              <Name>System.Void com.noctuagames.sdk.DefaultNativePlugin::GetFirebaseRemoteConfigLong(System.String, System.Action[Int64])</Name>
              <FileRef uid="9" />
              <SequencePoints>
                <SequencePoint vc="1" uspid="6852" ordinal="0" offset="0" sl="47" sc="13" el="47" ec="13" bec="0" bev="0" fileid="9" />
                <SequencePoint vc="1" uspid="6853" ordinal="0" offset="11" sl="48" sc="9" el="48" ec="9" bec="0" bev="0" fileid="9" />
              </SequencePoints>
              <BranchPoints />
            </Method>
            <Method visited="true" cyclomaticComplexity="0" nPathComplexity="0" sequenceCoverage="100.0" branchCoverage="0" crapScore="0" isConstructor="false" isStatic="false" isGetter="false" isSetter="false">
              <Summary numSequencePoints="1" visitedSequencePoints="1" numBranchPoints="0" visitedBranchPoints="0" sequenceCoverage="100.0" branchCoverage="0" maxCyclomaticComplexity="0" minCyclomaticComplexity="0" maxCrapScore="0" minCrapScore="0" visitedClasses="0" numClasses="0" visitedMethods="1" numMethods="1" />
              <MetadataToken>100663476</MetadataToken>
              <Name>System.Void com.noctuagames.sdk.DefaultNativePlugin::ShowDatePicker(System.Int32, System.Int32, System.Int32, System.Int32)</Name>
              <FileRef uid="9" />
              <SequencePoints>
                <SequencePoint vc="1" uspid="6854" ordinal="0" offset="0" sl="52" sc="13" el="52" ec="13" bec="0" bev="0" fileid="9" />
              </SequencePoints>
              <BranchPoints />
            </Method>
            <Method visited="true" cyclomaticComplexity="0" nPathComplexity="0" sequenceCoverage="100.0" branchCoverage="0" crapScore="0" isConstructor="false" isStatic="false" isGetter="false" isSetter="false">
              <Summary numSequencePoints="3" visitedSequencePoints="3" numBranchPoints="0" visitedBranchPoints="0" sequenceCoverage="100.0" branchCoverage="0" maxCyclomaticComplexity="0" minCyclomaticComplexity="0" maxCrapScore="0" minCrapScore="0" visitedClasses="0" numClasses="0" visitedMethods="1" numMethods="1" />
              <MetadataToken>100663488</MetadataToken>
              <Name>com.noctuagames.sdk.NativeAccount com.noctuagames.sdk.DefaultNativePlugin::GetAccount(System.Int64, System.Int64)</Name>
              <FileRef uid="9" />
              <SequencePoints>
                <SequencePoint vc="1" uspid="6866" ordinal="0" offset="20" sl="105" sc="13" el="105" ec="13" bec="0" bev="0" fileid="9" />
                <SequencePoint vc="1" uspid="6867" ordinal="0" offset="30" sl="106" sc="13" el="106" ec="13" bec="0" bev="0" fileid="9" />
                <SequencePoint vc="1" uspid="6868" ordinal="0" offset="35" sl="108" sc="13" el="108" ec="13" bec="0" bev="0" fileid="9" />
              </SequencePoints>
              <BranchPoints />
            </Method>
            <Method visited="true" cyclomaticComplexity="0" nPathComplexity="0" sequenceCoverage="50.00" branchCoverage="0" crapScore="0" isConstructor="false" isStatic="false" isGetter="false" isSetter="false">
              <Summary numSequencePoints="6" visitedSequencePoints="3" numBranchPoints="0" visitedBranchPoints="0" sequenceCoverage="50.00" branchCoverage="0" maxCyclomaticComplexity="0" minCyclomaticComplexity="0" maxCrapScore="0" minCrapScore="0" visitedClasses="0" numClasses="0" visitedMethods="1" numMethods="1" />
              <MetadataToken>100663489</MetadataToken>
              <Name>System.Collections.Generic.List[NativeAccount] com.noctuagames.sdk.DefaultNativePlugin::GetAccounts()</Name>
              <FileRef uid="9" />
              <SequencePoints>
                <SequencePoint vc="50" uspid="6869" ordinal="0" offset="0" sl="113" sc="13" el="113" ec="13" bec="0" bev="0" fileid="9" />
                <SequencePoint vc="50" uspid="6870" ordinal="0" offset="11" sl="117" sc="17" el="117" ec="17" bec="0" bev="0" fileid="9" />
                <SequencePoint vc="0" uspid="6871" ordinal="0" offset="29" sl="119" sc="13" el="119" ec="13" bec="0" bev="0" fileid="9" />
                <SequencePoint vc="0" uspid="6872" ordinal="0" offset="30" sl="121" sc="17" el="121" ec="17" bec="0" bev="0" fileid="9" />
                <SequencePoint vc="0" uspid="6873" ordinal="0" offset="51" sl="123" sc="17" el="123" ec="17" bec="0" bev="0" fileid="9" />
                <SequencePoint vc="50" uspid="6874" ordinal="0" offset="59" sl="125" sc="9" el="125" ec="9" bec="0" bev="0" fileid="9" />
              </SequencePoints>
              <BranchPoints />
            </Method>
            <Method visited="true" cyclomaticComplexity="0" nPathComplexity="0" sequenceCoverage="100.0" branchCoverage="0" crapScore="0" isConstructor="false" isStatic="false" isGetter="false" isSetter="false">
              <Summary numSequencePoints="6" visitedSequencePoints="6" numBranchPoints="0" visitedBranchPoints="0" sequenceCoverage="100.0" branchCoverage="0" maxCyclomaticComplexity="0" minCyclomaticComplexity="0" maxCrapScore="0" minCrapScore="0" visitedClasses="0" numClasses="0" visitedMethods="1" numMethods="1" />
              <MetadataToken>100663490</MetadataToken>
              <Name>System.Void com.noctuagames.sdk.DefaultNativePlugin::PutAccount(com.noctuagames.sdk.NativeAccount)</Name>
              <FileRef uid="9" />
              <SequencePoints>
                <SequencePoint vc="40" uspid="6875" ordinal="0" offset="13" sl="129" sc="13" el="129" ec="13" bec="0" bev="0" fileid="9" />
                <SequencePoint vc="40" uspid="6876" ordinal="0" offset="20" sl="131" sc="13" el="131" ec="13" bec="0" bev="0" fileid="9" />
                <SequencePoint vc="40" uspid="6877" ordinal="0" offset="39" sl="132" sc="13" el="132" ec="13" bec="0" bev="0" fileid="9" />
                <SequencePoint vc="40" uspid="6878" ordinal="0" offset="63" sl="133" sc="13" el="133" ec="13" bec="0" bev="0" fileid="9" />
                <SequencePoint vc="40" uspid="6879" ordinal="0" offset="75" sl="135" sc="13" el="135" ec="13" bec="0" bev="0" fileid="9" />
                <SequencePoint vc="40" uspid="6880" ordinal="0" offset="91" sl="136" sc="9" el="136" ec="9" bec="0" bev="0" fileid="9" />
              </SequencePoints>
              <BranchPoints />
            </Method>
            <Method visited="true" cyclomaticComplexity="0" nPathComplexity="0" sequenceCoverage="100.0" branchCoverage="0" crapScore="0" isConstructor="false" isStatic="false" isGetter="false" isSetter="false">
              <Summary numSequencePoints="4" visitedSequencePoints="4" numBranchPoints="0" visitedBranchPoints="0" sequenceCoverage="100.0" branchCoverage="0" maxCyclomaticComplexity="0" minCyclomaticComplexity="0" maxCrapScore="0" minCrapScore="0" visitedClasses="0" numClasses="0" visitedMethods="1" numMethods="1" />
              <MetadataToken>100663491</MetadataToken>
              <Name>System.Int32 com.noctuagames.sdk.DefaultNativePlugin::DeleteAccount(com.noctuagames.sdk.NativeAccount)</Name>
              <FileRef uid="9" />
              <SequencePoints>
                <SequencePoint vc="2" uspid="6881" ordinal="0" offset="13" sl="140" sc="13" el="140" ec="13" bec="0" bev="0" fileid="9" />
                <SequencePoint vc="2" uspid="6882" ordinal="0" offset="20" sl="142" sc="13" el="142" ec="13" bec="0" bev="0" fileid="9" />
                <SequencePoint vc="2" uspid="6883" ordinal="0" offset="39" sl="144" sc="13" el="144" ec="13" bec="0" bev="0" fileid="9" />
                <SequencePoint vc="2" uspid="6884" ordinal="0" offset="55" sl="145" sc="13" el="145" ec="13" bec="0" bev="0" fileid="9" />
              </SequencePoints>
              <BranchPoints />
            </Method>
            <Method visited="true" cyclomaticComplexity="0" nPathComplexity="0" sequenceCoverage="100.0" branchCoverage="0" crapScore="0" isConstructor="false" isStatic="false" isGetter="false" isSetter="false">
              <Summary numSequencePoints="2" visitedSequencePoints="2" numBranchPoints="0" visitedBranchPoints="0" sequenceCoverage="100.0" branchCoverage="0" maxCyclomaticComplexity="0" minCyclomaticComplexity="0" maxCrapScore="0" minCrapScore="0" visitedClasses="0" numClasses="0" visitedMethods="1" numMethods="1" />
              <MetadataToken>100663492</MetadataToken>
              <Name>System.Void com.noctuagames.sdk.DefaultNativePlugin::GetAdjustAttribution(System.Action[String])</Name>
              <FileRef uid="9" />
              <SequencePoints>
                <SequencePoint vc="1" uspid="6885" ordinal="0" offset="0" sl="150" sc="13" el="150" ec="13" bec="0" bev="0" fileid="9" />
                <SequencePoint vc="1" uspid="6886" ordinal="0" offset="14" sl="151" sc="9" el="151" ec="9" bec="0" bev="0" fileid="9" />
              </SequencePoints>
              <BranchPoints />
            </Method>
            <Method visited="true" cyclomaticComplexity="0" nPathComplexity="0" sequenceCoverage="100.0" branchCoverage="0" crapScore="0" isConstructor="true" isStatic="false" isGetter="false" isSetter="false">
              <Summary numSequencePoints="1" visitedSequencePoints="1" numBranchPoints="0" visitedBranchPoints="0" sequenceCoverage="100.0" branchCoverage="0" maxCyclomaticComplexity="0" minCyclomaticComplexity="0" maxCrapScore="0" minCrapScore="0" visitedClasses="0" numClasses="0" visitedMethods="1" numMethods="1" />
              <MetadataToken>100663496</MetadataToken>
              <Name>com.noctuagames.sdk.DefaultNativePlugin::DefaultNativePlugin()</Name>
              <FileRef uid="9" />
              <SequencePoints>
                <SequencePoint vc="38" uspid="6891" ordinal="0" offset="0" sl="12" sc="9" el="12" ec="9" bec="0" bev="0" fileid="9" />
              </SequencePoints>
              <BranchPoints />
            </Method>
          </Methods>
        </Class>
        <Class>
          <Summary numSequencePoints="18" visitedSequencePoints="18" numBranchPoints="0" visitedBranchPoints="0" sequenceCoverage="100.0" branchCoverage="0.0" maxCyclomaticComplexity="0" minCyclomaticComplexity="0" maxCrapScore="0" minCrapScore="0" visitedClasses="1" numClasses="1" visitedMethods="7" numMethods="7" />
          <FullName>com.noctuagames.sdk.NoctuaException</FullName>
          <Methods>
            <Method visited="true" cyclomaticComplexity="0" nPathComplexity="0" sequenceCoverage="100.0" branchCoverage="0" crapScore="0" isConstructor="false" isStatic="false" isGetter="true" isSetter="false">
              <Summary numSequencePoints="1" visitedSequencePoints="1" numBranchPoints="0" visitedBranchPoints="0" sequenceCoverage="100.0" branchCoverage="0" maxCyclomaticComplexity="0" minCyclomaticComplexity="0" maxCrapScore="0" minCrapScore="0" visitedClasses="0" numClasses="0" visitedMethods="1" numMethods="1" />
              <MetadataToken>100663497</MetadataToken>
              <Name>System.Int32 com.noctuagames.sdk.NoctuaException::get_ErrorCode()</Name>
              <FileRef uid="10" />
              <SequencePoints>
                <SequencePoint vc="27" uspid="6892" ordinal="0" offset="0" sl="25" sc="32" el="25" ec="32" bec="0" bev="0" fileid="10" />
              </SequencePoints>
              <BranchPoints />
            </Method>
            <Method visited="true" cyclomaticComplexity="0" nPathComplexity="0" sequenceCoverage="100.0" branchCoverage="0" crapScore="0" isConstructor="false" isStatic="false" isGetter="false" isSetter="true">
              <Summary numSequencePoints="1" visitedSequencePoints="1" numBranchPoints="0" visitedBranchPoints="0" sequenceCoverage="100.0" branchCoverage="0" maxCyclomaticComplexity="0" minCyclomaticComplexity="0" maxCrapScore="0" minCrapScore="0" visitedClasses="0" numClasses="0" visitedMethods="1" numMethods="1" />
              <MetadataToken>100663498</MetadataToken>
              <Name>System.Void com.noctuagames.sdk.NoctuaException::set_ErrorCode(System.Int32)</Name>
              <FileRef uid="10" />
              <SequencePoints>
                <SequencePoint vc="27" uspid="6893" ordinal="0" offset="0" sl="25" sc="37" el="25" ec="37" bec="0" bev="0" fileid="10" />
              </SequencePoints>
              <BranchPoints />
            </Method>
            <Method visited="true" cyclomaticComplexity="0" nPathComplexity="0" sequenceCoverage="100.0" branchCoverage="0" crapScore="0" isConstructor="false" isStatic="false" isGetter="true" isSetter="false">
              <Summary numSequencePoints="1" visitedSequencePoints="1" numBranchPoints="0" visitedBranchPoints="0" sequenceCoverage="100.0" branchCoverage="0" maxCyclomaticComplexity="0" minCyclomaticComplexity="0" maxCrapScore="0" minCrapScore="0" visitedClasses="0" numClasses="0" visitedMethods="1" numMethods="1" />
              <MetadataToken>100663499</MetadataToken>
              <Name>System.String com.noctuagames.sdk.NoctuaException::get_Payload()</Name>
              <FileRef uid="10" />
              <SequencePoints>
                <SequencePoint vc="3" uspid="6894" ordinal="0" offset="0" sl="27" sc="33" el="27" ec="33" bec="0" bev="0" fileid="10" />
              </SequencePoints>
              <BranchPoints />
            </Method>
            <Method visited="true" cyclomaticComplexity="0" nPathComplexity="0" sequenceCoverage="100.0" branchCoverage="0" crapScore="0" isConstructor="false" isStatic="false" isGetter="false" isSetter="true">
              <Summary numSequencePoints="1" visitedSequencePoints="1" numBranchPoints="0" visitedBranchPoints="0" sequenceCoverage="100.0" branchCoverage="0" maxCyclomaticComplexity="0" minCyclomaticComplexity="0" maxCrapScore="0" minCrapScore="0" visitedClasses="0" numClasses="0" visitedMethods="1" numMethods="1" />
              <MetadataToken>100663500</MetadataToken>
              <Name>System.Void com.noctuagames.sdk.NoctuaException::set_Payload(System.String)</Name>
              <FileRef uid="10" />
              <SequencePoints>
                <SequencePoint vc="27" uspid="6895" ordinal="0" offset="0" sl="27" sc="38" el="27" ec="38" bec="0" bev="0" fileid="10" />
              </SequencePoints>
              <BranchPoints />
            </Method>
            <Method visited="true" cyclomaticComplexity="0" nPathComplexity="0" sequenceCoverage="100.0" branchCoverage="0" crapScore="0" isConstructor="false" isStatic="false" isGetter="false" isSetter="false">
              <Summary numSequencePoints="1" visitedSequencePoints="1" numBranchPoints="0" visitedBranchPoints="0" sequenceCoverage="100.0" branchCoverage="0" maxCyclomaticComplexity="0" minCyclomaticComplexity="0" maxCrapScore="0" minCrapScore="0" visitedClasses="0" numClasses="0" visitedMethods="1" numMethods="1" />
              <MetadataToken>100663502</MetadataToken>
              <Name>System.String com.noctuagames.sdk.NoctuaException::ToString()</Name>
              <FileRef uid="10" />
              <SequencePoints>
                <SequencePoint vc="2" uspid="6896" ordinal="0" offset="0" sl="38" sc="13" el="38" ec="13" bec="0" bev="0" fileid="10" />
              </SequencePoints>
              <BranchPoints />
            </Method>
            <Method visited="true" cyclomaticComplexity="0" nPathComplexity="0" sequenceCoverage="100.0" branchCoverage="0" crapScore="0" isConstructor="true" isStatic="false" isGetter="false" isSetter="false">
              <Summary numSequencePoints="4" visitedSequencePoints="4" numBranchPoints="0" visitedBranchPoints="0" sequenceCoverage="100.0" branchCoverage="0" maxCyclomaticComplexity="0" minCyclomaticComplexity="0" maxCrapScore="0" minCrapScore="0" visitedClasses="0" numClasses="0" visitedMethods="1" numMethods="1" />
              <MetadataToken>100663501</MetadataToken>
              <Name>com.noctuagames.sdk.NoctuaException::NoctuaException(com.noctuagames.sdk.NoctuaErrorCode, System.String, System.String)</Name>
              <FileRef uid="10" />
              <SequencePoints>
                <SequencePoint vc="27" uspid="6897" ordinal="0" offset="0" sl="30" sc="15" el="30" ec="15" bec="0" bev="0" fileid="10" />
                <SequencePoint vc="27" uspid="6898" ordinal="0" offset="23" sl="32" sc="13" el="32" ec="13" bec="0" bev="0" fileid="10" />
                <SequencePoint vc="27" uspid="6899" ordinal="0" offset="30" sl="33" sc="13" el="33" ec="13" bec="0" bev="0" fileid="10" />
                <SequencePoint vc="27" uspid="6900" ordinal="0" offset="37" sl="34" sc="9" el="34" ec="9" bec="0" bev="0" fileid="10" />
              </SequencePoints>
              <BranchPoints />
            </Method>
            <Method visited="true" cyclomaticComplexity="0" nPathComplexity="0" sequenceCoverage="100.0" branchCoverage="0" crapScore="0" isConstructor="true" isStatic="true" isGetter="false" isSetter="false">
              <Summary numSequencePoints="9" visitedSequencePoints="9" numBranchPoints="0" visitedBranchPoints="0" sequenceCoverage="100.0" branchCoverage="0" maxCyclomaticComplexity="0" minCyclomaticComplexity="0" maxCrapScore="0" minCrapScore="0" visitedClasses="0" numClasses="0" visitedMethods="1" numMethods="1" />
              <MetadataToken>100663503</MetadataToken>
              <Name>static com.noctuagames.sdk.NoctuaException::NoctuaException()</Name>
              <FileRef uid="10" />
              <SequencePoints>
                <SequencePoint vc="1" uspid="6901" ordinal="0" offset="0" sl="45" sc="9" el="45" ec="9" bec="0" bev="0" fileid="10" />
                <SequencePoint vc="1" uspid="6902" ordinal="0" offset="25" sl="46" sc="9" el="46" ec="9" bec="0" bev="0" fileid="10" />
                <SequencePoint vc="1" uspid="6903" ordinal="0" offset="50" sl="47" sc="9" el="47" ec="9" bec="0" bev="0" fileid="10" />
                <SequencePoint vc="1" uspid="6904" ordinal="0" offset="75" sl="48" sc="9" el="48" ec="9" bec="0" bev="0" fileid="10" />
                <SequencePoint vc="1" uspid="6905" ordinal="0" offset="100" sl="49" sc="9" el="49" ec="9" bec="0" bev="0" fileid="10" />
                <SequencePoint vc="1" uspid="6906" ordinal="0" offset="125" sl="50" sc="9" el="50" ec="9" bec="0" bev="0" fileid="10" />
                <SequencePoint vc="1" uspid="6907" ordinal="0" offset="150" sl="51" sc="9" el="51" ec="9" bec="0" bev="0" fileid="10" />
                <SequencePoint vc="1" uspid="6908" ordinal="0" offset="175" sl="52" sc="9" el="52" ec="9" bec="0" bev="0" fileid="10" />
                <SequencePoint vc="1" uspid="6909" ordinal="0" offset="200" sl="53" sc="9" el="53" ec="9" bec="0" bev="0" fileid="10" />
              </SequencePoints>
              <BranchPoints />
            </Method>
          </Methods>
        </Class>
        <Class>
          <Summary numSequencePoints="22" visitedSequencePoints="0" numBranchPoints="0" visitedBranchPoints="0" sequenceCoverage="0.0" branchCoverage="0.0" maxCyclomaticComplexity="0" minCyclomaticComplexity="0" maxCrapScore="0" minCrapScore="0" visitedClasses="0" numClasses="1" visitedMethods="0" numMethods="2" />
          <FullName>com.noctuagames.sdk.HttpRequest</FullName>
          <Methods>
            <Method visited="false" cyclomaticComplexity="0" nPathComplexity="0" sequenceCoverage="0.0" branchCoverage="0" crapScore="0" isConstructor="false" isStatic="false" isGetter="false" isSetter="false">
              <Summary numSequencePoints="5" visitedSequencePoints="0" numBranchPoints="0" visitedBranchPoints="0" sequenceCoverage="0.0" branchCoverage="0" maxCyclomaticComplexity="0" minCyclomaticComplexity="0" maxCrapScore="0" minCrapScore="0" visitedClasses="0" numClasses="0" visitedMethods="0" numMethods="1" />
              <MetadataToken>100663515</MetadataToken>
              <Name>com.noctuagames.sdk.HttpRequest com.noctuagames.sdk.HttpRequest::WithJsonBody[T](T)</Name>
              <FileRef uid="11" />
              <SequencePoints>
                <SequencePoint vc="0" uspid="6937" ordinal="0" offset="0" sl="152" sc="0" el="152" ec="0" bec="0" bev="0" fileid="11" />
                <SequencePoint vc="0" uspid="6938" ordinal="0" offset="21" sl="153" sc="0" el="153" ec="0" bec="0" bev="0" fileid="11" />
                <SequencePoint vc="0" uspid="6939" ordinal="0" offset="39" sl="154" sc="0" el="154" ec="0" bec="0" bev="0" fileid="11" />
                <SequencePoint vc="0" uspid="6940" ordinal="0" offset="51" sl="156" sc="0" el="156" ec="0" bec="0" bev="0" fileid="11" />
[...]
              <MetadataToken>100664743</MetadataToken>
              <Name>UnityEngine.UIElements.VisualElement com.noctuagames.sdk.UI.Presenter[TModel]/DropdownNoctua::get_veBorder()</Name>
              <FileRef uid="47" />
              <SequencePoints>
                <SequencePoint vc="0" uspid="12006" ordinal="0" offset="0" sl="251" sc="0" el="251" ec="0" bec="0" bev="0" fileid="47" />
              </SequencePoints>
              <BranchPoints />
            </Method>
            <Method visited="false" cyclomaticComplexity="0" nPathComplexity="0" sequenceCoverage="0.0" branchCoverage="0" crapScore="0" isConstructor="false" isStatic="false" isGetter="true" isSetter="false">
              <Summary numSequencePoints="1" visitedSequencePoints="0" numBranchPoints="0" visitedBranchPoints="0" sequenceCoverage="0.0" branchCoverage="0" maxCyclomaticComplexity="0" minCyclomaticComplexity="0" maxCrapScore="0" minCrapScore="0" visitedClasses="0" numClasses="0" visitedMethods="0" numMethods="1" />
              <MetadataToken>100664744</MetadataToken>
              <Name>UnityEngine.UIElements.Label com.noctuagames.sdk.UI.Presenter[TModel]/DropdownNoctua::get_labelTitle()</Name>
              <FileRef uid="47" />
              <SequencePoints>
                <SequencePoint vc="0" uspid="12007" ordinal="0" offset="0" sl="252" sc="0" el="252" ec="0" bec="0" bev="0" fileid="47" />
              </SequencePoints>
              <BranchPoints />
            </Method>
            <Method visited="false" cyclomaticComplexity="0" nPathComplexity="0" sequenceCoverage="0.0" branchCoverage="0" crapScore="0" isConstructor="false" isStatic="false" isGetter="true" isSetter="false">
              <Summary numSequencePoints="1" visitedSequencePoints="0" numBranchPoints="0" visitedBranchPoints="0" sequenceCoverage="0.0" branchCoverage="0" maxCyclomaticComplexity="0" minCyclomaticComplexity="0" maxCrapScore="0" minCrapScore="0" visitedClasses="0" numClasses="0" visitedMethods="0" numMethods="1" />
              <MetadataToken>100664745</MetadataToken>
              <Name>UnityEngine.UIElements.Label com.noctuagames.sdk.UI.Presenter[TModel]/DropdownNoctua::get_labelError()</Name>
              <FileRef uid="47" />
              <SequencePoints>
                <SequencePoint vc="0" uspid="12008" ordinal="0" offset="0" sl="253" sc="0" el="253" ec="0" bec="0" bev="0" fileid="47" />
              </SequencePoints>
              <BranchPoints />
            </Method>
            <Method visited="false" cyclomaticComplexity="0" nPathComplexity="0" sequenceCoverage="0.0" branchCoverage="0" crapScore="0" isConstructor="false" isStatic="false" isGetter="true" isSetter="false">
              <Summary numSequencePoints="1" visitedSequencePoints="0" numBranchPoints="0" visitedBranchPoints="0" sequenceCoverage="0.0" branchCoverage="0" maxCyclomaticComplexity="0" minCyclomaticComplexity="0" maxCrapScore="0" minCrapScore="0" visitedClasses="0" numClasses="0" visitedMethods="0" numMethods="1" />
              <MetadataToken>100664746</MetadataToken>
              <Name>System.String com.noctuagames.sdk.UI.Presenter[TModel]/DropdownNoctua::get_text()</Name>
              <FileRef uid="47" />
              <SequencePoints>
                <SequencePoint vc="0" uspid="12009" ordinal="0" offset="0" sl="254" sc="0" el="254" ec="0" bec="0" bev="0" fileid="47" />
              </SequencePoints>
              <BranchPoints />
            </Method>
            <Method visited="false" cyclomaticComplexity="0" nPathComplexity="0" sequenceCoverage="0.0" branchCoverage="0" crapScore="0" isConstructor="false" isStatic="false" isGetter="true" isSetter="false">
              <Summary numSequencePoints="1" visitedSequencePoints="0" numBranchPoints="0" visitedBranchPoints="0" sequenceCoverage="0.0" branchCoverage="0" maxCyclomaticComplexity="0" minCyclomaticComplexity="0" maxCrapScore="0" minCrapScore="0" visitedClasses="0" numClasses="0" visitedMethods="0" numMethods="1" />
              <MetadataToken>100664747</MetadataToken>
              <Name>System.String com.noctuagames.sdk.UI.Presenter[TModel]/DropdownNoctua::get_value()</Name>
              <FileRef uid="47" />
              <SequencePoints>
                <SequencePoint vc="0" uspid="12010" ordinal="0" offset="0" sl="262" sc="0" el="262" ec="0" bec="0" bev="0" fileid="47" />
              </SequencePoints>
              <BranchPoints />
            </Method>
            <Method visited="false" cyclomaticComplexity="0" nPathComplexity="0" sequenceCoverage="0.0" branchCoverage="0" crapScore="0" isConstructor="false" isStatic="false" isGetter="false" isSetter="true">
              <Summary numSequencePoints="2" visitedSequencePoints="0" numBranchPoints="0" visitedBranchPoints="0" sequenceCoverage="0.0" branchCoverage="0" maxCyclomaticComplexity="0" minCyclomaticComplexity="0" maxCrapScore="0" minCrapScore="0" visitedClasses="0" numClasses="0" visitedMethods="0" numMethods="1" />
              <MetadataToken>100664748</MetadataToken>
              <Name>System.Void com.noctuagames.sdk.UI.Presenter[TModel]/DropdownNoctua::set_value(System.String)</Name>
              <FileRef uid="47" />
              <SequencePoints>
                <SequencePoint vc="0" uspid="12011" ordinal="0" offset="0" sl="267" sc="0" el="267" ec="0" bec="0" bev="0" fileid="47" />
                <SequencePoint vc="0" uspid="12012" ordinal="0" offset="12" sl="268" sc="0" el="268" ec="0" bec="0" bev="0" fileid="47" />
              </SequencePoints>
              <BranchPoints />
            </Method>
            <Method visited="false" cyclomaticComplexity="0" nPathComplexity="0" sequenceCoverage="0.0" branchCoverage="0" crapScore="0" isConstructor="false" isStatic="false" isGetter="false" isSetter="false">
              <Summary numSequencePoints="3" visitedSequencePoints="0" numBranchPoints="0" visitedBranchPoints="0" sequenceCoverage="0.0" branchCoverage="0" maxCyclomaticComplexity="0" minCyclomaticComplexity="0" maxCrapScore="0" minCrapScore="0" visitedClasses="0" numClasses="0" visitedMethods="0" numMethods="1" />
              <MetadataToken>100664750</MetadataToken>
              <Name>System.Void com.noctuagames.sdk.UI.Presenter[TModel]/DropdownNoctua::SetupList(System.Collections.Generic.List[String])</Name>
              <FileRef uid="47" />
              <SequencePoints>
                <SequencePoint vc="0" uspid="12013" ordinal="0" offset="0" sl="283" sc="0" el="283" ec="0" bec="0" bev="0" fileid="47" />
                <SequencePoint vc="0" uspid="12014" ordinal="0" offset="12" sl="285" sc="0" el="285" ec="0" bec="0" bev="0" fileid="47" />
                <SequencePoint vc="0" uspid="12015" ordinal="0" offset="36" sl="286" sc="0" el="286" ec="0" bec="0" bev="0" fileid="47" />
              </SequencePoints>
              <BranchPoints />
            </Method>
            <Method visited="false" cyclomaticComplexity="0" nPathComplexity="0" sequenceCoverage="0.0" branchCoverage="0" crapScore="0" isConstructor="false" isStatic="false" isGetter="false" isSetter="false">
              <Summary numSequencePoints="4" visitedSequencePoints="0" numBranchPoints="0" visitedBranchPoints="0" sequenceCoverage="0.0" branchCoverage="0" maxCyclomaticComplexity="0" minCyclomaticComplexity="0" maxCrapScore="0" minCrapScore="0" visitedClasses="0" numClasses="0" visitedMethods="0" numMethods="1" />
              <MetadataToken>100664751</MetadataToken>
              <Name>System.Void com.noctuagames.sdk.UI.Presenter[TModel]/DropdownNoctua::OnChangeString(UnityEngine.UIElements.ChangeEvent[String])</Name>
              <FileRef uid="47" />
              <SequencePoints>
                <SequencePoint vc="0" uspid="12016" ordinal="0" offset="0" sl="290" sc="0" el="290" ec="0" bec="0" bev="0" fileid="47" />
                <SequencePoint vc="0" uspid="12017" ordinal="0" offset="17" sl="291" sc="0" el="291" ec="0" bec="0" bev="0" fileid="47" />
                <SequencePoint vc="0" uspid="12018" ordinal="0" offset="44" sl="292" sc="0" el="292" ec="0" bec="0" bev="0" fileid="47" />
                <SequencePoint vc="0" uspid="12019" ordinal="0" offset="51" sl="293" sc="0" el="293" ec="0" bec="0" bev="0" fileid="47" />
              </SequencePoints>
              <BranchPoints />
            </Method>
            <Method visited="false" cyclomaticComplexity="0" nPathComplexity="0" sequenceCoverage="0.0" branchCoverage="0" crapScore="0" isConstructor="false" isStatic="false" isGetter="false" isSetter="false">
              <Summary numSequencePoints="2" visitedSequencePoints="0" numBranchPoints="0" visitedBranchPoints="0" sequenceCoverage="0.0" branchCoverage="0" maxCyclomaticComplexity="0" minCyclomaticComplexity="0" maxCrapScore="0" minCrapScore="0" visitedClasses="0" numClasses="0" visitedMethods="0" numMethods="1" />
              <MetadataToken>100664752</MetadataToken>
              <Name>System.Void com.noctuagames.sdk.UI.Presenter[TModel]/DropdownNoctua::Clear()</Name>
              <FileRef uid="47" />
              <SequencePoints>
                <SequencePoint vc="0" uspid="12020" ordinal="0" offset="0" sl="297" sc="0" el="297" ec="0" bec="0" bev="0" fileid="47" />
                <SequencePoint vc="0" uspid="12021" ordinal="0" offset="6" sl="298" sc="0" el="298" ec="0" bec="0" bev="0" fileid="47" />
              </SequencePoints>
              <BranchPoints />
            </Method>
            <Method visited="false" cyclomaticComplexity="0" nPathComplexity="0" sequenceCoverage="0.0" branchCoverage="0" crapScore="0" isConstructor="false" isStatic="false" isGetter="false" isSetter="false">
              <Summary numSequencePoints="4" visitedSequencePoints="0" numBranchPoints="0" visitedBranchPoints="0" sequenceCoverage="0.0" branchCoverage="0" maxCyclomaticComplexity="0" minCyclomaticComplexity="0" maxCrapScore="0" minCrapScore="0" visitedClasses="0" numClasses="0" visitedMethods="0" numMethods="1" />
              <MetadataToken>100664753</MetadataToken>
              <Name>System.Void com.noctuagames.sdk.UI.Presenter[TModel]/DropdownNoctua::Reset()</Name>
              <FileRef uid="47" />
              <SequencePoints>
                <SequencePoint vc="0" uspid="12022" ordinal="0" offset="0" sl="302" sc="0" el="302" ec="0" bec="0" bev="0" fileid="47" />
                <SequencePoint vc="0" uspid="12023" ordinal="0" offset="16" sl="303" sc="0" el="303" ec="0" bec="0" bev="0" fileid="47" />
                <SequencePoint vc="0" uspid="12024" ordinal="0" offset="32" sl="304" sc="0" el="304" ec="0" bec="0" bev="0" fileid="47" />
                <SequencePoint vc="0" uspid="12025" ordinal="0" offset="58" sl="305" sc="0" el="305" ec="0" bec="0" bev="0" fileid="47" />
              </SequencePoints>
              <BranchPoints />
            </Method>
            <Method visited="false" cyclomaticComplexity="0" nPathComplexity="0" sequenceCoverage="0.0" branchCoverage="0" crapScore="0" isConstructor="false" isStatic="false" isGetter="false" isSetter="false">
              <Summary numSequencePoints="4" visitedSequencePoints="0" numBranchPoints="0" visitedBranchPoints="0" sequenceCoverage="0.0" branchCoverage="0" maxCyclomaticComplexity="0" minCyclomaticComplexity="0" maxCrapScore="0" minCrapScore="0" visitedClasses="0" numClasses="0" visitedMethods="0" numMethods="1" />
              <MetadataToken>100664754</MetadataToken>
              <Name>System.Void com.noctuagames.sdk.UI.Presenter[TModel]/DropdownNoctua::SetFocus(UnityEngine.Events.UnityAction)</Name>
              <FileRef uid="47" />
              <SequencePoints>
                <SequencePoint vc="0" uspid="12026" ordinal="0" offset="0" sl="309" sc="0" el="309" ec="0" bec="0" bev="0" fileid="47" />
                <SequencePoint vc="0" uspid="12027" ordinal="0" offset="7" sl="311" sc="0" el="311" ec="0" bec="0" bev="0" fileid="47" />
                <SequencePoint vc="0" uspid="12028" ordinal="0" offset="31" sl="312" sc="0" el="312" ec="0" bec="0" bev="0" fileid="47" />
                <SequencePoint vc="0" uspid="12029" ordinal="0" offset="55" sl="313" sc="0" el="313" ec="0" bec="0" bev="0" fileid="47" />
              </SequencePoints>
              <BranchPoints />
            </Method>
            <Method visited="false" cyclomaticComplexity="0" nPathComplexity="0" sequenceCoverage="0.0" branchCoverage="0" crapScore="0" isConstructor="false" isStatic="false" isGetter="false" isSetter="false">
              <Summary numSequencePoints="4" visitedSequencePoints="0" numBranchPoints="0" visitedBranchPoints="0" sequenceCoverage="0.0" branchCoverage="0" maxCyclomaticComplexity="0" minCyclomaticComplexity="0" maxCrapScore="0" minCrapScore="0" visitedClasses="0" numClasses="0" visitedMethods="0" numMethods="1" />
              <MetadataToken>100664755</MetadataToken>
              <Name>System.Void com.noctuagames.sdk.UI.Presenter[TModel]/DropdownNoctua::OnMouseDown(UnityEngine.UIElements.MouseDownEvent)</Name>
              <FileRef uid="47" />
              <SequencePoints>
                <SequencePoint vc="0" uspid="12030" ordinal="0" offset="0" sl="318" sc="0" el="318" ec="0" bec="0" bev="0" fileid="47" />
                <SequencePoint vc="0" uspid="12031" ordinal="0" offset="6" sl="320" sc="0" el="320" ec="0" bec="0" bev="0" fileid="47" />
                <SequencePoint vc="0" uspid="12032" ordinal="0" offset="22" sl="321" sc="0" el="321" ec="0" bec="0" bev="0" fileid="47" />
                <SequencePoint vc="0" uspid="12033" ordinal="0" offset="48" sl="322" sc="0" el="322" ec="0" bec="0" bev="0" fileid="47" />
              </SequencePoints>
              <BranchPoints />
            </Method>
            <Method visited="false" cyclomaticComplexity="0" nPathComplexity="0" sequenceCoverage="0.0" branchCoverage="0" crapScore="0" isConstructor="false" isStatic="false" isGetter="false" isSetter="false">
              <Summary numSequencePoints="2" visitedSequencePoints="0" numBranchPoints="0" visitedBranchPoints="0" sequenceCoverage="0.0" branchCoverage="0" maxCyclomaticComplexity="0" minCyclomaticComplexity="0" maxCrapScore="0" minCrapScore="0" visitedClasses="0" numClasses="0" visitedMethods="0" numMethods="1" />
              <MetadataToken>100664756</MetadataToken>
              <Name>System.Void com.noctuagames.sdk.UI.Presenter[TModel]/DropdownNoctua::OnFocusChange(UnityEngine.UIElements.FocusOutEvent)</Name>
              <FileRef uid="47" />
              <SequencePoints>
                <SequencePoint vc="0" uspid="12034" ordinal="0" offset="0" sl="326" sc="0" el="326" ec="0" bec="0" bev="0" fileid="47" />
                <SequencePoint vc="0" uspid="12035" ordinal="0" offset="16" sl="329" sc="0" el="329" ec="0" bec="0" bev="0" fileid="47" />
              </SequencePoints>
              <BranchPoints />
            </Method>
            <Method visited="false" cyclomaticComplexity="0" nPathComplexity="0" sequenceCoverage="0.0" branchCoverage="0" crapScore="0" isConstructor="false" isStatic="false" isGetter="false" isSetter="false">
              <Summary numSequencePoints="4" visitedSequencePoints="0" numBranchPoints="0" visitedBranchPoints="0" sequenceCoverage="0.0" branchCoverage="0" maxCyclomaticComplexity="0" minCyclomaticComplexity="0" maxCrapScore="0" minCrapScore="0" visitedClasses="0" numClasses="0" visitedMethods="0" numMethods="1" />
              <MetadataToken>100664757</MetadataToken>
              <Name>System.Void com.noctuagames.sdk.UI.Presenter[TModel]/DropdownNoctua::ToggleTitle(System.Boolean)</Name>
              <FileRef uid="47" />
              <SequencePoints>
                <SequencePoint vc="0" uspid="12036" ordinal="0" offset="0" sl="333" sc="0" el="333" ec="0" bec="0" bev="0" fileid="47" />
                <SequencePoint vc="0" uspid="12037" ordinal="0" offset="3" sl="335" sc="0" el="335" ec="0" bec="0" bev="0" fileid="47" />
                <SequencePoint vc="0" uspid="12038" ordinal="0" offset="20" sl="339" sc="0" el="339" ec="0" bec="0" bev="0" fileid="47" />
                <SequencePoint vc="0" uspid="12039" ordinal="0" offset="36" sl="341" sc="0" el="341" ec="0" bec="0" bev="0" fileid="47" />
              </SequencePoints>
              <BranchPoints />
            </Method>
            <Method visited="false" cyclomaticComplexity="0" nPathComplexity="0" sequenceCoverage="0.0" branchCoverage="0" crapScore="0" isConstructor="false" isStatic="false" isGetter="false" isSetter="false">
              <Summary numSequencePoints="5" visitedSequencePoints="0" numBranchPoints="0" visitedBranchPoints="0" sequenceCoverage="0.0" branchCoverage="0" maxCyclomaticComplexity="0" minCyclomaticComplexity="0" maxCrapScore="0" minCrapScore="0" visitedClasses="0" numClasses="0" visitedMethods="0" numMethods="1" />
              <MetadataToken>100664758</MetadataToken>
              <Name>System.Void com.noctuagames.sdk.UI.Presenter[TModel]/DropdownNoctua::Error(System.String)</Name>
              <FileRef uid="47" />
              <SequencePoints>
                <SequencePoint vc="0" uspid="12040" ordinal="0" offset="0" sl="345" sc="0" el="345" ec="0" bec="0" bev="0" fileid="47" />
                <SequencePoint vc="0" uspid="12041" ordinal="0" offset="12" sl="346" sc="0" el="346" ec="0" bec="0" bev="0" fileid="47" />
                <SequencePoint vc="0" uspid="12042" ordinal="0" offset="28" sl="347" sc="0" el="347" ec="0" bec="0" bev="0" fileid="47" />
                <SequencePoint vc="0" uspid="12043" ordinal="0" offset="44" sl="348" sc="0" el="348" ec="0" bec="0" bev="0" fileid="47" />
                <SequencePoint vc="0" uspid="12044" ordinal="0" offset="70" sl="349" sc="0" el="349" ec="0" bec="0" bev="0" fileid="47" />
              </SequencePoints>
              <BranchPoints />
            </Method>
            <Method visited="false" cyclomaticComplexity="0" nPathComplexity="0" sequenceCoverage="0.0" branchCoverage="0" crapScore="0" isConstructor="true" isStatic="false" isGetter="false" isSetter="false">
              <Summary numSequencePoints="7" visitedSequencePoints="0" numBranchPoints="0" visitedBranchPoints="0" sequenceCoverage="0.0" branchCoverage="0" maxCyclomaticComplexity="0" minCyclomaticComplexity="0" maxCrapScore="0" minCrapScore="0" visitedClasses="0" numClasses="0" visitedMethods="0" numMethods="1" />
              <MetadataToken>100664749</MetadataToken>
              <Name>com.noctuagames.sdk.UI.Presenter[TModel]/DropdownNoctua::DropdownNoctua(UnityEngine.UIElements.DropdownField)</Name>
              <FileRef uid="47" />
              <SequencePoints>
                <SequencePoint vc="0" uspid="12045" ordinal="0" offset="0" sl="271" sc="0" el="271" ec="0" bec="0" bev="0" fileid="47" />
                <SequencePoint vc="0" uspid="12046" ordinal="0" offset="6" sl="273" sc="0" el="273" ec="0" bec="0" bev="0" fileid="47" />
                <SequencePoint vc="0" uspid="12047" ordinal="0" offset="13" sl="274" sc="0" el="274" ec="0" bec="0" bev="0" fileid="47" />
                <SequencePoint vc="0" uspid="12048" ordinal="0" offset="31" sl="275" sc="0" el="275" ec="0" bec="0" bev="0" fileid="47" />
                <SequencePoint vc="0" uspid="12049" ordinal="0" offset="54" sl="276" sc="0" el="276" ec="0" bec="0" bev="0" fileid="47" />
                <SequencePoint vc="0" uspid="12050" ordinal="0" offset="77" sl="278" sc="0" el="278" ec="0" bec="0" bev="0" fileid="47" />
                <SequencePoint vc="0" uspid="12051" ordinal="0" offset="83" sl="279" sc="0" el="279" ec="0" bec="0" bev="0" fileid="47" />
              </SequencePoints>
              <BranchPoints />
            </Method>
          </Methods>
        </Class>
      </Classes>
    </Module>
  </Modules>
</CoverageSession>